#
# A fatal error has been detected by the Java Runtime Environment:
#
#  SIGSEGV (0xb) at pc=0x0000000111229f6b, pid=87782, tid=73739
#
# JRE version: Java(TM) SE Runtime Environment (16.0.2+7) (build 16.0.2+7-67)
# Java VM: Java HotSpot(TM) 64-Bit Server VM (16.0.2+7-67, mixed mode, sharing, tiered, compressed oops, compressed class ptrs, g1 gc, bsd-amd64)
# Problematic frame:
# V  [libjvm.dylib+0x9bcf6b]  _ZN16SystemDictionary30resolve_instance_class_or_nullEP6Symbol6HandleS2_P6Thread+0x18b
#
# No core dump will be written. Core dumps have been disabled. To enable core dumping, try "ulimit -c unlimited" before starting Java again
#
# If you would like to submit a bug report, please visit:
#   https://bugreport.java.com/bugreport/crash.jsp
#

---------------  S U M M A R Y ------------

Command Line: -javaagent:/Applications/IntelliJ IDEA CE.app/Contents/lib/idea_rt.jar=59277:/Applications/IntelliJ IDEA CE.app/Contents/bin -Dfile.encoding=UTF-8 --module-path=/Users/hindsuleiman/.m2/repository/org/openjfx/javafx-graphics/16/javafx-graphics-16-mac.jar:/Users/hindsuleiman/.m2/repository/org/openjfx/javafx-fxml/16/javafx-fxml-16-mac.jar:/Users/hindsuleiman/demo/ThirdDataStructureProject/target/classes:/Users/hindsuleiman/.m2/repository/org/openjfx/javafx-base/16/javafx-base-16-mac.jar:/Users/hindsuleiman/.m2/repository/org/openjfx/javafx-controls/16/javafx-controls-16-mac.jar -Djdk.module.main=com.example.thirddatastructureproject com.example.thirddatastructureproject/com.example.thirddatastructureproject.HelloApplication

Host: MacBookAir7,2 x86_64 1800 MHz, 4 cores, 8G, Darwin 21.6.0, macOS 10.16 (21G217)
Time: Mon Jan 30 13:45:42 2023 EET elapsed time: 3.581859 seconds (0d 0h 0m 3s)

---------------  T H R E A D  ---------------

Current thread (0x00007f797b98c400):  JavaThread "Glass/Prism Shutdown Hook" [_thread_in_vm, id=73739, stack(0x000070000b184000,0x000070000b284000)]

Stack: [0x000070000b184000,0x000070000b284000],  sp=0x000070000b283710,  free space=1021k
Native frames: (J=compiled Java code, A=aot compiled Java code, j=interpreted, Vv=VM code, C=native code)
V  [libjvm.dylib+0x9bcf6b]  _ZN16SystemDictionary30resolve_instance_class_or_nullEP6Symbol6HandleS2_P6Thread+0x18b
V  [libjvm.dylib+0x9bc835]  _ZN16SystemDictionary15resolve_or_failEP6Symbol6HandleS2_bP6Thread+0x75
V  [libjvm.dylib+0x33f2cb]  _ZN12ConstantPool13klass_at_implERK18constantPoolHandleibP6Thread+0x19b
V  [libjvm.dylib+0x33fca7]  _ZN12ConstantPool12klass_ref_atEiP6Thread+0x87
V  [libjvm.dylib+0x71f7ac]  _ZN8LinkInfoC2ERK18constantPoolHandleiP6Thread+0x3c
V  [libjvm.dylib+0x724bab]  _ZN12LinkResolver21resolve_invokevirtualER8CallInfo6HandleRK18constantPoolHandleiP6Thread+0x2b
V  [libjvm.dylib+0x5012d2]  _ZN18InterpreterRuntime14resolve_invokeEP10JavaThreadN9Bytecodes4CodeE+0x342
V  [libjvm.dylib+0x5019b6]  _ZN18InterpreterRuntime18resolve_from_cacheEP10JavaThreadN9Bytecodes4CodeE+0x56
j  com.sun.javafx.tk.quantum.QuantumToolkit$1.run()V+4 javafx.graphics
v  ~StubRoutines::call_stub
V  [libjvm.dylib+0x508272]  _ZN9JavaCalls11call_helperEP9JavaValueRK12methodHandleP17JavaCallArgumentsP6Thread+0x2d2
V  [libjvm.dylib+0x5072b7]  _ZN9JavaCalls12call_virtualEP9JavaValueP5KlassP6SymbolS5_P17JavaCallArgumentsP6Thread+0x147
V  [libjvm.dylib+0x507383]  _ZN9JavaCalls12call_virtualEP9JavaValue6HandleP5KlassP6SymbolS6_P6Thread+0x63
V  [libjvm.dylib+0x5b5534]  _ZL12thread_entryP10JavaThreadP6Thread+0xb4
V  [libjvm.dylib+0xa043cd]  _ZN10JavaThread17thread_main_innerEv+0xcd
V  [libjvm.dylib+0xa01d11]  _ZN6Thread8call_runEv+0x71
V  [libjvm.dylib+0x890937]  _ZL19thread_native_entryP6Thread+0x157
C  [libsystem_pthread.dylib+0x64e1]  _pthread_start+0x7d
C  [libsystem_pthread.dylib+0x1f6b]  thread_start+0xf

Java frames: (J=compiled Java code, j=interpreted, Vv=VM code)
j  com.sun.javafx.tk.quantum.QuantumToolkit$1.run()V+4 javafx.graphics
v  ~StubRoutines::call_stub

siginfo: si_signo: 11 (SIGSEGV), si_code: 1 (SEGV_MAPERR), si_addr: 0x0000000000000056

Register to memory mapping:

RAX=0x0000018000026f63 is an unknown value
RBX=0x00006000009bd8f0 points into unknown readable memory: 0x6f630028ba240016 | 16 00 24 ba 28 00 63 6f
RCX=0x0000000000000006 is an unknown value
RDX=0x0000000800000000 is pointing into metadata
RSP=0x000070000b283710 is pointing into the stack for thread: 0x00007f797b98c400
RBP=0x000070000b283840 is pointing into the stack for thread: 0x00007f797b98c400
RSI=0x000000080007f100 is a pointer to class: 
jdk.internal.loader.ClassLoaders$AppClassLoader {0x000000080007f100}
RDI=0x0000000787f1a640 is an oop: jdk.internal.loader.ClassLoaders$AppClassLoader 
{0x0000000787f1a640} - klass: 'jdk/internal/loader/ClassLoaders$AppClassLoader'
R8 =0x0000000780000000 points into unknown readable memory: 0x0000000000000000 | 00 00 00 00 00 00 00 00
R9 =0x00007f797b98c400 is a thread
R10=0x00000001115243b0: _ZN19TemplateInterpreter13_active_tableE+0x4800 in /Library/Java/JavaVirtualMachines/jdk-16.0.2.jdk/Contents/Home/lib/server/libjvm.dylib at 0x000000011086d000
R11=0x0 is NULL
R12=0xfffffffffffffffe is an unknown value
R13=0x00006000038b8d40 points into unknown readable memory: 0x0000000787f1a640 | 40 a6 f1 87 07 00 00 00
R14=0x0000000787f1a640 is an oop: jdk.internal.loader.ClassLoaders$AppClassLoader 
{0x0000000787f1a640} - klass: 'jdk/internal/loader/ClassLoaders$AppClassLoader'
R15=0x00000001114c4bdc: LogMinObjAlignmentInBytes+0 in /Library/Java/JavaVirtualMachines/jdk-16.0.2.jdk/Contents/Home/lib/server/libjvm.dylib at 0x000000011086d000


Registers:
RAX=0x0000018000026f63, RBX=0x00006000009bd8f0, RCX=0x0000000000000006, RDX=0x0000000800000000
RSP=0x000070000b283710, RBP=0x000070000b283840, RSI=0x000000080007f100, RDI=0x0000000787f1a640
R8 =0x0000000780000000, R9 =0x00007f797b98c400, R10=0x00000001115243b0, R11=0x0000000000000000
R12=0xfffffffffffffffe, R13=0x00006000038b8d40, R14=0x0000000787f1a640, R15=0x00000001114c4bdc
RIP=0x0000000111229f6b, EFLAGS=0x0000000000010207, ERR=0x0000000000000004
  TRAPNO=0x000000000000000e

Top of Stack: (sp=0x000070000b283710)
0x000070000b283710:   0000000000000000 0000000000000000
0x000070000b283720:   0000000000000000 00007f797b98c400
0x000070000b283730:   00006000012e8d40 00006000038b8d20
0x000070000b283740:   00006000038b8d50 00006000038b8e08
0x000070000b283750:   00000000000000d8 000070000b283c28
0x000070000b283760:   0000000000000000 0000000000000000
0x000070000b283770:   0000000000000000 0000000000000000
0x000070000b283780:   0000000000000000 0000000000000000
0x000070000b283790:   0000000000000000 0000000000000000
0x000070000b2837a0:   00000000000004b7 00006000023ad440
0x000070000b2837b0:   0000000000000009 00007f797b908c38
0x000070000b2837c0:   00006000038b8d48 0000000000000009
0x000070000b2837d0:   000070000b283830 00006000038b8d50
0x000070000b2837e0:   00006000038b8d50 00007f797b98c400
0x000070000b2837f0:   00000001113b5ed7 00006000009bd8f0
0x000070000b283800:   00000000023ad440 0000000000000009
0x000070000b283810:   00006000036acbe0 00006000009bd8f0
0x000070000b283820:   00006000038b8d48 00006000038b8d40
0x000070000b283830:   0000000000000001 00007f797b98c400
0x000070000b283840:   000070000b283880 0000000111229835
0x000070000b283850:   0000000111506abf 00006000009bd8f0
0x000070000b283860:   00006000038b8d48 000070000b2838f0
0x000070000b283870:   00007f797b98c400 0000000000000002
0x000070000b283880:   000070000b2838e0 0000000110bac2cb
0x000070000b283890:   00006000009bd8f0 000000000000000e
0x000070000b2838a0:   00006000038b8d40 0000000000000002
0x000070000b2838b0:   0000000e00000001 00006000007e1340
0x000070000b2838c0:   000000000000000e 00000000000000b6
0x000070000b2838d0:   00007f797b98c400 000070000b2838f0
0x000070000b2838e0:   000070000b283920 0000000110bacca7
0x000070000b2838f0:   000000012e46af98 00007f797b98c400
0x000070000b283900:   000070000b283978 00007f797b98c400 

Instructions: (pc=0x0000000111229f6b)
0x0000000111229e6b:   80 02 00 00 4c 8b 7b 18 49 83 ff f8 72 18 48 8d
0x0000000111229e7b:   15 0a 92 13 00 be 08 00 00 00 48 89 df e8 03 a9
0x0000000111229e8b:   79 ff 4c 8b 7b 18 49 8d 47 08 48 3b 43 20 76 29
0x0000000111229e9b:   be 08 00 00 00 48 89 df 31 d2 e8 16 a9 79 ff 49
0x0000000111229eab:   89 c7 4d 89 37 4d 85 ff 48 8b 5d b8 75 1b eb 6a
0x0000000111229ebb:   45 31 ff 48 8b 5d b8 eb 61 48 89 43 18 4d 89 37
0x0000000111229ecb:   4d 85 ff 48 8b 5d b8 74 51 4c 89 f7 31 f6 e8 32
0x0000000111229edb:   39 ec ff 84 c0 75 26 48 8d 3d 45 7d 19 00 48 8d
0x0000000111229eeb:   15 81 7d 19 00 48 8d 0d ba 7d 19 00 be 22 00 00
0x0000000111229efb:   00 31 c0 e8 fd 23 99 ff e8 58 36 ed ff 49 8b 3f
0x0000000111229f0b:   e8 f0 75 b5 ff 48 85 c0 4c 89 7d a0 74 27 49 89
0x0000000111229f1b:   c4 c7 45 c4 00 00 00 00 eb 2f 4c 89 7d a0 48 8d
0x0000000111229f2b:   05 50 15 2d 00 4c 8b 20 b0 01 89 45 c4 31 c0 48
0x0000000111229f3b:   89 45 98 eb 18 c7 45 c4 00 00 00 00 4c 89 ff 31
0x0000000111229f4b:   f6 e8 ef b1 92 ff 49 89 c4 4c 89 7d 98 4c 8d 3d
0x0000000111229f5b:   7d ac 29 00 41 8a 0f 80 c1 03 48 89 d8 48 d3 e8
0x0000000111229f6b:   4d 8b 6c 24 58 8b 0b 8b 53 04 c1 e2 08 0f b6 73
0x0000000111229f7b:   06 c1 e6 08 44 0f b6 73 07 41 09 f6 41 31 d6 41
0x0000000111229f8b:   31 c6 41 0f a4 ce 10 4c 89 ef 44 89 f6 48 89 da
0x0000000111229f9b:   48 8b 4d 80 e8 6c c8 9f ff 48 89 d9 48 89 c3 48
0x0000000111229fab:   85 c0 0f 85 dd 07 00 00 4c 89 65 b0 80 7d c4 00
0x0000000111229fbb:   49 89 cc 74 04 31 db eb 1e 48 8d 05 5b 9d 2d 00
0x0000000111229fcb:   b3 01 80 38 00 75 10 48 8b 45 98 48 8b 38 e8 a2
0x0000000111229fdb:   77 b5 ff 84 c0 75 de 89 5d d0 41 8a 0f 80 c1 03
0x0000000111229feb:   4c 89 e3 48 d3 eb 48 8b 0d d8 06 2f 00 41 8b 14
0x0000000111229ffb:   24 41 8b 74 24 04 c1 e6 08 41 0f b6 7c 24 06 c1
0x000000011122a00b:   e7 08 41 0f b6 44 24 07 09 f8 31 f0 31 d8 0f a4
0x000000011122a01b:   d0 10 89 45 c8 31 d2 f7 31 89 55 cc 80 7d c4 00
0x000000011122a02b:   48 8b 5d a0 74 6f 48 8b 3d 90 0a 2f 00 48 85 ff
0x000000011122a03b:   74 61 ff 15 ad 81 29 00 48 85 c0 0f 84 99 00 00
0x000000011122a04b:   00 49 89 c7 48 8b 45 a8 48 8b 98 80 02 00 00 48
0x000000011122a05b:   8b 43 18 48 83 f8 f8 72 18 48 8d 15 1f 90 13 00 


Stack slot to memory mapping:
stack at sp + 0 slots: 0x0 is NULL
stack at sp + 1 slots: 0x0 is NULL
stack at sp + 2 slots: 0x0 is NULL
stack at sp + 3 slots: 0x00007f797b98c400 is a thread
stack at sp + 4 slots: 0x00006000012e8d40 points into unknown readable memory: 0x0000000000000002 | 02 00 00 00 00 00 00 00
stack at sp + 5 slots: 0x00006000038b8d20 points into unknown readable memory: 0x0000000000000000 | 00 00 00 00 00 00 00 00
stack at sp + 6 slots: 0x00006000038b8d50 points into unknown readable memory: 0x0000000787f1a640 | 40 a6 f1 87 07 00 00 00
stack at sp + 7 slots: 0x00006000038b8e08 points into unknown readable memory: 0x0000000000000000 | 00 00 00 00 00 00 00 00


---------------  P R O C E S S  ---------------

Threads class SMR info:
_java_thread_list=0x00006000007921a0, length=18, elements={
0x00007f797c80be00, 0x00007f797c831e00, 0x00007f797c834600, 0x00007f797c83a000,
0x00007f797e015400, 0x00007f797e015a00, 0x00007f797e016000, 0x00007f797e016600,
0x00007f797c83a600, 0x00007f797e016c00, 0x00007f797e014200, 0x00007f797e014800,
0x00007f797c835a00, 0x00007f797c833800, 0x00007f797d0d4a00, 0x00007f797b98a400,
0x00007f797b972c00, 0x00007f797b98c400
}

Java Threads: ( => current thread )
  0x00007f797c80be00 JavaThread "main" [_thread_blocked, id=6403, stack(0x0000700009730000,0x0000700009830000)]
  0x00007f797c831e00 JavaThread "Reference Handler" daemon [_thread_blocked, id=14595, stack(0x0000700009e45000,0x0000700009f45000)]
  0x00007f797c834600 JavaThread "Finalizer" daemon [_thread_blocked, id=16387, stack(0x0000700009f48000,0x000070000a048000)]
  0x00007f797c83a000 JavaThread "Signal Dispatcher" daemon [_thread_blocked, id=22787, stack(0x000070000a151000,0x000070000a251000)]
  0x00007f797e015400 JavaThread "Service Thread" daemon [_thread_blocked, id=43011, stack(0x000070000a254000,0x000070000a354000)]
  0x00007f797e015a00 JavaThread "Monitor Deflation Thread" daemon [_thread_blocked, id=23299, stack(0x000070000a357000,0x000070000a457000)]
  0x00007f797e016000 JavaThread "C2 CompilerThread0" daemon [_thread_blocked, id=23555, stack(0x000070000a45a000,0x000070000a55a000)]
  0x00007f797e016600 JavaThread "C1 CompilerThread0" daemon [_thread_blocked, id=24067, stack(0x000070000a55d000,0x000070000a65d000)]
  0x00007f797c83a600 JavaThread "Sweeper thread" daemon [_thread_blocked, id=24323, stack(0x000070000a660000,0x000070000a760000)]
  0x00007f797e016c00 JavaThread "Common-Cleaner" daemon [_thread_blocked, id=24579, stack(0x000070000a763000,0x000070000a863000)]
  0x00007f797e014200 JavaThread "Monitor Ctrl-Break" daemon [_thread_in_native, id=40963, stack(0x000070000a969000,0x000070000aa69000)]
  0x00007f797e014800 JavaThread "Notification Thread" daemon [_thread_blocked, id=25091, stack(0x000070000aa6c000,0x000070000ab6c000)]
  0x00007f797c835a00 JavaThread "QuantumRenderer-0" daemon [_thread_blocked, id=25347, stack(0x000070000ac72000,0x000070000ad72000)]
  0x00007f797c833800 JavaThread "InvokeLaterDispatcher" daemon [_thread_blocked, id=34823, stack(0x000070000ad75000,0x000070000ae75000)]
  0x00007f797d0d4a00 JavaThread "Thread-1" [_thread_in_native, id=259, stack(0x00007ff7b0490000,0x00007ff7b0c90000)]
  0x00007f797b98a400 JavaThread "Attach Listener" daemon [_thread_blocked, id=77831, stack(0x000070000ae78000,0x000070000af78000)]
  0x00007f797b972c00 JavaThread "SIGINT handler" daemon [_thread_blocked, id=57607, stack(0x000070000b081000,0x000070000b181000)]
=>0x00007f797b98c400 JavaThread "Glass/Prism Shutdown Hook" [_thread_in_vm, id=73739, stack(0x000070000b184000,0x000070000b284000)]

Other Threads:
  0x00007f797c104be0 VMThread "VM Thread" [stack: 0x0000700009d42000,0x0000700009e42000] [id=14083]
  0x00007f797c00d9a0 WatcherThread [stack: 0x000070000ab6f000,0x000070000ac6f000] [id=40451]
  0x00007f797c007440 GCTaskThread "GC Thread#0" [stack: 0x0000700009833000,0x0000700009933000] [id=19971]
  0x00007f797b7056d0 ConcurrentGCThread "G1 Main Marker" [stack: 0x0000700009936000,0x0000700009a36000] [id=12547]
  0x00007f797b705fb0 ConcurrentGCThread "G1 Conc#0" [stack: 0x0000700009a39000,0x0000700009b39000] [id=19203]
  0x00007f797b710870 ConcurrentGCThread "G1 Refine#0" [stack: 0x0000700009b3c000,0x0000700009c3c000] [id=18435]
  0x00007f797b711160 ConcurrentGCThread "G1 Service" [stack: 0x0000700009c3f000,0x0000700009d3f000] [id=17923]

Threads with active compile tasks:

VM state: not at safepoint (normal execution)

VM Mutex/Monitor currently owned by a thread: None

Heap address: 0x0000000780000000, size: 2048 MB, Compressed Oops mode: Zero based, Oop shift amount: 3

CDS archive(s) mapped at: [0x0000000800000000-0x0000000800bbb000-0x0000000800bbb000), size 12300288, SharedBaseAddress: 0x0000000800000000, ArchiveRelocationMode: 0.
Compressed class space mapped at: 0x0000000800c00000-0x0000000840c00000, reserved size: 1073741824
Narrow klass base: 0x0000000800000000, Narrow klass shift: 3, Narrow klass range: 0x100000000

GC Precious Log:
 CPUs: 4 total, 4 available
 Memory: 8192M
 Large Page Support: Disabled
 NUMA Support: Disabled
 Compressed Oops: Enabled (Zero based)
 Heap Region Size: 1M
 Heap Min Capacity: 8M
 Heap Initial Capacity: 128M
 Heap Max Capacity: 2G
 Pre-touch: Disabled
 Parallel Workers: 4
 Concurrent Workers: 1
 Concurrent Refinement Workers: 4
 Periodic GC: Disabled

Heap:
 garbage-first heap   total 133120K, used 12232K [0x0000000780000000, 0x0000000800000000)
  region size 1024K, 12 young (12288K), 0 survivors (0K)
 Metaspace       used 3481K, committed 3648K, reserved 1056768K
  class space    used 365K, committed 448K, reserved 1048576K

Heap Regions: E=young(eden), S=young(survivor), O=old, HS=humongous(starts), HC=humongous(continues), CS=collection set, F=free, OA=open archive, CA=closed archive, TAMS=top-at-mark-start (previous, next)
|   0|0x0000000780000000, 0x0000000780000000, 0x0000000780100000|  0%| F|  |TAMS 0x0000000780000000, 0x0000000780000000| Untracked 
|   1|0x0000000780100000, 0x0000000780100000, 0x0000000780200000|  0%| F|  |TAMS 0x0000000780100000, 0x0000000780100000| Untracked 
|   2|0x0000000780200000, 0x0000000780200000, 0x0000000780300000|  0%| F|  |TAMS 0x0000000780200000, 0x0000000780200000| Untracked 
|   3|0x0000000780300000, 0x0000000780300000, 0x0000000780400000|  0%| F|  |TAMS 0x0000000780300000, 0x0000000780300000| Untracked 
|   4|0x0000000780400000, 0x0000000780400000, 0x0000000780500000|  0%| F|  |TAMS 0x0000000780400000, 0x0000000780400000| Untracked 
|   5|0x0000000780500000, 0x0000000780500000, 0x0000000780600000|  0%| F|  |TAMS 0x0000000780500000, 0x0000000780500000| Untracked 
|   6|0x0000000780600000, 0x0000000780600000, 0x0000000780700000|  0%| F|  |TAMS 0x0000000780600000, 0x0000000780600000| Untracked 
|   7|0x0000000780700000, 0x0000000780700000, 0x0000000780800000|  0%| F|  |TAMS 0x0000000780700000, 0x0000000780700000| Untracked 
|   8|0x0000000780800000, 0x0000000780800000, 0x0000000780900000|  0%| F|  |TAMS 0x0000000780800000, 0x0000000780800000| Untracked 
|   9|0x0000000780900000, 0x0000000780900000, 0x0000000780a00000|  0%| F|  |TAMS 0x0000000780900000, 0x0000000780900000| Untracked 
|  10|0x0000000780a00000, 0x0000000780a00000, 0x0000000780b00000|  0%| F|  |TAMS 0x0000000780a00000, 0x0000000780a00000| Untracked 
|  11|0x0000000780b00000, 0x0000000780b00000, 0x0000000780c00000|  0%| F|  |TAMS 0x0000000780b00000, 0x0000000780b00000| Untracked 
|  12|0x0000000780c00000, 0x0000000780c00000, 0x0000000780d00000|  0%| F|  |TAMS 0x0000000780c00000, 0x0000000780c00000| Untracked 
|  13|0x0000000780d00000, 0x0000000780d00000, 0x0000000780e00000|  0%| F|  |TAMS 0x0000000780d00000, 0x0000000780d00000| Untracked 
|  14|0x0000000780e00000, 0x0000000780e00000, 0x0000000780f00000|  0%| F|  |TAMS 0x0000000780e00000, 0x0000000780e00000| Untracked 
|  15|0x0000000780f00000, 0x0000000780f00000, 0x0000000781000000|  0%| F|  |TAMS 0x0000000780f00000, 0x0000000780f00000| Untracked 
|  16|0x0000000781000000, 0x0000000781000000, 0x0000000781100000|  0%| F|  |TAMS 0x0000000781000000, 0x0000000781000000| Untracked 
|  17|0x0000000781100000, 0x0000000781100000, 0x0000000781200000|  0%| F|  |TAMS 0x0000000781100000, 0x0000000781100000| Untracked 
|  18|0x0000000781200000, 0x0000000781200000, 0x0000000781300000|  0%| F|  |TAMS 0x0000000781200000, 0x0000000781200000| Untracked 
|  19|0x0000000781300000, 0x0000000781300000, 0x0000000781400000|  0%| F|  |TAMS 0x0000000781300000, 0x0000000781300000| Untracked 
|  20|0x0000000781400000, 0x0000000781400000, 0x0000000781500000|  0%| F|  |TAMS 0x0000000781400000, 0x0000000781400000| Untracked 
|  21|0x0000000781500000, 0x0000000781500000, 0x0000000781600000|  0%| F|  |TAMS 0x0000000781500000, 0x0000000781500000| Untracked 
|  22|0x0000000781600000, 0x0000000781600000, 0x0000000781700000|  0%| F|  |TAMS 0x0000000781600000, 0x0000000781600000| Untracked 
|  23|0x0000000781700000, 0x0000000781700000, 0x0000000781800000|  0%| F|  |TAMS 0x0000000781700000, 0x0000000781700000| Untracked 
|  24|0x0000000781800000, 0x0000000781800000, 0x0000000781900000|  0%| F|  |TAMS 0x0000000781800000, 0x0000000781800000| Untracked 
|  25|0x0000000781900000, 0x0000000781900000, 0x0000000781a00000|  0%| F|  |TAMS 0x0000000781900000, 0x0000000781900000| Untracked 
|  26|0x0000000781a00000, 0x0000000781a00000, 0x0000000781b00000|  0%| F|  |TAMS 0x0000000781a00000, 0x0000000781a00000| Untracked 
|  27|0x0000000781b00000, 0x0000000781b00000, 0x0000000781c00000|  0%| F|  |TAMS 0x0000000781b00000, 0x0000000781b00000| Untracked 
|  28|0x0000000781c00000, 0x0000000781c00000, 0x0000000781d00000|  0%| F|  |TAMS 0x0000000781c00000, 0x0000000781c00000| Untracked 
|  29|0x0000000781d00000, 0x0000000781d00000, 0x0000000781e00000|  0%| F|  |TAMS 0x0000000781d00000, 0x0000000781d00000| Untracked 
|  30|0x0000000781e00000, 0x0000000781e00000, 0x0000000781f00000|  0%| F|  |TAMS 0x0000000781e00000, 0x0000000781e00000| Untracked 
|  31|0x0000000781f00000, 0x0000000781f00000, 0x0000000782000000|  0%| F|  |TAMS 0x0000000781f00000, 0x0000000781f00000| Untracked 
|  32|0x0000000782000000, 0x0000000782000000, 0x0000000782100000|  0%| F|  |TAMS 0x0000000782000000, 0x0000000782000000| Untracked 
|  33|0x0000000782100000, 0x0000000782100000, 0x0000000782200000|  0%| F|  |TAMS 0x0000000782100000, 0x0000000782100000| Untracked 
|  34|0x0000000782200000, 0x0000000782200000, 0x0000000782300000|  0%| F|  |TAMS 0x0000000782200000, 0x0000000782200000| Untracked 
|  35|0x0000000782300000, 0x0000000782300000, 0x0000000782400000|  0%| F|  |TAMS 0x0000000782300000, 0x0000000782300000| Untracked 
|  36|0x0000000782400000, 0x0000000782400000, 0x0000000782500000|  0%| F|  |TAMS 0x0000000782400000, 0x0000000782400000| Untracked 
|  37|0x0000000782500000, 0x0000000782500000, 0x0000000782600000|  0%| F|  |TAMS 0x0000000782500000, 0x0000000782500000| Untracked 
|  38|0x0000000782600000, 0x0000000782600000, 0x0000000782700000|  0%| F|  |TAMS 0x0000000782600000, 0x0000000782600000| Untracked 
|  39|0x0000000782700000, 0x0000000782700000, 0x0000000782800000|  0%| F|  |TAMS 0x0000000782700000, 0x0000000782700000| Untracked 
|  40|0x0000000782800000, 0x0000000782800000, 0x0000000782900000|  0%| F|  |TAMS 0x0000000782800000, 0x0000000782800000| Untracked 
|  41|0x0000000782900000, 0x0000000782900000, 0x0000000782a00000|  0%| F|  |TAMS 0x0000000782900000, 0x0000000782900000| Untracked 
|  42|0x0000000782a00000, 0x0000000782a00000, 0x0000000782b00000|  0%| F|  |TAMS 0x0000000782a00000, 0x0000000782a00000| Untracked 
|  43|0x0000000782b00000, 0x0000000782b00000, 0x0000000782c00000|  0%| F|  |TAMS 0x0000000782b00000, 0x0000000782b00000| Untracked 
|  44|0x0000000782c00000, 0x0000000782c00000, 0x0000000782d00000|  0%| F|  |TAMS 0x0000000782c00000, 0x0000000782c00000| Untracked 
|  45|0x0000000782d00000, 0x0000000782d00000, 0x0000000782e00000|  0%| F|  |TAMS 0x0000000782d00000, 0x0000000782d00000| Untracked 
|  46|0x0000000782e00000, 0x0000000782e00000, 0x0000000782f00000|  0%| F|  |TAMS 0x0000000782e00000, 0x0000000782e00000| Untracked 
|  47|0x0000000782f00000, 0x0000000782f00000, 0x0000000783000000|  0%| F|  |TAMS 0x0000000782f00000, 0x0000000782f00000| Untracked 
|  48|0x0000000783000000, 0x0000000783000000, 0x0000000783100000|  0%| F|  |TAMS 0x0000000783000000, 0x0000000783000000| Untracked 
|  49|0x0000000783100000, 0x0000000783100000, 0x0000000783200000|  0%| F|  |TAMS 0x0000000783100000, 0x0000000783100000| Untracked 
|  50|0x0000000783200000, 0x0000000783200000, 0x0000000783300000|  0%| F|  |TAMS 0x0000000783200000, 0x0000000783200000| Untracked 
|  51|0x0000000783300000, 0x0000000783300000, 0x0000000783400000|  0%| F|  |TAMS 0x0000000783300000, 0x0000000783300000| Untracked 
|  52|0x0000000783400000, 0x0000000783400000, 0x0000000783500000|  0%| F|  |TAMS 0x0000000783400000, 0x0000000783400000| Untracked 
|  53|0x0000000783500000, 0x0000000783500000, 0x0000000783600000|  0%| F|  |TAMS 0x0000000783500000, 0x0000000783500000| Untracked 
|  54|0x0000000783600000, 0x0000000783600000, 0x0000000783700000|  0%| F|  |TAMS 0x0000000783600000, 0x0000000783600000| Untracked 
|  55|0x0000000783700000, 0x0000000783700000, 0x0000000783800000|  0%| F|  |TAMS 0x0000000783700000, 0x0000000783700000| Untracked 
|  56|0x0000000783800000, 0x0000000783800000, 0x0000000783900000|  0%| F|  |TAMS 0x0000000783800000, 0x0000000783800000| Untracked 
|  57|0x0000000783900000, 0x0000000783900000, 0x0000000783a00000|  0%| F|  |TAMS 0x0000000783900000, 0x0000000783900000| Untracked 
|  58|0x0000000783a00000, 0x0000000783a00000, 0x0000000783b00000|  0%| F|  |TAMS 0x0000000783a00000, 0x0000000783a00000| Untracked 
|  59|0x0000000783b00000, 0x0000000783b00000, 0x0000000783c00000|  0%| F|  |TAMS 0x0000000783b00000, 0x0000000783b00000| Untracked 
|  60|0x0000000783c00000, 0x0000000783c00000, 0x0000000783d00000|  0%| F|  |TAMS 0x0000000783c00000, 0x0000000783c00000| Untracked 
|  61|0x0000000783d00000, 0x0000000783d00000, 0x0000000783e00000|  0%| F|  |TAMS 0x0000000783d00000, 0x0000000783d00000| Untracked 
|  62|0x0000000783e00000, 0x0000000783e00000, 0x0000000783f00000|  0%| F|  |TAMS 0x0000000783e00000, 0x0000000783e00000| Untracked 
|  63|0x0000000783f00000, 0x0000000783f00000, 0x0000000784000000|  0%| F|  |TAMS 0x0000000783f00000, 0x0000000783f00000| Untracked 
|  64|0x0000000784000000, 0x0000000784000000, 0x0000000784100000|  0%| F|  |TAMS 0x0000000784000000, 0x0000000784000000| Untracked 
|  65|0x0000000784100000, 0x0000000784100000, 0x0000000784200000|  0%| F|  |TAMS 0x0000000784100000, 0x0000000784100000| Untracked 
|  66|0x0000000784200000, 0x0000000784200000, 0x0000000784300000|  0%| F|  |TAMS 0x0000000784200000, 0x0000000784200000| Untracked 
|  67|0x0000000784300000, 0x0000000784300000, 0x0000000784400000|  0%| F|  |TAMS 0x0000000784300000, 0x0000000784300000| Untracked 
|  68|0x0000000784400000, 0x0000000784400000, 0x0000000784500000|  0%| F|  |TAMS 0x0000000784400000, 0x0000000784400000| Untracked 
|  69|0x0000000784500000, 0x0000000784500000, 0x0000000784600000|  0%| F|  |TAMS 0x0000000784500000, 0x0000000784500000| Untracked 
|  70|0x0000000784600000, 0x0000000784600000, 0x0000000784700000|  0%| F|  |TAMS 0x0000000784600000, 0x0000000784600000| Untracked 
|  71|0x0000000784700000, 0x0000000784700000, 0x0000000784800000|  0%| F|  |TAMS 0x0000000784700000, 0x0000000784700000| Untracked 
|  72|0x0000000784800000, 0x0000000784800000, 0x0000000784900000|  0%| F|  |TAMS 0x0000000784800000, 0x0000000784800000| Untracked 
|  73|0x0000000784900000, 0x0000000784900000, 0x0000000784a00000|  0%| F|  |TAMS 0x0000000784900000, 0x0000000784900000| Untracked 
|  74|0x0000000784a00000, 0x0000000784a00000, 0x0000000784b00000|  0%| F|  |TAMS 0x0000000784a00000, 0x0000000784a00000| Untracked 
|  75|0x0000000784b00000, 0x0000000784b00000, 0x0000000784c00000|  0%| F|  |TAMS 0x0000000784b00000, 0x0000000784b00000| Untracked 
|  76|0x0000000784c00000, 0x0000000784c00000, 0x0000000784d00000|  0%| F|  |TAMS 0x0000000784c00000, 0x0000000784c00000| Untracked 
|  77|0x0000000784d00000, 0x0000000784d00000, 0x0000000784e00000|  0%| F|  |TAMS 0x0000000784d00000, 0x0000000784d00000| Untracked 
|  78|0x0000000784e00000, 0x0000000784e00000, 0x0000000784f00000|  0%| F|  |TAMS 0x0000000784e00000, 0x0000000784e00000| Untracked 
|  79|0x0000000784f00000, 0x0000000784f00000, 0x0000000785000000|  0%| F|  |TAMS 0x0000000784f00000, 0x0000000784f00000| Untracked 
|  80|0x0000000785000000, 0x0000000785000000, 0x0000000785100000|  0%| F|  |TAMS 0x0000000785000000, 0x0000000785000000| Untracked 
|  81|0x0000000785100000, 0x0000000785100000, 0x0000000785200000|  0%| F|  |TAMS 0x0000000785100000, 0x0000000785100000| Untracked 
|  82|0x0000000785200000, 0x0000000785200000, 0x0000000785300000|  0%| F|  |TAMS 0x0000000785200000, 0x0000000785200000| Untracked 
|  83|0x0000000785300000, 0x0000000785300000, 0x0000000785400000|  0%| F|  |TAMS 0x0000000785300000, 0x0000000785300000| Untracked 
|  84|0x0000000785400000, 0x0000000785400000, 0x0000000785500000|  0%| F|  |TAMS 0x0000000785400000, 0x0000000785400000| Untracked 
|  85|0x0000000785500000, 0x0000000785500000, 0x0000000785600000|  0%| F|  |TAMS 0x0000000785500000, 0x0000000785500000| Untracked 
|  86|0x0000000785600000, 0x0000000785600000, 0x0000000785700000|  0%| F|  |TAMS 0x0000000785600000, 0x0000000785600000| Untracked 
|  87|0x0000000785700000, 0x0000000785700000, 0x0000000785800000|  0%| F|  |TAMS 0x0000000785700000, 0x0000000785700000| Untracked 
|  88|0x0000000785800000, 0x0000000785800000, 0x0000000785900000|  0%| F|  |TAMS 0x0000000785800000, 0x0000000785800000| Untracked 
|  89|0x0000000785900000, 0x0000000785900000, 0x0000000785a00000|  0%| F|  |TAMS 0x0000000785900000, 0x0000000785900000| Untracked 
|  90|0x0000000785a00000, 0x0000000785a00000, 0x0000000785b00000|  0%| F|  |TAMS 0x0000000785a00000, 0x0000000785a00000| Untracked 
|  91|0x0000000785b00000, 0x0000000785b00000, 0x0000000785c00000|  0%| F|  |TAMS 0x0000000785b00000, 0x0000000785b00000| Untracked 
|  92|0x0000000785c00000, 0x0000000785c00000, 0x0000000785d00000|  0%| F|  |TAMS 0x0000000785c00000, 0x0000000785c00000| Untracked 
|  93|0x0000000785d00000, 0x0000000785d00000, 0x0000000785e00000|  0%| F|  |TAMS 0x0000000785d00000, 0x0000000785d00000| Untracked 
|  94|0x0000000785e00000, 0x0000000785e00000, 0x0000000785f00000|  0%| F|  |TAMS 0x0000000785e00000, 0x0000000785e00000| Untracked 
|  95|0x0000000785f00000, 0x0000000785f00000, 0x0000000786000000|  0%| F|  |TAMS 0x0000000785f00000, 0x0000000785f00000| Untracked 
|  96|0x0000000786000000, 0x0000000786000000, 0x0000000786100000|  0%| F|  |TAMS 0x0000000786000000, 0x0000000786000000| Untracked 
|  97|0x0000000786100000, 0x0000000786100000, 0x0000000786200000|  0%| F|  |TAMS 0x0000000786100000, 0x0000000786100000| Untracked 
|  98|0x0000000786200000, 0x0000000786200000, 0x0000000786300000|  0%| F|  |TAMS 0x0000000786200000, 0x0000000786200000| Untracked 
|  99|0x0000000786300000, 0x0000000786300000, 0x0000000786400000|  0%| F|  |TAMS 0x0000000786300000, 0x0000000786300000| Untracked 
| 100|0x0000000786400000, 0x0000000786400000, 0x0000000786500000|  0%| F|  |TAMS 0x0000000786400000, 0x0000000786400000| Untracked 
| 101|0x0000000786500000, 0x0000000786500000, 0x0000000786600000|  0%| F|  |TAMS 0x0000000786500000, 0x0000000786500000| Untracked 
| 102|0x0000000786600000, 0x0000000786600000, 0x0000000786700000|  0%| F|  |TAMS 0x0000000786600000, 0x0000000786600000| Untracked 
| 103|0x0000000786700000, 0x0000000786700000, 0x0000000786800000|  0%| F|  |TAMS 0x0000000786700000, 0x0000000786700000| Untracked 
| 104|0x0000000786800000, 0x0000000786800000, 0x0000000786900000|  0%| F|  |TAMS 0x0000000786800000, 0x0000000786800000| Untracked 
| 105|0x0000000786900000, 0x0000000786900000, 0x0000000786a00000|  0%| F|  |TAMS 0x0000000786900000, 0x0000000786900000| Untracked 
| 106|0x0000000786a00000, 0x0000000786a00000, 0x0000000786b00000|  0%| F|  |TAMS 0x0000000786a00000, 0x0000000786a00000| Untracked 
| 107|0x0000000786b00000, 0x0000000786b00000, 0x0000000786c00000|  0%| F|  |TAMS 0x0000000786b00000, 0x0000000786b00000| Untracked 
| 108|0x0000000786c00000, 0x0000000786c00000, 0x0000000786d00000|  0%| F|  |TAMS 0x0000000786c00000, 0x0000000786c00000| Untracked 
| 109|0x0000000786d00000, 0x0000000786d00000, 0x0000000786e00000|  0%| F|  |TAMS 0x0000000786d00000, 0x0000000786d00000| Untracked 
| 110|0x0000000786e00000, 0x0000000786e00000, 0x0000000786f00000|  0%| F|  |TAMS 0x0000000786e00000, 0x0000000786e00000| Untracked 
| 111|0x0000000786f00000, 0x0000000786f00000, 0x0000000787000000|  0%| F|  |TAMS 0x0000000786f00000, 0x0000000786f00000| Untracked 
| 112|0x0000000787000000, 0x0000000787000000, 0x0000000787100000|  0%| F|  |TAMS 0x0000000787000000, 0x0000000787000000| Untracked 
| 113|0x0000000787100000, 0x0000000787100000, 0x0000000787200000|  0%| F|  |TAMS 0x0000000787100000, 0x0000000787100000| Untracked 
| 114|0x0000000787200000, 0x0000000787200000, 0x0000000787300000|  0%| F|  |TAMS 0x0000000787200000, 0x0000000787200000| Untracked 
| 115|0x0000000787300000, 0x0000000787300000, 0x0000000787400000|  0%| F|  |TAMS 0x0000000787300000, 0x0000000787300000| Untracked 
| 116|0x0000000787400000, 0x00000007874c8328, 0x0000000787500000| 78%| E|  |TAMS 0x0000000787400000, 0x0000000787400000| Complete 
| 117|0x0000000787500000, 0x0000000787600000, 0x0000000787600000|100%| E|CS|TAMS 0x0000000787500000, 0x0000000787500000| Complete 
| 118|0x0000000787600000, 0x0000000787700000, 0x0000000787700000|100%| E|CS|TAMS 0x0000000787600000, 0x0000000787600000| Complete 
| 119|0x0000000787700000, 0x0000000787800000, 0x0000000787800000|100%| E|CS|TAMS 0x0000000787700000, 0x0000000787700000| Complete 
| 120|0x0000000787800000, 0x0000000787900000, 0x0000000787900000|100%| E|CS|TAMS 0x0000000787800000, 0x0000000787800000| Complete 
| 121|0x0000000787900000, 0x0000000787a00000, 0x0000000787a00000|100%| E|CS|TAMS 0x0000000787900000, 0x0000000787900000| Complete 
| 122|0x0000000787a00000, 0x0000000787b00000, 0x0000000787b00000|100%| E|CS|TAMS 0x0000000787a00000, 0x0000000787a00000| Complete 
| 123|0x0000000787b00000, 0x0000000787c00000, 0x0000000787c00000|100%| E|CS|TAMS 0x0000000787b00000, 0x0000000787b00000| Complete 
| 124|0x0000000787c00000, 0x0000000787d00000, 0x0000000787d00000|100%| E|CS|TAMS 0x0000000787c00000, 0x0000000787c00000| Complete 
| 125|0x0000000787d00000, 0x0000000787e00000, 0x0000000787e00000|100%| E|CS|TAMS 0x0000000787d00000, 0x0000000787d00000| Complete 
| 126|0x0000000787e00000, 0x0000000787f00000, 0x0000000787f00000|100%| E|CS|TAMS 0x0000000787e00000, 0x0000000787e00000| Complete 
| 127|0x0000000787f00000, 0x0000000788000000, 0x0000000788000000|100%| E|CS|TAMS 0x0000000787f00000, 0x0000000787f00000| Complete 
|1022|0x00000007bfe00000, 0x00000007bfe75000, 0x00000007bff00000| 45%|OA|  |TAMS 0x00000007bfe00000, 0x00000007bfe00000| Untracked 
|1023|0x00000007bff00000, 0x00000007bff7d000, 0x00000007c0000000| 48%|CA|  |TAMS 0x00000007bff00000, 0x00000007bff00000| Untracked 

Card table byte_map: [0x000000010fc4a000,0x000000011004a000] _byte_map_base: 0x000000010c04a000

Marking Bits (Prev, Next): (CMBitMap*) 0x00007f797b80b810, (CMBitMap*) 0x00007f797b80b850
 Prev Bits: [0x0000000127f1b000, 0x0000000129f1b000)
 Next Bits: [0x0000000129f1b000, 0x000000012bf1b000)

Polling page: 0x000000010f3ab000

Metaspace:

Usage:
  Non-class:      3.04 MB used.
      Class:    365.78 KB used.
       Both:      3.40 MB used.

Virtual space:
  Non-class space:        8.00 MB reserved,       3.12 MB ( 39%) committed,  1 nodes.
      Class space:        1.00 GB reserved,     448.00 KB ( <1%) committed,  1 nodes.
              Both:        1.01 GB reserved,       3.56 MB ( <1%) committed. 

Chunk freelists:
   Non-Class:  2.84 MB
       Class:  3.54 MB
        Both:  6.38 MB

MaxMetaspaceSize: 17179869184.00 GB
CompressedClassSpaceSize: 1.00 GB
 - commit_granule_bytes: 65536.
 - commit_granule_words: 8192.
 - virtual_space_node_default_size: 1048576.
 - enlarge_chunks_in_place: 1.
 - new_chunks_are_fully_committed: 0.
 - uncommit_free_chunks: 1.
 - use_allocation_guard: 0.
 - handle_deallocations: 1.


Internal statistics:

num_allocs_failed_limit: 0.
num_arena_births: 78.
num_arena_deaths: 0.
num_vsnodes_births: 2.
num_vsnodes_deaths: 0.
num_space_committed: 57.
num_space_uncommitted: 0.
num_chunks_returned_to_freelist: 0.
num_chunks_taken_from_freelist: 157.
num_chunk_merges: 0.
num_chunk_splits: 100.
num_chunks_enlarged: 67.
num_purges: 0.

CodeHeap 'non-profiled nmethods': size=120032Kb used=225Kb max_used=225Kb free=119806Kb
 bounds [0x00000001209e3000, 0x0000000120c53000, 0x0000000127f1b000]
CodeHeap 'profiled nmethods': size=120028Kb used=983Kb max_used=983Kb free=119044Kb
 bounds [0x00000001194ac000, 0x000000011971c000, 0x00000001209e3000]
CodeHeap 'non-nmethods': size=5700Kb used=1193Kb max_used=1210Kb free=4507Kb
 bounds [0x0000000118f1b000, 0x000000011918b000, 0x00000001194ac000]
 total_blobs=1184 nmethods=689 adapters=409
 compilation: enabled
              stopped_count=0, restarted_count=0
 full_count=0

Compilation events (20 events):
Event: 1.198 Thread 0x00007f797e016600 nmethod 682 0x000000011959d890 code [0x000000011959da40, 0x000000011959dd30]
Event: 1.198 Thread 0x00007f797e016600  683       3       java.util.LinkedHashMap::linkNodeLast (33 bytes)
Event: 1.199 Thread 0x00007f797e016600 nmethod 683 0x000000011959de10 code [0x000000011959dfc0, 0x000000011959e2f0]
Event: 1.199 Thread 0x00007f797e016600  684       3       java.util.LinkedHashMap::afterNodeInsertion (40 bytes)
Event: 1.199 Thread 0x00007f797e016600 nmethod 684 0x000000011959e410 code [0x000000011959e5c0, 0x000000011959e7b0]
Event: 1.199 Thread 0x00007f797e016600  679       3       java.util.HashMap::<init> (98 bytes)
Event: 1.200 Thread 0x00007f797e016600 nmethod 679 0x000000011959e890 code [0x000000011959ebc0, 0x000000011959fcb0]
Event: 1.203 Thread 0x00007f797e016600  685       3       java.lang.reflect.Executable::<init> (5 bytes)
Event: 1.203 Thread 0x00007f797e016600 nmethod 685 0x00000001195a0290 code [0x00000001195a0440, 0x00000001195a05f0]
Event: 1.203 Thread 0x00007f797e016600  686       3       java.lang.reflect.AccessibleObject::<init> (5 bytes)
Event: 1.203 Thread 0x00007f797e016600 nmethod 686 0x00000001195a0710 code [0x00000001195a08c0, 0x00000001195a0a10]
Event: 1.207 Thread 0x00007f797e016600  688       3       java.util.Properties::getProperty (50 bytes)
Event: 1.208 Thread 0x00007f797e016600 nmethod 688 0x00000001195a0b10 code [0x00000001195a0ce0, 0x00000001195a1210]
Event: 1.208 Thread 0x00007f797e016600  687       3       java.util.concurrent.ConcurrentHashMap$Node::<init> (14 bytes)
Event: 1.208 Thread 0x00007f797e016600 nmethod 687 0x00000001195a1390 code [0x00000001195a1540, 0x00000001195a1830]
Event: 1.208 Thread 0x00007f797e016600  689       3       java.lang.StringLatin1::inflate (34 bytes)
Event: 1.208 Thread 0x00007f797e016600 nmethod 689 0x00000001195a1910 code [0x00000001195a1ac0, 0x00000001195a1cb0]
Event: 1.235 Thread 0x00007f797e016000 nmethod 674 0x0000000120a19b10 code [0x0000000120a19d20, 0x0000000120a1ab58]
Event: 1.235 Thread 0x00007f797e016000  677       4       java.lang.String::indexOf (7 bytes)
Event: 1.240 Thread 0x00007f797e016000 nmethod 677 0x0000000120a1b290 code [0x0000000120a1b420, 0x0000000120a1b5b8]

GC Heap History (0 events):
No events

Deoptimization events (20 events):
Event: 0.248 Thread 0x00007f797c80be00 DEOPT PACKING pc=0x00000001209f60e4 sp=0x000070000982f300
Event: 0.248 Thread 0x00007f797c80be00 DEOPT UNPACKING pc=0x0000000118f68424 sp=0x000070000982f260 mode 2
Event: 0.248 Thread 0x00007f797c80be00 Uncommon trap: trap_request=0xffffff45 fr.pc=0x00000001209f2c68 relative=0x0000000000000348
Event: 0.248 Thread 0x00007f797c80be00 Uncommon trap: reason=unstable_if action=reinterpret pc=0x00000001209f2c68 method=java.lang.StringLatin1.newString([BII)Ljava/lang/String; @ 1 c2
Event: 0.248 Thread 0x00007f797c80be00 DEOPT PACKING pc=0x00000001209f2c68 sp=0x000070000982f280
Event: 0.248 Thread 0x00007f797c80be00 DEOPT UNPACKING pc=0x0000000118f68424 sp=0x000070000982f260 mode 2
Event: 0.268 Thread 0x00007f797c80be00 Uncommon trap: trap_request=0xfffffff4 fr.pc=0x00000001209f20c8 relative=0x00000000000001a8
Event: 0.268 Thread 0x00007f797c80be00 Uncommon trap: reason=null_check action=make_not_entrant pc=0x00000001209f20c8 method=java.lang.String.equals(Ljava/lang/Object;)Z @ 8 c2
Event: 0.268 Thread 0x00007f797c80be00 DEOPT PACKING pc=0x00000001209f20c8 sp=0x000070000982e630
Event: 0.268 Thread 0x00007f797c80be00 DEOPT UNPACKING pc=0x0000000118f68424 sp=0x000070000982e5f8 mode 2
Event: 0.385 Thread 0x00007f797c80be00 DEOPT PACKING pc=0x00000001194f564a sp=0x000070000982aab0
Event: 0.385 Thread 0x00007f797c80be00 DEOPT UNPACKING pc=0x0000000118f68bba sp=0x0000700009829f20 mode 0
Event: 0.453 Thread 0x00007f797c835a00 Uncommon trap: trap_request=0xffffff45 fr.pc=0x00000001209f3f9c relative=0x000000000000065c
Event: 0.453 Thread 0x00007f797c835a00 Uncommon trap: reason=unstable_if action=reinterpret pc=0x00000001209f3f9c method=jdk.internal.module.Checks.isJavaIdentifier(Ljava/lang/String;)Z @ 4 c2
Event: 0.453 Thread 0x00007f797c835a00 DEOPT PACKING pc=0x00000001209f3f9c sp=0x000070000ad70d80
Event: 0.453 Thread 0x00007f797c835a00 DEOPT UNPACKING pc=0x0000000118f68424 sp=0x000070000ad70d40 mode 2
Event: 0.474 Thread 0x00007f797c835a00 Uncommon trap: trap_request=0xffffff45 fr.pc=0x00000001209f82a4 relative=0x0000000000000d84
Event: 0.474 Thread 0x00007f797c835a00 Uncommon trap: reason=unstable_if action=reinterpret pc=0x00000001209f82a4 method=java.util.HashMap.putVal(ILjava/lang/Object;Ljava/lang/Object;ZZ)Ljava/lang/Object; @ 193 c2
Event: 0.474 Thread 0x00007f797c835a00 DEOPT PACKING pc=0x00000001209f82a4 sp=0x000070000ad709c0
Event: 0.474 Thread 0x00007f797c835a00 DEOPT UNPACKING pc=0x0000000118f68424 sp=0x000070000ad70960 mode 2

Classes unloaded (0 events):
No events

Classes redefined (0 events):
No events

Internal exceptions (12 events):
Event: 0.160 Thread 0x00007f797c80be00 Exception <a 'java/lang/NoSuchMethodError'{0x0000000787e7b1f0}: 'void java.lang.invoke.DirectMethodHandle$Holder.invokeVirtual(java.lang.Object, java.lang.Object)'> (0x0000000787e7b1f0) 
thrown [./open/src/hotspot/share/interpreter/linkResolver.cpp, line 790]
Event: 0.268 Thread 0x00007f797c80be00 Implicit null exception at 0x00000001209f1f55 to 0x00000001209f20b8
Event: 0.300 Thread 0x00007f797e014200 Exception <a 'java/lang/NoSuchMethodError'{0x0000000787cce930}: 'java.lang.Object java.lang.invoke.DirectMethodHandle$Holder.invokeStatic(java.lang.Object)'> (0x0000000787cce930) 
thrown [./open/src/hotspot/share/interpreter/linkResolver.cpp, line 790]
Event: 0.301 Thread 0x00007f797e014200 Exception <a 'java/lang/NoSuchMethodError'{0x0000000787cd2038}: 'java.lang.Object java.lang.invoke.DirectMethodHandle$Holder.invokeStaticInit(java.lang.Object)'> (0x0000000787cd2038) 
thrown [./open/src/hotspot/share/interpreter/linkResolver.cpp, line 790]
Event: 0.305 Thread 0x00007f797e014200 Exception <a 'java/lang/ClassNotFoundException'{0x0000000787cdcf60}: jdk/net/ExtendedSocketOptions> (0x0000000787cdcf60) 
thrown [./open/src/hotspot/share/classfile/systemDictionary.cpp, line 256]
Event: 0.308 Thread 0x00007f797e014200 Exception <a 'java/lang/NoSuchMethodError'{0x0000000787cde7c0}: 'void java.lang.invoke.DirectMethodHandle$Holder.invokeStatic(java.lang.Object, java.lang.Object)'> (0x0000000787cde7c0) 
thrown [./open/src/hotspot/share/interpreter/linkResolver.cpp, line 790]
Event: 0.397 Thread 0x00007f797c80be00 Exception <a 'java/lang/NoSuchMethodError'{0x0000000787819068}: 'void java.lang.invoke.DirectMethodHandle$Holder.invokeSpecial(java.lang.Object, java.lang.Object, java.lang.Object)'> (0x0000000787819068) 
thrown [./open/src/hotspot/share/interpreter/linkResolver.cpp, line 790]
Event: 0.416 Thread 0x00007f797c80be00 Exception <a 'java/lang/NoSuchMethodError'{0x00000007878561b8}: 'void java.lang.invoke.DirectMethodHandle$Holder.invokeStatic(java.lang.Object, java.lang.Object, java.lang.Object)'> (0x00000007878561b8) 
thrown [./open/src/hotspot/share/interpreter/linkResolver.cpp, line 790]
Event: 0.570 Thread 0x00007f797c80be00 Exception <a 'java/lang/NoSuchMethodError'{0x0000000787872e90}: 'int java.lang.invoke.DirectMethodHandle$Holder.invokeStaticInit(java.lang.Object, java.lang.Object, java.lang.Object)'> (0x0000000787872e90) 
thrown [./open/src/hotspot/share/interpreter/linkResolver.cpp, line 790]
Event: 0.881 Thread 0x00007f797d0d4a00 Exception <a 'java/lang/ClassCastException'{0x000000078750b5d0}> (0x000000078750b5d0) 
thrown [./open/src/hotspot/share/runtime/sharedRuntime.cpp, line 624]
Event: 0.881 Thread 0x00007f797d0d4a00 Exception <a 'java/lang/BootstrapMethodError'{0x000000078750b8a0}> (0x000000078750b8a0) 
thrown [./open/src/hotspot/share/utilities/exceptions.cpp, line 454]
Event: 0.883 Thread 0x00007f797d0d4a00 Exception <a 'java/lang/BootstrapMethodError'{0x000000078750b8a0}> (0x000000078750b8a0) 
thrown [./open/src/hotspot/share/oops/instanceKlass.cpp, line 1197]

Events (20 events):
Event: 1.191 loading class sun/util/resources/OpenListResourceBundle
Event: 1.191 loading class sun/util/resources/OpenListResourceBundle done
Event: 1.191 loading class sun/util/resources/TimeZoneNamesBundle done
Event: 1.191 loading class sun/util/resources/cldr/TimeZoneNames done
Event: 1.193 loading class sun/util/resources/cldr/TimeZoneNames_en
Event: 1.193 loading class sun/util/resources/cldr/TimeZoneNames_en done
Event: 1.194 loading class sun/util/resources/cldr/TimeZoneNames_en_US
Event: 1.194 loading class sun/util/resources/cldr/TimeZoneNames_en_US done
Event: 1.200 loading class sun/util/resources/TimeZoneNames
Event: 1.201 loading class sun/util/resources/TimeZoneNames done
Event: 1.202 loading class sun/util/resources/TimeZoneNames_en
Event: 1.202 loading class sun/util/resources/TimeZoneNames_en done
Event: 2.015 Executing  VM operation: Cleanup
Event: 2.015 Executing  VM operation: Cleanup done
Event: 3.576 loading class jdk/internal/misc/Signal$1
Event: 3.576 loading class jdk/internal/misc/Signal$1 done
Event: 3.576 Thread 0x00007f797b972c00 Thread added: 0x00007f797b972c00
Event: 3.576 Protecting memory [0x000070000b081000,0x000070000b085000] with protection modes 0
Event: 3.576 Thread 0x00007f797b98c400 Thread added: 0x00007f797b98c400
Event: 3.577 Protecting memory [0x000070000b184000,0x000070000b188000] with protection modes 0


Dynamic libraries:
0x000000010f38d000 	/Library/Java/JavaVirtualMachines/jdk-16.0.2.jdk/Contents/Home/lib/libjli.dylib
0x00007ff826b71000 	/usr/lib/libz.1.dylib
0x00007ff826c51000 	/usr/lib/libSystem.B.dylib
0x00007ff826c4c000 	/usr/lib/system/libcache.dylib
0x00007ff826c08000 	/usr/lib/system/libcommonCrypto.dylib
0x00007ff826c31000 	/usr/lib/system/libcompiler_rt.dylib
0x00007ff826c27000 	/usr/lib/system/libcopyfile.dylib
0x00007ff81bbdf000 	/usr/lib/system/libcorecrypto.dylib
0x00007ff81bc9d000 	/usr/lib/system/libdispatch.dylib
0x00007ff81be5d000 	/usr/lib/system/libdyld.dylib
0x00007ff826c43000 	/usr/lib/system/libkeymgr.dylib
0x00007ff826be6000 	/usr/lib/system/libmacho.dylib
0x00007ff826267000 	/usr/lib/system/libquarantine.dylib
0x00007ff826c41000 	/usr/lib/system/libremovefile.dylib
0x00007ff820df2000 	/usr/lib/system/libsystem_asl.dylib
0x00007ff81bb88000 	/usr/lib/system/libsystem_blocks.dylib
0x00007ff81bd21000 	/usr/lib/system/libsystem_c.dylib
0x00007ff826c39000 	/usr/lib/system/libsystem_collections.dylib
0x00007ff82551b000 	/usr/lib/system/libsystem_configuration.dylib
0x00007ff8247c4000 	/usr/lib/system/libsystem_containermanager.dylib
0x00007ff82691e000 	/usr/lib/system/libsystem_coreservices.dylib
0x00007ff81e493000 	/usr/lib/system/libsystem_darwin.dylib
0x00007ff826c44000 	/usr/lib/system/libsystem_dnssd.dylib
0x00007ff81bd1e000 	/usr/lib/system/libsystem_featureflags.dylib
0x00007ff81be73000 	/usr/lib/system/libsystem_info.dylib
0x00007ff826b84000 	/usr/lib/system/libsystem_m.dylib
0x00007ff81bc71000 	/usr/lib/system/libsystem_malloc.dylib
0x00007ff820d8d000 	/usr/lib/system/libsystem_networkextension.dylib
0x00007ff81e8b9000 	/usr/lib/system/libsystem_notify.dylib
0x00007ff82cec1000 	/usr/lib/system/libsystem_product_info_filter.dylib
0x00007ff82551f000 	/usr/lib/system/libsystem_sandbox.dylib
0x00007ff826c3e000 	/usr/lib/system/libsystem_secinit.dylib
0x00007ff81be19000 	/usr/lib/system/libsystem_kernel.dylib
0x00007ff81be69000 	/usr/lib/system/libsystem_platform.dylib
0x00007ff81be51000 	/usr/lib/system/libsystem_pthread.dylib
0x00007ff822640000 	/usr/lib/system/libsystem_symptoms.dylib
0x00007ff81bbc6000 	/usr/lib/system/libsystem_trace.dylib
0x00007ff826c14000 	/usr/lib/system/libunwind.dylib
0x00007ff81bb8a000 	/usr/lib/system/libxpc.dylib
0x00007ff81be03000 	/usr/lib/libc++abi.dylib
0x00007ff81bce4000 	/usr/lib/libobjc.A.dylib
0x00007ff826c1f000 	/usr/lib/liboah.dylib
0x00007ff81bdaa000 	/usr/lib/libc++.1.dylib
0x00007ff832cc3000 	/System/Library/Frameworks/Cocoa.framework/Versions/A/Cocoa
0x00007ff81e917000 	/System/Library/Frameworks/AppKit.framework/Versions/C/AppKit
0x00007ff821e2e000 	/System/Library/Frameworks/CoreData.framework/Versions/A/CoreData
0x00007ff81cd1a000 	/System/Library/Frameworks/Foundation.framework/Versions/C/Foundation
0x00007ff81f7a7000 	/System/Library/PrivateFrameworks/UIFoundation.framework/Versions/A/UIFoundation
0x00007ff82cbc4000 	/System/Library/PrivateFrameworks/RemoteViewServices.framework/Versions/A/RemoteViewServices
0x00007ff824ea5000 	/System/Library/PrivateFrameworks/XCTTargetBootstrap.framework/Versions/A/XCTTargetBootstrap
0x00007ff828a5a000 	/System/Library/PrivateFrameworks/InternationalSupport.framework/Versions/A/InternationalSupport
0x00007ff828ae4000 	/System/Library/PrivateFrameworks/UserActivity.framework/Versions/A/UserActivity
0x00007ff827e38000 	/usr/lib/libspindump.dylib
0x00007ff81fa36000 	/System/Library/Frameworks/UniformTypeIdentifiers.framework/Versions/A/UniformTypeIdentifiers
0x00007ff8235c9000 	/usr/lib/libapp_launch_measurement.dylib
0x00007ff822800000 	/System/Library/PrivateFrameworks/CoreAnalytics.framework/Versions/A/CoreAnalytics
0x00007ff8235cc000 	/System/Library/PrivateFrameworks/CoreAutoLayout.framework/Versions/A/CoreAutoLayout
0x00007ff8247fc000 	/System/Library/Frameworks/Metal.framework/Versions/A/Metal
0x00007ff82552b000 	/usr/lib/liblangid.dylib
0x00007ff824eaa000 	/System/Library/PrivateFrameworks/CoreSVG.framework/Versions/A/CoreSVG
0x00007ff820e22000 	/System/Library/PrivateFrameworks/SkyLight.framework/Versions/A/SkyLight
0x00007ff8211c1000 	/System/Library/Frameworks/CoreGraphics.framework/Versions/A/CoreGraphics
0x00007ff82d284000 	/System/Library/Frameworks/Accelerate.framework/Versions/A/Accelerate
0x00007ff8278b7000 	/System/Library/PrivateFrameworks/IconServices.framework/Versions/A/IconServices
0x00007ff8247e1000 	/System/Library/Frameworks/IOSurface.framework/Versions/A/IOSurface
0x00007ff82282e000 	/usr/lib/libDiagnosticMessagesClient.dylib
0x00007ff830967000 	/System/Library/Frameworks/ApplicationServices.framework/Versions/A/ApplicationServices
0x00007ff824e91000 	/System/Library/PrivateFrameworks/DFRFoundation.framework/Versions/A/DFRFoundation
0x00007ff81e1ff000 	/usr/lib/libicucore.A.dylib
0x00007ff829850000 	/System/Library/Frameworks/AudioToolbox.framework/Versions/A/AudioToolbox
0x00007ff828a66000 	/System/Library/PrivateFrameworks/DataDetectorsCore.framework/Versions/A/DataDetectorsCore
0x00007ff924f65000 	/System/Library/PrivateFrameworks/TextInput.framework/Versions/A/TextInput
0x00007ff820da5000 	/usr/lib/libMobileGestalt.dylib
0x00007ff824b9d000 	/System/Library/Frameworks/Carbon.framework/Versions/A/Frameworks/HIToolbox.framework/Versions/A/HIToolbox
0x00007ff822fcb000 	/System/Library/Frameworks/QuartzCore.framework/Versions/A/QuartzCore
0x00007ff81dea4000 	/System/Library/Frameworks/Security.framework/Versions/A/Security
0x00007ff82cbfc000 	/System/Library/Frameworks/Carbon.framework/Versions/A/Frameworks/SpeechRecognition.framework/Versions/A/SpeechRecognition
0x00007ff823329000 	/System/Library/PrivateFrameworks/CoreUI.framework/Versions/A/CoreUI
0x00007ff81d76e000 	/System/Library/Frameworks/CoreAudio.framework/Versions/A/CoreAudio
0x00007ff82291d000 	/System/Library/Frameworks/DiskArbitration.framework/Versions/A/DiskArbitration
0x00007ff828226000 	/System/Library/PrivateFrameworks/MultitouchSupport.framework/Versions/A/MultitouchSupport
0x00007ff820da4000 	/usr/lib/libenergytrace.dylib
0x00007ff81e803000 	/System/Library/Frameworks/IOKit.framework/Versions/A/IOKit
0x00007ff82cfec000 	/System/Library/Frameworks/CoreServices.framework/Versions/A/CoreServices
0x00007ff823563000 	/System/Library/PrivateFrameworks/PerformanceAnalysis.framework/Versions/A/PerformanceAnalysis
0x00007ffa34c42000 	/System/Library/Frameworks/OpenGL.framework/Versions/A/OpenGL
0x00007ff82618d000 	/System/Library/PrivateFrameworks/MobileKeyBag.framework/Versions/A/MobileKeyBag
0x00007ff82188d000 	/System/Library/Frameworks/ColorSync.framework/Versions/A/ColorSync
0x00007ff81be9e000 	/System/Library/Frameworks/CoreFoundation.framework/Versions/A/CoreFoundation
0x00007ff825121000 	/System/Library/Frameworks/CoreImage.framework/Versions/A/CoreImage
0x00007ff81d582000 	/System/Library/Frameworks/CoreText.framework/Versions/A/CoreText
0x00007ff824eda000 	/System/Library/Frameworks/ImageIO.framework/Versions/A/ImageIO
0x00007ff826c57000 	/System/Library/PrivateFrameworks/SoftLinking.framework/Versions/A/SoftLinking
0x00007ff823614000 	/usr/lib/libxml2.2.dylib
0x00007ff826edb000 	/usr/lib/libcompression.dylib
0x00007ff82898d000 	/System/Library/PrivateFrameworks/TextureIO.framework/Versions/A/TextureIO
0x00007ff8275c9000 	/usr/lib/libate.dylib
0x00007ff8273a5000 	/usr/lib/liblzma.5.dylib
0x00007ff81ca2c000 	/System/Library/Frameworks/SystemConfiguration.framework/Versions/A/SystemConfiguration
0x00007ff826c53000 	/usr/lib/libfakelink.dylib
0x00007ff8208fd000 	/System/Library/Frameworks/CFNetwork.framework/Versions/A/CFNetwork
0x00007ff826d94000 	/usr/lib/libarchive.2.dylib
0x00007ff825527000 	/System/Library/PrivateFrameworks/AppleSystemInfo.framework/Versions/A/AppleSystemInfo
0x00007ff82628e000 	/usr/lib/libbsm.0.dylib
0x00007ff81ff0c000 	/usr/lib/libnetwork.dylib
0x00007ff826bec000 	/usr/lib/system/libkxld.dylib
0x00007ff825ec1000 	/System/Library/PrivateFrameworks/IOMobileFramebuffer.framework/Versions/A/IOMobileFramebuffer
0x00007ffb34617000 	/usr/lib/libCoreEntitlements.dylib
0x00007ff826900000 	/System/Library/PrivateFrameworks/AppleFSCompression.framework/Versions/A/AppleFSCompression
0x00007ff826276000 	/usr/lib/libcoretls.dylib
0x00007ff8273bf000 	/usr/lib/libcoretls_cfhelpers.dylib
0x00007ff826ed6000 	/usr/lib/libpam.2.dylib
0x00007ff82225f000 	/usr/lib/libsqlite3.dylib
0x00007ff82742e000 	/usr/lib/libxar.1.dylib
0x00007ff826910000 	/usr/lib/libbz2.1.0.dylib
0x00007ff826c58000 	/usr/lib/libpcap.A.dylib
0x00007ff822638000 	/usr/lib/libdns_services.dylib
0x00007ff826ea6000 	/usr/lib/libapple_nghttp2.dylib
0x00007ff826c92000 	/usr/lib/libiconv.2.dylib
0x00007ff826be5000 	/usr/lib/libcharset.1.dylib
0x00007ff823597000 	/System/Library/Frameworks/CoreServices.framework/Versions/A/Frameworks/FSEvents.framework/Versions/A/FSEvents
0x00007ff81e49d000 	/System/Library/Frameworks/CoreServices.framework/Versions/A/Frameworks/CarbonCore.framework/Versions/A/CarbonCore
0x00007ff822881000 	/System/Library/Frameworks/CoreServices.framework/Versions/A/Frameworks/Metadata.framework/Versions/A/Metadata
0x00007ff826923000 	/System/Library/Frameworks/CoreServices.framework/Versions/A/Frameworks/OSServices.framework/Versions/A/OSServices
0x00007ff826e1b000 	/System/Library/Frameworks/CoreServices.framework/Versions/A/Frameworks/SearchKit.framework/Versions/A/SearchKit
0x00007ff8225ca000 	/System/Library/Frameworks/CoreServices.framework/Versions/A/Frameworks/AE.framework/Versions/A/AE
0x00007ff81c3a1000 	/System/Library/Frameworks/CoreServices.framework/Versions/A/Frameworks/LaunchServices.framework/Versions/A/LaunchServices
0x00007ff827356000 	/System/Library/Frameworks/CoreServices.framework/Versions/A/Frameworks/DictionaryServices.framework/Versions/A/DictionaryServices
0x00007ff8235a4000 	/System/Library/Frameworks/CoreServices.framework/Versions/A/Frameworks/SharedFileList.framework/Versions/A/SharedFileList
0x00007ff82626a000 	/usr/lib/libCheckFix.dylib
0x00007ff820e09000 	/System/Library/PrivateFrameworks/TCC.framework/Versions/A/TCC
0x00007ff82552d000 	/System/Library/PrivateFrameworks/CoreNLP.framework/Versions/A/CoreNLP
0x00007ff822831000 	/System/Library/PrivateFrameworks/MetadataUtilities.framework/Versions/A/MetadataUtilities
0x00007ff81cadd000 	/usr/lib/libmecabra.dylib
0x00007ff82629e000 	/usr/lib/libmecab.dylib
0x00007ff81caa8000 	/usr/lib/libCRFSuite.dylib
0x00007ff8262f8000 	/usr/lib/libgermantok.dylib
0x00007ff826e81000 	/usr/lib/libThaiTokenizer.dylib
0x00007ff822924000 	/System/Library/Frameworks/Accelerate.framework/Versions/A/Frameworks/vImage.framework/Versions/A/vImage
0x00007ff82cfc3000 	/System/Library/Frameworks/Accelerate.framework/Versions/A/Frameworks/vecLib.framework/Versions/A/vecLib
0x00007ff82746f000 	/System/Library/Frameworks/Accelerate.framework/Versions/A/Frameworks/vecLib.framework/Versions/A/libvMisc.dylib
0x00007ff825cec000 	/System/Library/Frameworks/Accelerate.framework/Versions/A/Frameworks/vecLib.framework/Versions/A/libvDSP.dylib
0x00007ff81c71c000 	/System/Library/Frameworks/Accelerate.framework/Versions/A/Frameworks/vecLib.framework/Versions/A/libBLAS.dylib
0x00007ff826fb8000 	/System/Library/Frameworks/Accelerate.framework/Versions/A/Frameworks/vecLib.framework/Versions/A/libLAPACK.dylib
0x00007ff8262fb000 	/System/Library/Frameworks/Accelerate.framework/Versions/A/Frameworks/vecLib.framework/Versions/A/libLinearAlgebra.dylib
0x00007ff826ebe000 	/System/Library/Frameworks/Accelerate.framework/Versions/A/Frameworks/vecLib.framework/Versions/A/libSparseBLAS.dylib
0x00007ff826fb2000 	/System/Library/Frameworks/Accelerate.framework/Versions/A/Frameworks/vecLib.framework/Versions/A/libQuadrature.dylib
0x00007ff825618000 	/System/Library/Frameworks/Accelerate.framework/Versions/A/Frameworks/vecLib.framework/Versions/A/libBNNS.dylib
0x00007ff81c9b6000 	/System/Library/Frameworks/Accelerate.framework/Versions/A/Frameworks/vecLib.framework/Versions/A/libSparse.dylib
0x00007ff825611000 	/System/Library/PrivateFrameworks/LinguisticData.framework/Versions/A/LinguisticData
0x00007ff81c96c000 	/System/Library/PrivateFrameworks/Lexicon.framework/Versions/A/Lexicon
0x00007ff827468000 	/usr/lib/libChineseTokenizer.dylib
0x00007ff81d0d7000 	/System/Library/PrivateFrameworks/LanguageModeling.framework/Versions/A/LanguageModeling
0x00007ff826e83000 	/System/Library/PrivateFrameworks/AppleSauce.framework/Versions/A/AppleSauce
0x00007ff825eaf000 	/System/Library/PrivateFrameworks/CoreEmoji.framework/Versions/A/CoreEmoji
0x00007ff826d83000 	/usr/lib/libcmph.dylib
0x00007ff82357b000 	/System/Library/Frameworks/OpenDirectory.framework/Versions/A/Frameworks/CFOpenDirectory.framework/Versions/A/CFOpenDirectory
0x00007ff82356f000 	/System/Library/Frameworks/OpenDirectory.framework/Versions/A/OpenDirectory
0x00007ff8273c1000 	/System/Library/PrivateFrameworks/APFS.framework/Versions/A/APFS
0x00007ff8261c5000 	/System/Library/Frameworks/SecurityFoundation.framework/Versions/A/SecurityFoundation
0x00007ff82743c000 	/usr/lib/libutil.dylib
0x00007ff81e7c7000 	/System/Library/PrivateFrameworks/CoreServicesStore.framework/Versions/A/CoreServicesStore
0x00007ff827440000 	/usr/lib/libxslt.1.dylib
0x00007ff826252000 	/System/Library/PrivateFrameworks/BackgroundTaskManagement.framework/Versions/A/BackgroundTaskManagement
0x00007ff8288ad000 	/System/Library/Frameworks/ImageIO.framework/Versions/A/Resources/libRadiance.dylib
0x00007ff8288b6000 	/System/Library/Frameworks/ImageIO.framework/Versions/A/Resources/libJPEG.dylib
0x00007ff828805000 	/System/Library/Frameworks/ImageIO.framework/Versions/A/Resources/libPng.dylib
0x00007ff828826000 	/System/Library/Frameworks/ImageIO.framework/Versions/A/Resources/libTIFF.dylib
0x00007ff828916000 	/System/Library/Frameworks/ImageIO.framework/Versions/A/Resources/libGIF.dylib
0x00007ff828140000 	/System/Library/Frameworks/ImageIO.framework/Versions/A/Resources/libJP2.dylib
0x00007ff82787e000 	/usr/lib/libexpat.1.dylib
0x00007ff8280f5000 	/System/Library/PrivateFrameworks/AppleJPEG.framework/Versions/A/AppleJPEG
0x00007ff824a61000 	/System/Library/PrivateFrameworks/FontServices.framework/libFontParser.dylib
0x00007ff822574000 	/System/Library/PrivateFrameworks/RunningBoardServices.framework/Versions/A/RunningBoardServices
0x00007ff83327e000 	/System/Library/PrivateFrameworks/IOSurfaceAccelerator.framework/Versions/A/IOSurfaceAccelerator
0x00007ff828222000 	/System/Library/PrivateFrameworks/WatchdogClient.framework/Versions/A/WatchdogClient
0x00007ff81d1c5000 	/System/Library/Frameworks/CoreDisplay.framework/Versions/A/CoreDisplay
0x00007ff82495f000 	/System/Library/Frameworks/CoreMedia.framework/Versions/A/CoreMedia
0x00007ff8247f3000 	/System/Library/PrivateFrameworks/IOAccelerator.framework/Versions/A/IOAccelerator
0x00007ff8236f8000 	/System/Library/Frameworks/CoreVideo.framework/Versions/A/CoreVideo
0x00007ff826ed4000 	/System/Library/Frameworks/MetalPerformanceShaders.framework/Versions/A/MetalPerformanceShaders
0x00007ff82825f000 	/System/Library/Frameworks/VideoToolbox.framework/Versions/A/VideoToolbox
0x00007ff8224be000 	/System/Library/PrivateFrameworks/BaseBoard.framework/Versions/A/BaseBoard
0x00007ff822245000 	/System/Library/PrivateFrameworks/ProtocolBuffer.framework/Versions/A/ProtocolBuffer
0x00007ff8288a6000 	/System/Library/PrivateFrameworks/GPUWrangler.framework/Versions/A/GPUWrangler
0x00007ff82888a000 	/System/Library/PrivateFrameworks/IOPresentment.framework/Versions/A/IOPresentment
0x00007ff8288b0000 	/System/Library/PrivateFrameworks/DSExternalDisplay.framework/Versions/A/DSExternalDisplay
0x00007ffa34c36000 	/System/Library/Frameworks/OpenGL.framework/Versions/A/Libraries/libCoreFSCache.dylib
0x00007ffb21d0e000 	/System/Library/PrivateFrameworks/GPUCompiler.framework/Versions/31001/Libraries/libGPUCompilerUtils.dylib
0x00007ff82891b000 	/System/Library/PrivateFrameworks/CMCaptureCore.framework/Versions/A/CMCaptureCore
0x00007ff827e26000 	/System/Library/PrivateFrameworks/AppServerSupport.framework/Versions/A/AppServerSupport
0x00007ff82a0e9000 	/System/Library/PrivateFrameworks/perfdata.framework/Versions/A/perfdata
0x00007ff81d2f1000 	/System/Library/PrivateFrameworks/AudioToolboxCore.framework/Versions/A/AudioToolboxCore
0x00007ff82493d000 	/System/Library/PrivateFrameworks/caulk.framework/Versions/A/caulk
0x00007ff8299fb000 	/usr/lib/libAudioStatistics.dylib
0x00007ff9216f3000 	/System/Library/PrivateFrameworks/SystemPolicy.framework/Versions/A/SystemPolicy
0x00007ff829c56000 	/usr/lib/libSMC.dylib
0x00007ff832b76000 	/System/Library/Frameworks/CoreMIDI.framework/Versions/A/CoreMIDI
0x00007ff8287d4000 	/usr/lib/libAudioToolboxUtility.dylib
0x00007ff91d91b000 	/System/Library/PrivateFrameworks/OSAServicesClient.framework/Versions/A/OSAServicesClient
0x00007ff82a0f6000 	/usr/lib/libperfcheck.dylib
0x00007ff9221a0000 	/usr/lib/libmis.dylib
0x00007ffa34c91000 	/System/Library/Frameworks/OpenGL.framework/Versions/A/Libraries/libGLU.dylib
0x00007ffa34c55000 	/System/Library/Frameworks/OpenGL.framework/Versions/A/Libraries/libGFXShared.dylib
0x00007ffa34e5e000 	/System/Library/Frameworks/OpenGL.framework/Versions/A/Libraries/libGL.dylib
0x00007ffa34c5e000 	/System/Library/Frameworks/OpenGL.framework/Versions/A/Libraries/libGLImage.dylib
0x00007ffa34c52000 	/System/Library/Frameworks/OpenGL.framework/Versions/A/Libraries/libCVMSPluginSupport.dylib
0x00007ffa34c3d000 	/System/Library/Frameworks/OpenGL.framework/Versions/A/Libraries/libCoreVMClient.dylib
0x00007ff8254a9000 	/System/Library/Frameworks/MetalPerformanceShaders.framework/Versions/A/Frameworks/MPSCore.framework/Versions/A/MPSCore
0x00007ff82686b000 	/System/Library/Frameworks/MetalPerformanceShaders.framework/Versions/A/Frameworks/MPSImage.framework/Versions/A/MPSImage
0x00007ff826311000 	/System/Library/Frameworks/MetalPerformanceShaders.framework/Versions/A/Frameworks/MPSNeuralNetwork.framework/Versions/A/MPSNeuralNetwork
0x00007ff826785000 	/System/Library/Frameworks/MetalPerformanceShaders.framework/Versions/A/Frameworks/MPSMatrix.framework/Versions/A/MPSMatrix
0x00007ff826540000 	/System/Library/Frameworks/MetalPerformanceShaders.framework/Versions/A/Frameworks/MPSRayIntersector.framework/Versions/A/MPSRayIntersector
0x00007ff8267bd000 	/System/Library/Frameworks/MetalPerformanceShaders.framework/Versions/A/Frameworks/MPSNDArray.framework/Versions/A/MPSNDArray
0x00007ffa3a716000 	/System/Library/Frameworks/MetalPerformanceShaders.framework/Versions/A/Frameworks/MPSFunctions.framework/Versions/A/MPSFunctions
0x00007ff81c5f8000 	/System/Library/PrivateFrameworks/MetalTools.framework/Versions/A/MetalTools
0x00007ff825525000 	/System/Library/PrivateFrameworks/AggregateDictionary.framework/Versions/A/AggregateDictionary
0x00007ff827660000 	/usr/lib/libIOReport.dylib
0x00007ffa3626d000 	/System/Library/Frameworks/OpenCL.framework/Versions/A/OpenCL
0x00007ff8279c4000 	/System/Library/PrivateFrameworks/FaceCore.framework/Versions/A/FaceCore
0x00007ff8279b5000 	/System/Library/PrivateFrameworks/GraphVisualizer.framework/Versions/A/GraphVisualizer
0x00007ffb21c19000 	/System/Library/PrivateFrameworks/FontServices.framework/Versions/A/FontServices
0x00007ff827dde000 	/System/Library/PrivateFrameworks/OTSVG.framework/Versions/A/OTSVG
0x00007ff8232de000 	/System/Library/Frameworks/ApplicationServices.framework/Versions/A/Frameworks/ATS.framework/Versions/A/Resources/libFontRegistry.dylib
0x00007ff827e2e000 	/System/Library/PrivateFrameworks/FontServices.framework/libhvf.dylib
0x00007ffb21c1a000 	/System/Library/PrivateFrameworks/FontServices.framework/libXTFontStaticRegistryData.dylib
0x00007ff82782e000 	/System/Library/PrivateFrameworks/AppleVA.framework/Versions/A/AppleVA
0x00007ff829a1b000 	/System/Library/Frameworks/ApplicationServices.framework/Versions/A/Frameworks/ATS.framework/Versions/A/ATS
0x00007ff82198b000 	/System/Library/Frameworks/ApplicationServices.framework/Versions/A/Frameworks/HIServices.framework/Versions/A/HIServices
0x00007ff828925000 	/System/Library/Frameworks/ApplicationServices.framework/Versions/A/Frameworks/PrintCore.framework/Versions/A/PrintCore
0x00007ff829da9000 	/System/Library/Frameworks/ApplicationServices.framework/Versions/A/Frameworks/QD.framework/Versions/A/QD
0x00007ff829da1000 	/System/Library/Frameworks/ApplicationServices.framework/Versions/A/Frameworks/ColorSyncLegacy.framework/Versions/A/ColorSyncLegacy
0x00007ff829a0b000 	/System/Library/Frameworks/ApplicationServices.framework/Versions/A/Frameworks/SpeechSynthesis.framework/Versions/A/SpeechSynthesis
0x00007ff8288e6000 	/System/Library/Frameworks/ApplicationServices.framework/Versions/A/Frameworks/ATSUI.framework/Versions/A/ATSUI
0x00007ff829d36000 	/usr/lib/libcups.2.dylib
0x00007ff82a105000 	/System/Library/Frameworks/Kerberos.framework/Versions/A/Kerberos
0x00007ff82a114000 	/System/Library/Frameworks/GSS.framework/Versions/A/GSS
0x00007ff829a87000 	/usr/lib/libresolv.9.dylib
0x00007ff827e3d000 	/System/Library/PrivateFrameworks/Heimdal.framework/Versions/A/Heimdal
0x00007ff830cf9000 	/System/Library/Frameworks/Kerberos.framework/Versions/A/Libraries/libHeimdalProxy.dylib
0x00007ff822648000 	/System/Library/Frameworks/Network.framework/Versions/A/Network
0x00007ff827898000 	/usr/lib/libheimdal-asn1.dylib
0x00007ff82a15f000 	/System/Library/PrivateFrameworks/CommonAuth.framework/Versions/A/CommonAuth
0x00007ff82998d000 	/System/Library/PrivateFrameworks/AudioSession.framework/Versions/A/AudioSession
0x00007ff827928000 	/System/Library/PrivateFrameworks/MediaExperience.framework/Versions/A/MediaExperience
0x00007ff82981f000 	/System/Library/PrivateFrameworks/AudioSession.framework/libSessionUtility.dylib
0x00007ff829db5000 	/System/Library/PrivateFrameworks/AudioResourceArbitration.framework/Versions/A/AudioResourceArbitration
0x00007ff82de36000 	/System/Library/PrivateFrameworks/PowerLog.framework/Versions/A/PowerLog
0x00007ff8278a1000 	/System/Library/PrivateFrameworks/IconFoundation.framework/Versions/A/IconFoundation
0x00007ff82cbec000 	/System/Library/PrivateFrameworks/SpeechRecognitionCore.framework/Versions/A/SpeechRecognitionCore
0x000000011086d000 	/Library/Java/JavaVirtualMachines/jdk-16.0.2.jdk/Contents/Home/lib/server/libjvm.dylib
0x000000010f3b7000 	/Library/Java/JavaVirtualMachines/jdk-16.0.2.jdk/Contents/Home/lib/libjimage.dylib
0x000000010f3d3000 	/Library/Java/JavaVirtualMachines/jdk-16.0.2.jdk/Contents/Home/lib/libinstrument.dylib
0x000000010f40e000 	/Library/Java/JavaVirtualMachines/jdk-16.0.2.jdk/Contents/Home/lib/libjava.dylib
0x000000010f694000 	/Library/Java/JavaVirtualMachines/jdk-16.0.2.jdk/Contents/Home/lib/libnio.dylib
0x000000010f6a8000 	/Library/Java/JavaVirtualMachines/jdk-16.0.2.jdk/Contents/Home/lib/libnet.dylib
0x000000010f6c2000 	/Library/Java/JavaVirtualMachines/jdk-16.0.2.jdk/Contents/Home/lib/libzip.dylib
0x000000010f6d0000 	/Users/hindsuleiman/.openjfx/cache/16/libprism_es2.dylib
0x00007ff81e789000 	/System/Library/PrivateFrameworks/CoreServicesInternal.framework/Versions/A/CoreServicesInternal
0x00007ffa34e69000 	/System/Library/Frameworks/OpenGL.framework/Versions/A/Resources/GLEngine.bundle/GLEngine
0x00007ffa34ccf000 	/System/Library/Frameworks/OpenGL.framework/Versions/A/Libraries/libGLProgrammability.dylib
0x00007ffa2d63b000 	/System/Library/Extensions/AppleIntelBDWGraphicsGLDriver.bundle/Contents/MacOS/AppleIntelBDWGraphicsGLDriver
0x00007ff92c33b000 	/System/Library/PrivateFrameworks/GPUSupport.framework/Versions/A/Libraries/libGPUSupportMercury.dylib
0x00007ffa34ff3000 	/System/Library/Frameworks/OpenGL.framework/Versions/A/Resources/GLRendererFloat.bundle/GLRendererFloat
0x000000012df79000 	/Users/hindsuleiman/.openjfx/cache/16/libglass.dylib
0x00007ff82e427000 	/System/Library/Frameworks/FileProvider.framework/Versions/A/FileProvider
0x00007ff82242b000 	/System/Library/Frameworks/Accounts.framework/Versions/A/Accounts
0x00007ff82e5a0000 	/System/Library/PrivateFrameworks/GenerationalStorage.framework/Versions/A/GenerationalStorage
0x00007ff82f0b0000 	/System/Library/PrivateFrameworks/CoreSymbolication.framework/Versions/A/CoreSymbolication
0x00007ff82de2b000 	/System/Library/PrivateFrameworks/SymptomDiagnosticReporter.framework/Versions/A/SymptomDiagnosticReporter
0x00007ff81fa4a000 	/System/Library/PrivateFrameworks/DesktopServicesPriv.framework/Versions/A/DesktopServicesPriv
0x00007ff81e8c8000 	/usr/lib/libsandbox.1.dylib
0x00007ff823777000 	/System/Library/PrivateFrameworks/UserManagement.framework/Versions/A/UserManagement
0x00007ff82f075000 	/System/Library/PrivateFrameworks/DebugSymbols.framework/Versions/A/DebugSymbols
0x00007ff829d96000 	/System/Library/PrivateFrameworks/NetAuth.framework/Versions/A/NetAuth
0x00007ff82aca5000 	/System/Library/PrivateFrameworks/Sharing.framework/Versions/A/Sharing
0x00007ff82374a000 	/System/Library/PrivateFrameworks/login.framework/Versions/A/Frameworks/loginsupport.framework/Versions/A/loginsupport
0x00007ff830213000 	/System/Library/PrivateFrameworks/Apple80211.framework/Versions/A/Apple80211
0x00007ff826950000 	/System/Library/PrivateFrameworks/AuthKit.framework/Versions/A/AuthKit
0x00007ff825fa5000 	/System/Library/PrivateFrameworks/CoreUtils.framework/Versions/A/CoreUtils
0x00007ff825ecc000 	/System/Library/Frameworks/CoreWLAN.framework/Versions/A/CoreWLAN
0x00007ff82ae04000 	/System/Library/Frameworks/IOBluetooth.framework/Versions/A/IOBluetooth
0x00007ff83027b000 	/System/Library/PrivateFrameworks/CoreWiFi.framework/Versions/A/CoreWiFi
0x00007ff82ec4a000 	/System/Library/PrivateFrameworks/FrontBoardServices.framework/Versions/A/FrontBoardServices
0x00007ff82ecdb000 	/System/Library/PrivateFrameworks/BoardServices.framework/Versions/A/BoardServices
0x00007ff8261b4000 	/System/Library/PrivateFrameworks/AssertionServices.framework/Versions/A/AssertionServices
0x00007ff8303fe000 	/System/Library/PrivateFrameworks/BackBoardServices.framework/Versions/A/BackBoardServices
0x00007ff82a1f0000 	/System/Library/PrivateFrameworks/CorePhoneNumbers.framework/Versions/A/CorePhoneNumbers
0x00007ff829ab4000 	/System/Library/PrivateFrameworks/MultiverseSupport.framework/Versions/A/MultiverseSupport
0x00007ff830672000 	/System/Library/PrivateFrameworks/RemoteServiceDiscovery.framework/Versions/A/RemoteServiceDiscovery
0x00007ff82df48000 	/System/Library/PrivateFrameworks/DiskManagement.framework/Versions/A/DiskManagement
0x00007ff82de5c000 	/System/Library/PrivateFrameworks/AppleIDAuthSupport.framework/Versions/A/AppleIDAuthSupport
0x00007ffb1c594000 	/System/Library/PrivateFrameworks/AAAFoundation.framework/Versions/A/AAAFoundation
0x00007ff82a1d1000 	/System/Library/PrivateFrameworks/KeychainCircle.framework/Versions/A/KeychainCircle
0x00007ff830682000 	/System/Library/PrivateFrameworks/RemoteXPC.framework/Versions/A/RemoteXPC
0x00007ff82df14000 	/System/Library/PrivateFrameworks/MediaKit.framework/Versions/A/MediaKit
0x00007ff82de68000 	/System/Library/Frameworks/DiscRecording.framework/Versions/A/DiscRecording
0x00007ff8277a6000 	/usr/lib/libCoreStorage.dylib
0x00007ff8306ed000 	/usr/lib/libcsfde.dylib
0x00007ff82aed1000 	/System/Library/PrivateFrameworks/ProtectedCloudStorage.framework/Versions/A/ProtectedCloudStorage
0x00007ff8306e9000 	/System/Library/PrivateFrameworks/EFILogin.framework/Versions/A/EFILogin
0x00007ff82e5c6000 	/System/Library/PrivateFrameworks/OctagonTrust.framework/Versions/A/OctagonTrust
0x00007ffb20e7c000 	/System/Library/PrivateFrameworks/CoreUtilsExtras.framework/Versions/A/CoreUtilsExtras
0x00007ff82dd8f000 	/System/Library/Frameworks/CoreBluetooth.framework/Versions/A/CoreBluetooth
0x00007ff830d7e000 	/System/Library/Frameworks/AudioUnit.framework/Versions/A/AudioUnit
0x00007ff82779e000 	/usr/lib/libMatch.1.dylib
0x00007ff9267c4000 	/System/Library/Frameworks/Accelerate.framework/Versions/A/Frameworks/vImage.framework/Versions/A/Libraries/libCGInterfaces.dylib
0x0000000131ce7000 	/usr/lib/libobjc-trampolines.dylib
0x00007ffb34706000 	/usr/lib/libRosetta.dylib
0x00007ff82346f000 	/System/Library/PrivateFrameworks/ViewBridge.framework/Versions/A/ViewBridge


VM Arguments:
jvm_args: -javaagent:/Applications/IntelliJ IDEA CE.app/Contents/lib/idea_rt.jar=59277:/Applications/IntelliJ IDEA CE.app/Contents/bin -Dfile.encoding=UTF-8 --module-path=/Users/hindsuleiman/.m2/repository/org/openjfx/javafx-graphics/16/javafx-graphics-16-mac.jar:/Users/hindsuleiman/.m2/repository/org/openjfx/javafx-fxml/16/javafx-fxml-16-mac.jar:/Users/hindsuleiman/demo/ThirdDataStructureProject/target/classes:/Users/hindsuleiman/.m2/repository/org/openjfx/javafx-base/16/javafx-base-16-mac.jar:/Users/hindsuleiman/.m2/repository/org/openjfx/javafx-controls/16/javafx-controls-16-mac.jar -Djdk.module.main=com.example.thirddatastructureproject 
java_command: com.example.thirddatastructureproject/com.example.thirddatastructureproject.HelloApplication
java_class_path (initial): /Users/hindsuleiman/.m2/repository/org/openjfx/javafx-controls/16/javafx-controls-16.jar:/Users/hindsuleiman/.m2/repository/org/openjfx/javafx-graphics/16/javafx-graphics-16.jar:/Users/hindsuleiman/.m2/repository/org/openjfx/javafx-base/16/javafx-base-16.jar:/Users/hindsuleiman/.m2/repository/org/openjfx/javafx-fxml/16/javafx-fxml-16.jar
Launcher Type: SUN_STANDARD

[Global flags]
     intx CICompilerCount                          = 3                                         {product} {ergonomic}
     uint ConcGCThreads                            = 1                                         {product} {ergonomic}
     uint G1ConcRefinementThreads                  = 4                                         {product} {ergonomic}
   size_t G1HeapRegionSize                         = 1048576                                   {product} {ergonomic}
    uintx GCDrainStackTargetSize                   = 64                                        {product} {ergonomic}
   size_t InitialHeapSize                          = 134217728                                 {product} {ergonomic}
   size_t MarkStackSize                            = 4194304                                   {product} {ergonomic}
   size_t MaxHeapSize                              = 2147483648                                {product} {ergonomic}
   size_t MaxNewSize                               = 1287651328                                {product} {ergonomic}
   size_t MinHeapDeltaBytes                        = 1048576                                   {product} {ergonomic}
   size_t MinHeapSize                              = 8388608                                   {product} {ergonomic}
    uintx NonNMethodCodeHeapSize                   = 5832780                                {pd product} {ergonomic}
    uintx NonProfiledCodeHeapSize                  = 122912730                              {pd product} {ergonomic}
    uintx ProfiledCodeHeapSize                     = 122912730                              {pd product} {ergonomic}
    uintx ReservedCodeCacheSize                    = 251658240                              {pd product} {ergonomic}
     bool SegmentedCodeCache                       = true                                      {product} {ergonomic}
   size_t SoftMaxHeapSize                          = 2147483648                             {manageable} {ergonomic}
     bool UseCompressedClassPointers               = true                           {product lp64_product} {ergonomic}
     bool UseCompressedOops                        = true                           {product lp64_product} {ergonomic}
     bool UseG1GC                                  = true                                      {product} {ergonomic}
     bool UseNUMA                                  = false                                     {product} {ergonomic}
     bool UseNUMAInterleaving                      = false                                     {product} {ergonomic}

Logging:
Log output configuration:
 #0: stdout all=warning uptime,level,tags
 #1: stderr all=off uptime,level,tags

Environment Variables:
PATH=/usr/local/bin:/usr/bin:/bin:/usr/sbin:/sbin:/Applications/VMware Fusion.app/Contents/Public
SHELL=/bin/bash
LC_CTYPE=en_US.UTF-8

Signal Handlers:
SIGSEGV: [libjvm.dylib+0xa7bdc0], sa_mask[0]=11100110000111110111111111111111, sa_flags=SA_ONSTACK|SA_RESTART|SA_SIGINFO
SIGBUS: [libjvm.dylib+0xa7bdc0], sa_mask[0]=11100110000111110111111111111111, sa_flags=SA_RESTART|SA_SIGINFO
SIGFPE: [libjvm.dylib+0xa7bdc0], sa_mask[0]=11100110000111110111111111111111, sa_flags=SA_RESTART|SA_SIGINFO
SIGPIPE: [libjvm.dylib+0x945be0], sa_mask[0]=11100110000111110111111111111111, sa_flags=SA_RESTART|SA_SIGINFO
SIGXFSZ: [libjvm.dylib+0x945be0], sa_mask[0]=11100110000111110111111111111111, sa_flags=SA_RESTART|SA_SIGINFO
SIGILL: [libjvm.dylib+0xa7bdc0], sa_mask[0]=11100110000111110111111111111111, sa_flags=SA_RESTART|SA_SIGINFO
SIGUSR2: [libjvm.dylib+0x946690], sa_mask[0]=00100000000000000000000000000000, sa_flags=SA_RESTART|SA_SIGINFO
SIGHUP: [libjvm.dylib+0x944c50], sa_mask[0]=11100110000111110111111111111111, sa_flags=SA_RESTART|SA_SIGINFO
SIGINT: [libjvm.dylib+0x944c50], sa_mask[0]=11100110000111110111111111111111, sa_flags=SA_RESTART|SA_SIGINFO
SIGTERM: [libjvm.dylib+0x944c50], sa_mask[0]=11100110000111110111111111111111, sa_flags=SA_RESTART|SA_SIGINFO
SIGQUIT: [libjvm.dylib+0x944c50], sa_mask[0]=11100110000111110111111111111111, sa_flags=SA_RESTART|SA_SIGINFO
SIGTRAP: [libjvm.dylib+0xa7bdc0], sa_mask[0]=11100110000111110111111111111111, sa_flags=SA_RESTART|SA_SIGINFO


---------------  S Y S T E M  ---------------

OS:uname: Darwin 21.6.0 Darwin Kernel Version 21.6.0: Thu Sep 29 20:12:57 PDT 2022; root:xnu-8020.240.7~1/RELEASE_X86_64 x86_64
OS uptime: 7 days 3:54 hours
rlimit (soft/hard): STACK 8192k/65532k , CORE 0k/infinity , NPROC 1392/2088 , NOFILE 10240/infinity , AS infinity/infinity , CPU infinity/infinity , DATA infinity/infinity , FSIZE infinity/infinity , MEMLOCK infinity/infinity , RSS infinity/infinity
load average: 3.43 3.39 3.48

CPU: total 4 (initial active 4) (2 cores per cpu, 2 threads per core) family 6 model 61 stepping 4 microcode 0x2f, cx8, cmov, fxsr, ht, mmx, 3dnowpref, sse, sse2, sse3, ssse3, sse4.1, sse4.2, popcnt, lzcnt, tsc, tscinvbit, avx, avx2, aes, erms, clmul, bmi1, bmi2, rtm, adx, fma, vzeroupper, clflush

Memory: 4k page, physical 8388608k(553864k free), swap 2097152k(1461760k free)

vm_info: Java HotSpot(TM) 64-Bit Server VM (16.0.2+7-67) for bsd-amd64 JRE (16.0.2+7-67), built on Jun  8 2021 22:22:46 by "mach5one" with clang 4.2.1 Compatible Apple LLVM 11.0.0 (clang-1100.0.33.17)

END.
