#
# A fatal error has been detected by the Java Runtime Environment:
#
#  SIGSEGV (0xb) at pc=0x0000000111c4af4b, pid=82500, tid=259
#
# JRE version: Java(TM) SE Runtime Environment (16.0.2+7) (build 16.0.2+7-67)
# Java VM: Java HotSpot(TM) 64-Bit Server VM (16.0.2+7-67, mixed mode, sharing, tiered, compressed oops, compressed class ptrs, g1 gc, bsd-amd64)
# Problematic frame:
# j  java.lang.invoke.Invokers$Holder.linkToTargetMethod(Ljava/lang/Object;)Ljava/lang/Object;+0 java.base@16.0.2
#
# No core dump will be written. Core dumps have been disabled. To enable core dumping, try "ulimit -c unlimited" before starting Java again
#
# If you would like to submit a bug report, please visit:
#   https://bugreport.java.com/bugreport/crash.jsp
#

---------------  S U M M A R Y ------------

Command Line: -javaagent:/Applications/IntelliJ IDEA CE.app/Contents/lib/idea_rt.jar=56179:/Applications/IntelliJ IDEA CE.app/Contents/bin -Dfile.encoding=UTF-8 --module-path=/Users/hindsuleiman/.m2/repository/org/openjfx/javafx-base/16/javafx-base-16-mac.jar:/Users/hindsuleiman/.m2/repository/org/openjfx/javafx-graphics/16/javafx-graphics-16-mac.jar:/Users/hindsuleiman/demo/ThirdDataStructureProject/target/classes:/Users/hindsuleiman/.m2/repository/org/openjfx/javafx-controls/16/javafx-controls-16-mac.jar:/Users/hindsuleiman/.m2/repository/org/openjfx/javafx-fxml/16/javafx-fxml-16-mac.jar -Djdk.module.main=com.example.thirddatastructureproject com.example.thirddatastructureproject/com.example.thirddatastructureproject.HelloApplication

Host: MacBookAir7,2 x86_64 1800 MHz, 4 cores, 8G, Darwin 21.6.0, macOS 10.16 (21G217)
Time: Sun Jan 22 01:22:23 2023 EET elapsed time: 1.000382 seconds (0d 0h 0m 1s)

---------------  T H R E A D  ---------------

Current thread (0x00007fde4b0d5c00):  JavaThread "Thread-1" [_thread_in_Java, id=259, stack(0x00007ff7bcfdd000,0x00007ff7bd7dd000)]

Stack: [0x00007ff7bcfdd000,0x00007ff7bd7dd000],  sp=0x00007ff7bd7d8708,  free space=8173k
Native frames: (J=compiled Java code, A=aot compiled Java code, j=interpreted, Vv=VM code, C=native code)
j  java.lang.invoke.Invokers$Holder.linkToTargetMethod(Ljava/lang/Object;)Ljava/lang/Object;+0 java.base@16.0.2
j  com.sun.glass.ui.Screen.<clinit>()V+4 javafx.graphics
v  ~StubRoutines::call_stub
V  [libjvm.dylib+0x508272]  _ZN9JavaCalls11call_helperEP9JavaValueRK12methodHandleP17JavaCallArgumentsP6Thread+0x2d2
V  [libjvm.dylib+0x4e68d4]  _ZN13InstanceKlass22call_class_initializerEP6Thread+0x254
V  [libjvm.dylib+0x4e6048]  _ZN13InstanceKlass15initialize_implEP6Thread+0x438
V  [libjvm.dylib+0x722413]  _ZN12LinkResolver19resolve_static_callER8CallInfoRK8LinkInfobP6Thread+0x73
V  [libjvm.dylib+0x724940]  _ZN12LinkResolver14resolve_invokeER8CallInfo6HandleRK18constantPoolHandleiN9Bytecodes4CodeEP6Thread+0x80
V  [libjvm.dylib+0x5012d2]  _ZN18InterpreterRuntime14resolve_invokeEP10JavaThreadN9Bytecodes4CodeE+0x342
V  [libjvm.dylib+0x5019b6]  _ZN18InterpreterRuntime18resolve_from_cacheEP10JavaThreadN9Bytecodes4CodeE+0x56
j  com.sun.glass.ui.Application.lambda$run$1(Ljava/lang/Runnable;)V+0 javafx.graphics
j  com.sun.glass.ui.Application$$Lambda$75+0x0000000800c2c400.run()V+4 javafx.graphics
j  com.sun.glass.ui.mac.MacApplication.lambda$runLoop$3(Ljava/lang/Runnable;)V+12 javafx.graphics
j  com.sun.glass.ui.mac.MacApplication$$Lambda$76+0x0000000800c30000.run()V+8 javafx.graphics
v  ~StubRoutines::call_stub
V  [libjvm.dylib+0x508272]  _ZN9JavaCalls11call_helperEP9JavaValueRK12methodHandleP17JavaCallArgumentsP6Thread+0x2d2
V  [libjvm.dylib+0x564c46]  _ZL20jni_invoke_nonstaticP7JNIEnv_P9JavaValueP8_jobject11JNICallTypeP10_jmethodIDP18JNI_ArgumentPusherP6Thread+0x2d6
V  [libjvm.dylib+0x56936b]  jni_CallVoidMethod+0x19b
C  [libglass.dylib+0x9282]  -[GlassApplication applicationWillFinishLaunching:]+0x192
C  [CoreFoundation+0x7575c]  __CFNOTIFICATIONCENTER_IS_CALLING_OUT_TO_AN_OBSERVER__+0xc
C  [CoreFoundation+0x112b32]  ___CFXRegistrationPost_block_invoke+0x31
C  [CoreFoundation+0x112ab0]  _CFXRegistrationPost+0x1f0
C  [CoreFoundation+0x473e8]  _CFXNotificationPost+0x2df
C  [Foundation+0x97fe]  -[NSNotificationCenter postNotificationName:object:userInfo:]+0x52
C  [AppKit+0x2ffbf]  -[NSApplication finishLaunching]+0x147
C  [AppKit+0x2fbc9]  -[NSApplication run]+0xfa
C  [libglass.dylib+0xaf60]  -[GlassApplication runLoop:]+0x750
C  [Foundation+0x81527]  __NSThreadPerformPerform+0xb3
C  [CoreFoundation+0x8017b]  __CFRUNLOOP_IS_CALLING_OUT_TO_A_SOURCE0_PERFORM_FUNCTION__+0x11
C  [CoreFoundation+0x800e3]  __CFRunLoopDoSource0+0xb4
C  [CoreFoundation+0x7fe5d]  __CFRunLoopDoSources0+0xf2
C  [CoreFoundation+0x7e878]  __CFRunLoopRun+0x37c
C  [CoreFoundation+0x7de3c]  CFRunLoopRunSpecific+0x232
C  [libjli.dylib+0x6d12]  CreateExecutionEnvironment+0x192
C  [libjli.dylib+0x2745]  JLI_Launch+0x5d5
C  [java+0xc16]  main+0x196
C  0x0000000111b7c52e


siginfo: si_signo: 11 (SIGSEGV), si_code: 1 (SEGV_MAPERR), si_addr: 0x00000002481c5288

Register to memory mapping:

RAX=0x00000008000bbfb0 is a pointer to class: 
java.lang.invoke.MethodHandle {0x00000008000bbfb0}
RBX=0x0000000000000002 is an unknown value
RCX=0x0000000800226e98 is pointing into metadata
RDX=0x00000002481c5280 is an unknown value
RSP=0x00007ff7bd7d8708 is pointing into the stack for thread: 0x00007fde4b0d5c00
RBP=0x00007ff7bd7d8750 is pointing into the stack for thread: 0x00007fde4b0d5c00
RSI=0x0000000000000004 is an unknown value
RDI=0x0000600000fa0ff0 points into unknown readable memory: 0x000000011051f378 | 78 f3 51 10 01 00 00 00
R8 =0x00007fde4b0d5c00 is a thread
R9 =0x0000000104299550: _ZN21TieredThresholdPolicy14call_predicateEii9CompLevelRK12methodHandle+0 in /Library/Java/JavaVirtualMachines/jdk-16.0.2.jdk/Contents/Home/lib/server/libjvm.dylib at 0x0000000103880000
R10=0x0000000104536bb0: _ZN19TemplateInterpreter13_active_tableE+0x4000 in /Library/Java/JavaVirtualMachines/jdk-16.0.2.jdk/Contents/Home/lib/server/libjvm.dylib at 0x0000000103880000
R11=0x0000000112291b60 is at entry_point+32 in (nmethod*)0x0000000112291990
R12=0x0 is NULL
R13=0x0000000800855e41 is pointing into metadata
R14=0x00007ff7bd7d8760 is pointing into the stack for thread: 0x00007fde4b0d5c00
R15=0x00007fde4b0d5c00 is a thread


Registers:
RAX=0x00000008000bbfb0, RBX=0x0000000000000002, RCX=0x0000000800226e98, RDX=0x00000002481c5280
RSP=0x00007ff7bd7d8708, RBP=0x00007ff7bd7d8750, RSI=0x0000000000000004, RDI=0x0000600000fa0ff0
R8 =0x00007fde4b0d5c00, R9 =0x0000000104299550, R10=0x0000000104536bb0, R11=0x0000000112291b60
R12=0x0000000000000000, R13=0x0000000800855e41, R14=0x00007ff7bd7d8760, R15=0x00007fde4b0d5c00
RIP=0x0000000111c4af4b, EFLAGS=0x0000000000010246, ERR=0x0000000000000004
  TRAPNO=0x000000000000000e

Top of Stack: (sp=0x00007ff7bd7d8708)
0x00007ff7bd7d8708:   00007ff7bd7d8708 0000000800855e40
0x00007ff7bd7d8718:   00007ff7bd7d8760 0000000800226c10
0x00007ff7bd7d8728:   0000000000000000 00000007bfe25018
0x00007ff7bd7d8738:   00000008002271f8 0000000000000000
0x00007ff7bd7d8748:   00007ff7bd7d8760 00007ff7bd7d87b0
0x00007ff7bd7d8758:   0000000111c38a58 00000002481c5280
0x00007ff7bd7d8768:   00007ff7bd7d8768 00000001104e03a4
0x00007ff7bd7d8778:   00007ff7bd7d87b8 0000000110522b78
0x00007ff7bd7d8788:   0000000000000000 00000007877d78f0
0x00007ff7bd7d8798:   00000001104e03c0 00007ff7bd7d8760
0x00007ff7bd7d87a8:   00007ff7bd7d87c0 00007ff7bd7d8820
0x00007ff7bd7d87b8:   0000000111c2fcc9 0000000100001fa5
0x00007ff7bd7d87c8:   00007fde4b0d5c00 00007ff7bd7d8960
0x00007ff7bd7d87d8:   00007ff7bd7d8920 00007ff7bd7d8950
0x00007ff7bd7d87e8:   0000000000000000 00007ff7bd7d8880
0x00007ff7bd7d87f8:   00007ff7bd7d8928 6bedf9d90000000a
0x00007ff7bd7d8808:   00000001104e03c0 0000000111c3b9c0
0x00007ff7bd7d8818:   00007ff7bd7d8968 00007ff7bd7d8910
0x00007ff7bd7d8828:   0000000103d88272 0000000000000000
0x00007ff7bd7d8838:   00007fde4b0d5c00 00000008000035d8
0x00007ff7bd7d8848:   00007fde4b0d5c00 000060000259c800
0x00007ff7bd7d8858:   0000600000fa00f0 0000600000fa0138
0x00007ff7bd7d8868:   0000600000fa01d8 00000000000000d8
0x00007ff7bd7d8878:   00007ff7bd7d8a48 00007fde4b0d5c00
0x00007ff7bd7d8888:   00007fde4a10f1b0 00000001104e03c0
0x00007ff7bd7d8898:   0000000000000000 00007ff7bd7d8d78
0x00007ff7bd7d88a8:   0000000111c498e6 00007ff7bd7d8dc0
0x00007ff7bd7d88b8:   0000000000000000 00007ff7bd7d8920
0x00007ff7bd7d88c8:   0000000104110f39 0000000111c3b9c0
0x00007ff7bd7d88d8:   000000000000000f 0000000a00000000
0x00007ff7bd7d88e8:   00000001104e03c0 000060000308b4e0
0x00007ff7bd7d88f8:   0000000000000000 00007fde4b0d5c00 

Instructions: (pc=0x0000000111c4af4b)
0x0000000111c4ae4b:   04 01 00 00 00 c0 00 00 00 00 00 00 00 00 00 00
0x0000000111c4ae5b:   00 00 00 00 00 58 48 85 c0 0f 84 f8 01 00 00 48
0x0000000111c4ae6b:   8b 4d e8 48 8b 49 08 48 8b 49 08 48 8b 51 08 41
0x0000000111c4ae7b:   0f b7 5d 01 0f cb c1 eb 10 80 7c 1a 04 07 0f 84
0x0000000111c4ae8b:   ab 00 00 00 50 e8 05 00 00 00 e9 8b 00 00 00 48
0x0000000111c4ae9b:   8d 44 24 08 4c 89 6d c0 49 8b ff c5 f8 77 49 89
0x0000000111c4aeab:   af f8 02 00 00 49 89 87 e8 02 00 00 f7 c4 0f 00
0x0000000111c4aebb:   00 00 0f 84 12 00 00 00 48 83 ec 08 e8 44 37 13
0x0000000111c4aecb:   f2 48 83 c4 08 e9 05 00 00 00 e8 36 37 13 f2 49
0x0000000111c4aedb:   c7 87 e8 02 00 00 00 00 00 00 49 c7 87 f8 02 00
0x0000000111c4aeeb:   00 00 00 00 00 49 c7 87 f0 02 00 00 00 00 00 00
0x0000000111c4aefb:   49 c7 87 00 03 00 00 00 00 00 00 c5 f8 77 49 81
0x0000000111c4af0b:   7f 08 00 00 00 00 0f 84 05 00 00 00 e9 e4 4c fe
0x0000000111c4af1b:   ff 4c 8b 6d c0 4c 8b 75 c8 c3 49 8b 87 50 03 00
0x0000000111c4af2b:   00 49 c7 87 50 03 00 00 00 00 00 00 5a eb 11 48
0x0000000111c4af3b:   8b d0 66 8b 5c d9 48 48 8b 49 28 48 8b 44 d9 08
0x0000000111c4af4b:   8b 5a 08 48 c1 e3 03 49 ba 00 00 00 00 08 00 00
0x0000000111c4af5b:   00 49 03 da 48 8b 4d d8 48 85 c9 0f 84 8a 00 00
0x0000000111c4af6b:   00 48 8b 79 18 48 3b fb 0f 85 0f 00 00 00 48 83
0x0000000111c4af7b:   41 20 01 48 83 59 20 00 e9 66 00 00 00 48 85 ff
0x0000000111c4af8b:   0f 84 37 00 00 00 48 8b 79 28 48 3b fb 0f 85 0f
0x0000000111c4af9b:   00 00 00 48 83 41 30 01 48 83 59 30 00 e9 41 00
0x0000000111c4afab:   00 00 48 85 ff 0f 85 38 00 00 00 48 89 59 28 bf
0x0000000111c4afbb:   01 00 00 00 48 89 79 30 e9 26 00 00 00 48 3b 59
0x0000000111c4afcb:   28 0f 85 0f 00 00 00 48 83 41 30 01 48 83 59 30
0x0000000111c4afdb:   00 e9 0d 00 00 00 48 89 59 18 bf 01 00 00 00 48
0x0000000111c4afeb:   89 79 20 48 83 c1 38 48 89 4d d8 48 3b d8 0f 84
0x0000000111c4affb:   5b 00 00 00 8b 48 14 48 3b 04 0b 0f 84 4e 00 00
0x0000000111c4b00b:   00 83 f9 20 0f 85 22 00 00 00 50 48 8b c0 57 48
0x0000000111c4b01b:   8b 7b 28 8b 0f 48 83 c7 08 48 85 c0 f2 48 af 5f
0x0000000111c4b02b:   58 75 09 48 89 43 20 e9 23 00 00 00 48 8b 4d d8
0x0000000111c4b03b:   48 85 c9 0f 84 10 00 00 00 48 83 41 d0 ff 0f 88 


Stack slot to memory mapping:
stack at sp + 0 slots: 0x00007ff7bd7d8708 is pointing into the stack for thread: 0x00007fde4b0d5c00
stack at sp + 1 slots: 0x0000000800855e40 is pointing into metadata
stack at sp + 2 slots: 0x00007ff7bd7d8760 is pointing into the stack for thread: 0x00007fde4b0d5c00
stack at sp + 3 slots: 0x0000000800226c10 is pointing into metadata
stack at sp + 4 slots: 0x0 is NULL
stack at sp + 5 slots: 0x00000007bfe25018 is an oop: java.lang.Class 
{0x00000007bfe25018} - klass: 'java/lang/Class'
stack at sp + 6 slots: {method} {0x00000008002271f8} 'linkToTargetMethod' '(Ljava/lang/Object;)Ljava/lang/Object;' in 'java/lang/invoke/Invokers$Holder'
stack at sp + 7 slots: 0x0 is NULL

checkcast  192 checkcast  [0x0000000111c4ae60, 0x0000000111c4b0a0]  576 bytes
[MachCode]
  0x0000000111c4ae60: 5848 85c0 | 0f84 f801 | 0000 488b | 4de8 488b | 4908 488b | 4908 488b | 5108 410f | b75d 010f 
  0x0000000111c4ae80: cbc1 eb10 | 807c 1a04 | 070f 84ab | 0000 0050 | e805 0000 | 00e9 8b00 | 0000 488d | 4424 084c 
  0x0000000111c4aea0: 896d c049 | 8bff c5f8 | 7749 89af | f802 0000 | 4989 87e8 | 0200 00f7 | c40f 0000 | 000f 8412 
  0x0000000111c4aec0: 0000 0048 | 83ec 08e8 | 4437 13f2 | 4883 c408 | e905 0000 | 00e8 3637 | 13f2 49c7 | 87e8 0200 
  0x0000000111c4aee0: 0000 0000 | 0049 c787 | f802 0000 | 0000 0000 | 49c7 87f0 | 0200 0000 | 0000 0049 | c787 0003 
  0x0000000111c4af00: 0000 0000 | 0000 c5f8 | 7749 817f | 0800 0000 | 000f 8405 | 0000 00e9 | e44c feff | 4c8b 6dc0 
  0x0000000111c4af20: 4c8b 75c8 | c349 8b87 | 5003 0000 | 49c7 8750 | 0300 0000 | 0000 005a | eb11 488b | d066 8b5c 
  0x0000000111c4af40: d948 488b | 4928 488b | 44d9 088b | 5a08 48c1 | e303 49ba | 0000 0000 | 0800 0000 | 4903 da48 
  0x0000000111c4af60: 8b4d d848 | 85c9 0f84 | 8a00 0000 | 488b 7918 | 483b fb0f | 850f 0000 | 0048 8341 | 2001 4883 
  0x0000000111c4af80: 5920 00e9 | 6600 0000 | 4885 ff0f | 8437 0000 | 0048 8b79 | 2848 3bfb | 0f85 0f00 | 0000 4883 
  0x0000000111c4afa0: 4130 0148 | 8359 3000 | e941 0000 | 0048 85ff | 0f85 3800 | 0000 4889 | 5928 bf01 | 0000 0048 
  0x0000000111c4afc0: 8979 30e9 | 2600 0000 | 483b 5928 | 0f85 0f00 | 0000 4883 | 4130 0148 | 8359 3000 | e90d 0000 
  0x0000000111c4afe0: 0048 8959 | 18bf 0100 | 0000 4889 | 7920 4883 | c138 4889 | 4dd8 483b | d80f 845b | 0000 008b 
  0x0000000111c4b000: 4814 483b | 040b 0f84 | 4e00 0000 | 83f9 200f | 8522 0000 | 0050 488b | c057 488b | 7b28 8b0f 
  0x0000000111c4b020: 4883 c708 | 4885 c0f2 | 48af 5f58 | 7509 4889 | 4320 e923 | 0000 0048 | 8b4d d848 | 85c9 0f84 
  0x0000000111c4b040: 1000 0000 | 4883 41d0 | ff0f 8805 | 0000 0048 | 8341 d001 | 52e9 1907 | ffff 488b | c2e9 1900 
  0x0000000111c4b060: 0000 488b | 4dd8 4885 | c90f 840c | 0000 0080 | 4901 0148 | 83c1 3848 | 894d d841 | 0fb6 5d03 
  0x0000000111c4b080: 4983 c503 | 49ba b06b | 5304 0100 | 0000 41ff | 24da 660f | 1f44 0000 | 0000 0000 | 0000 0000 
[/MachCode]

---------------  P R O C E S S  ---------------

Threads class SMR info:
_java_thread_list=0x00006000030ecf00, length=15, elements={
0x00007fde4b013200, 0x00007fde49808600, 0x00007fde49028c00, 0x00007fde4b022000,
0x00007fde4b022600, 0x00007fde4902a200, 0x00007fde4902a800, 0x00007fde4b023400,
0x00007fde4980bc00, 0x00007fde4b024c00, 0x00007fde49837a00, 0x00007fde49838000,
0x00007fde4a931200, 0x00007fde490ac200, 0x00007fde4b0d5c00
}

Java Threads: ( => current thread )
  0x00007fde4b013200 JavaThread "main" [_thread_blocked, id=6147, stack(0x000070000f613000,0x000070000f713000)]
  0x00007fde49808600 JavaThread "Reference Handler" daemon [_thread_blocked, id=17411, stack(0x000070000fd28000,0x000070000fe28000)]
  0x00007fde49028c00 JavaThread "Finalizer" daemon [_thread_blocked, id=15619, stack(0x000070000fe2b000,0x000070000ff2b000)]
  0x00007fde4b022000 JavaThread "Signal Dispatcher" daemon [_thread_blocked, id=43011, stack(0x0000700010034000,0x0000700010134000)]
  0x00007fde4b022600 JavaThread "Service Thread" daemon [_thread_blocked, id=42755, stack(0x0000700010137000,0x0000700010237000)]
  0x00007fde4902a200 JavaThread "Monitor Deflation Thread" daemon [_thread_blocked, id=42243, stack(0x000070001023a000,0x000070001033a000)]
  0x00007fde4902a800 JavaThread "C2 CompilerThread0" daemon [_thread_blocked, id=23299, stack(0x000070001033d000,0x000070001043d000)]
  0x00007fde4b023400 JavaThread "C1 CompilerThread0" daemon [_thread_blocked, id=41731, stack(0x0000700010440000,0x0000700010540000)]
  0x00007fde4980bc00 JavaThread "Sweeper thread" daemon [_thread_blocked, id=23555, stack(0x0000700010543000,0x0000700010643000)]
  0x00007fde4b024c00 JavaThread "Common-Cleaner" daemon [_thread_blocked, id=40963, stack(0x0000700010646000,0x0000700010746000)]
  0x00007fde49837a00 JavaThread "Monitor Ctrl-Break" daemon [_thread_in_native, id=40451, stack(0x0000700010749000,0x0000700010849000)]
  0x00007fde49838000 JavaThread "Notification Thread" daemon [_thread_blocked, id=39939, stack(0x000070001084c000,0x000070001094c000)]
  0x00007fde4a931200 JavaThread "QuantumRenderer-0" daemon [_thread_blocked, id=39683, stack(0x0000700010a52000,0x0000700010b52000)]
  0x00007fde490ac200 JavaThread "InvokeLaterDispatcher" daemon [_thread_blocked, id=28419, stack(0x0000700010b55000,0x0000700010c55000)]
=>0x00007fde4b0d5c00 JavaThread "Thread-1" [_thread_in_Java, id=259, stack(0x00007ff7bcfdd000,0x00007ff7bd7dd000)]

Other Threads:
  0x00007fde4a2063a0 VMThread "VM Thread" [stack: 0x000070000fc25000,0x000070000fd25000] [id=14595] _threads_hazard_ptr=0x00006000030ecf00
  0x00007fde4a21c7f0 WatcherThread [stack: 0x000070001094f000,0x0000700010a4f000] [id=24067]
  0x00007fde4a006e30 GCTaskThread "GC Thread#0" [stack: 0x000070000f716000,0x000070000f816000] [id=12035]
  0x00007fde4a007530 ConcurrentGCThread "G1 Main Marker" [stack: 0x000070000f819000,0x000070000f919000] [id=19459]
  0x00007fde4a007e10 ConcurrentGCThread "G1 Conc#0" [stack: 0x000070000f91c000,0x000070000fa1c000] [id=18947]
  0x00007fde4a0125b0 ConcurrentGCThread "G1 Refine#0" [stack: 0x000070000fa1f000,0x000070000fb1f000] [id=13315]
  0x00007fde4a105170 ConcurrentGCThread "G1 Service" [stack: 0x000070000fb22000,0x000070000fc22000] [id=13571]

Threads with active compile tasks:

VM state: synchronizing (normal execution)

VM Mutex/Monitor currently owned by a thread:  ([mutex/lock_event])
[0x0000600001ea9780] Threads_lock - owner thread: 0x00007fde4a2063a0

Heap address: 0x0000000780000000, size: 2048 MB, Compressed Oops mode: Zero based, Oop shift amount: 3

CDS archive(s) mapped at: [0x0000000800000000-0x0000000800bbb000-0x0000000800bbb000), size 12300288, SharedBaseAddress: 0x0000000800000000, ArchiveRelocationMode: 0.
Compressed class space mapped at: 0x0000000800c00000-0x0000000840c00000, reserved size: 1073741824
Narrow klass base: 0x0000000800000000, Narrow klass shift: 3, Narrow klass range: 0x100000000

GC Precious Log:
 CPUs: 4 total, 4 available
 Memory: 8192M
 Large Page Support: Disabled
 NUMA Support: Disabled
 Compressed Oops: Enabled (Zero based)
 Heap Region Size: 1M
 Heap Min Capacity: 8M
 Heap Initial Capacity: 128M
 Heap Max Capacity: 2G
 Pre-touch: Disabled
 Parallel Workers: 4
 Concurrent Workers: 1
 Concurrent Refinement Workers: 4
 Periodic GC: Disabled

Heap:
 garbage-first heap   total 133120K, used 11208K [0x0000000780000000, 0x0000000800000000)
  region size 1024K, 11 young (11264K), 0 survivors (0K)
 Metaspace       used 3213K, committed 3392K, reserved 1056768K
  class space    used 347K, committed 448K, reserved 1048576K

Heap Regions: E=young(eden), S=young(survivor), O=old, HS=humongous(starts), HC=humongous(continues), CS=collection set, F=free, OA=open archive, CA=closed archive, TAMS=top-at-mark-start (previous, next)
|   0|0x0000000780000000, 0x0000000780000000, 0x0000000780100000|  0%| F|  |TAMS 0x0000000780000000, 0x0000000780000000| Untracked 
|   1|0x0000000780100000, 0x0000000780100000, 0x0000000780200000|  0%| F|  |TAMS 0x0000000780100000, 0x0000000780100000| Untracked 
|   2|0x0000000780200000, 0x0000000780200000, 0x0000000780300000|  0%| F|  |TAMS 0x0000000780200000, 0x0000000780200000| Untracked 
|   3|0x0000000780300000, 0x0000000780300000, 0x0000000780400000|  0%| F|  |TAMS 0x0000000780300000, 0x0000000780300000| Untracked 
|   4|0x0000000780400000, 0x0000000780400000, 0x0000000780500000|  0%| F|  |TAMS 0x0000000780400000, 0x0000000780400000| Untracked 
|   5|0x0000000780500000, 0x0000000780500000, 0x0000000780600000|  0%| F|  |TAMS 0x0000000780500000, 0x0000000780500000| Untracked 
|   6|0x0000000780600000, 0x0000000780600000, 0x0000000780700000|  0%| F|  |TAMS 0x0000000780600000, 0x0000000780600000| Untracked 
|   7|0x0000000780700000, 0x0000000780700000, 0x0000000780800000|  0%| F|  |TAMS 0x0000000780700000, 0x0000000780700000| Untracked 
|   8|0x0000000780800000, 0x0000000780800000, 0x0000000780900000|  0%| F|  |TAMS 0x0000000780800000, 0x0000000780800000| Untracked 
|   9|0x0000000780900000, 0x0000000780900000, 0x0000000780a00000|  0%| F|  |TAMS 0x0000000780900000, 0x0000000780900000| Untracked 
|  10|0x0000000780a00000, 0x0000000780a00000, 0x0000000780b00000|  0%| F|  |TAMS 0x0000000780a00000, 0x0000000780a00000| Untracked 
|  11|0x0000000780b00000, 0x0000000780b00000, 0x0000000780c00000|  0%| F|  |TAMS 0x0000000780b00000, 0x0000000780b00000| Untracked 
|  12|0x0000000780c00000, 0x0000000780c00000, 0x0000000780d00000|  0%| F|  |TAMS 0x0000000780c00000, 0x0000000780c00000| Untracked 
|  13|0x0000000780d00000, 0x0000000780d00000, 0x0000000780e00000|  0%| F|  |TAMS 0x0000000780d00000, 0x0000000780d00000| Untracked 
|  14|0x0000000780e00000, 0x0000000780e00000, 0x0000000780f00000|  0%| F|  |TAMS 0x0000000780e00000, 0x0000000780e00000| Untracked 
|  15|0x0000000780f00000, 0x0000000780f00000, 0x0000000781000000|  0%| F|  |TAMS 0x0000000780f00000, 0x0000000780f00000| Untracked 
|  16|0x0000000781000000, 0x0000000781000000, 0x0000000781100000|  0%| F|  |TAMS 0x0000000781000000, 0x0000000781000000| Untracked 
|  17|0x0000000781100000, 0x0000000781100000, 0x0000000781200000|  0%| F|  |TAMS 0x0000000781100000, 0x0000000781100000| Untracked 
|  18|0x0000000781200000, 0x0000000781200000, 0x0000000781300000|  0%| F|  |TAMS 0x0000000781200000, 0x0000000781200000| Untracked 
|  19|0x0000000781300000, 0x0000000781300000, 0x0000000781400000|  0%| F|  |TAMS 0x0000000781300000, 0x0000000781300000| Untracked 
|  20|0x0000000781400000, 0x0000000781400000, 0x0000000781500000|  0%| F|  |TAMS 0x0000000781400000, 0x0000000781400000| Untracked 
|  21|0x0000000781500000, 0x0000000781500000, 0x0000000781600000|  0%| F|  |TAMS 0x0000000781500000, 0x0000000781500000| Untracked 
|  22|0x0000000781600000, 0x0000000781600000, 0x0000000781700000|  0%| F|  |TAMS 0x0000000781600000, 0x0000000781600000| Untracked 
|  23|0x0000000781700000, 0x0000000781700000, 0x0000000781800000|  0%| F|  |TAMS 0x0000000781700000, 0x0000000781700000| Untracked 
|  24|0x0000000781800000, 0x0000000781800000, 0x0000000781900000|  0%| F|  |TAMS 0x0000000781800000, 0x0000000781800000| Untracked 
|  25|0x0000000781900000, 0x0000000781900000, 0x0000000781a00000|  0%| F|  |TAMS 0x0000000781900000, 0x0000000781900000| Untracked 
|  26|0x0000000781a00000, 0x0000000781a00000, 0x0000000781b00000|  0%| F|  |TAMS 0x0000000781a00000, 0x0000000781a00000| Untracked 
|  27|0x0000000781b00000, 0x0000000781b00000, 0x0000000781c00000|  0%| F|  |TAMS 0x0000000781b00000, 0x0000000781b00000| Untracked 
|  28|0x0000000781c00000, 0x0000000781c00000, 0x0000000781d00000|  0%| F|  |TAMS 0x0000000781c00000, 0x0000000781c00000| Untracked 
|  29|0x0000000781d00000, 0x0000000781d00000, 0x0000000781e00000|  0%| F|  |TAMS 0x0000000781d00000, 0x0000000781d00000| Untracked 
|  30|0x0000000781e00000, 0x0000000781e00000, 0x0000000781f00000|  0%| F|  |TAMS 0x0000000781e00000, 0x0000000781e00000| Untracked 
|  31|0x0000000781f00000, 0x0000000781f00000, 0x0000000782000000|  0%| F|  |TAMS 0x0000000781f00000, 0x0000000781f00000| Untracked 
|  32|0x0000000782000000, 0x0000000782000000, 0x0000000782100000|  0%| F|  |TAMS 0x0000000782000000, 0x0000000782000000| Untracked 
|  33|0x0000000782100000, 0x0000000782100000, 0x0000000782200000|  0%| F|  |TAMS 0x0000000782100000, 0x0000000782100000| Untracked 
|  34|0x0000000782200000, 0x0000000782200000, 0x0000000782300000|  0%| F|  |TAMS 0x0000000782200000, 0x0000000782200000| Untracked 
|  35|0x0000000782300000, 0x0000000782300000, 0x0000000782400000|  0%| F|  |TAMS 0x0000000782300000, 0x0000000782300000| Untracked 
|  36|0x0000000782400000, 0x0000000782400000, 0x0000000782500000|  0%| F|  |TAMS 0x0000000782400000, 0x0000000782400000| Untracked 
|  37|0x0000000782500000, 0x0000000782500000, 0x0000000782600000|  0%| F|  |TAMS 0x0000000782500000, 0x0000000782500000| Untracked 
|  38|0x0000000782600000, 0x0000000782600000, 0x0000000782700000|  0%| F|  |TAMS 0x0000000782600000, 0x0000000782600000| Untracked 
|  39|0x0000000782700000, 0x0000000782700000, 0x0000000782800000|  0%| F|  |TAMS 0x0000000782700000, 0x0000000782700000| Untracked 
|  40|0x0000000782800000, 0x0000000782800000, 0x0000000782900000|  0%| F|  |TAMS 0x0000000782800000, 0x0000000782800000| Untracked 
|  41|0x0000000782900000, 0x0000000782900000, 0x0000000782a00000|  0%| F|  |TAMS 0x0000000782900000, 0x0000000782900000| Untracked 
|  42|0x0000000782a00000, 0x0000000782a00000, 0x0000000782b00000|  0%| F|  |TAMS 0x0000000782a00000, 0x0000000782a00000| Untracked 
|  43|0x0000000782b00000, 0x0000000782b00000, 0x0000000782c00000|  0%| F|  |TAMS 0x0000000782b00000, 0x0000000782b00000| Untracked 
|  44|0x0000000782c00000, 0x0000000782c00000, 0x0000000782d00000|  0%| F|  |TAMS 0x0000000782c00000, 0x0000000782c00000| Untracked 
|  45|0x0000000782d00000, 0x0000000782d00000, 0x0000000782e00000|  0%| F|  |TAMS 0x0000000782d00000, 0x0000000782d00000| Untracked 
|  46|0x0000000782e00000, 0x0000000782e00000, 0x0000000782f00000|  0%| F|  |TAMS 0x0000000782e00000, 0x0000000782e00000| Untracked 
|  47|0x0000000782f00000, 0x0000000782f00000, 0x0000000783000000|  0%| F|  |TAMS 0x0000000782f00000, 0x0000000782f00000| Untracked 
|  48|0x0000000783000000, 0x0000000783000000, 0x0000000783100000|  0%| F|  |TAMS 0x0000000783000000, 0x0000000783000000| Untracked 
|  49|0x0000000783100000, 0x0000000783100000, 0x0000000783200000|  0%| F|  |TAMS 0x0000000783100000, 0x0000000783100000| Untracked 
|  50|0x0000000783200000, 0x0000000783200000, 0x0000000783300000|  0%| F|  |TAMS 0x0000000783200000, 0x0000000783200000| Untracked 
|  51|0x0000000783300000, 0x0000000783300000, 0x0000000783400000|  0%| F|  |TAMS 0x0000000783300000, 0x0000000783300000| Untracked 
|  52|0x0000000783400000, 0x0000000783400000, 0x0000000783500000|  0%| F|  |TAMS 0x0000000783400000, 0x0000000783400000| Untracked 
|  53|0x0000000783500000, 0x0000000783500000, 0x0000000783600000|  0%| F|  |TAMS 0x0000000783500000, 0x0000000783500000| Untracked 
|  54|0x0000000783600000, 0x0000000783600000, 0x0000000783700000|  0%| F|  |TAMS 0x0000000783600000, 0x0000000783600000| Untracked 
|  55|0x0000000783700000, 0x0000000783700000, 0x0000000783800000|  0%| F|  |TAMS 0x0000000783700000, 0x0000000783700000| Untracked 
|  56|0x0000000783800000, 0x0000000783800000, 0x0000000783900000|  0%| F|  |TAMS 0x0000000783800000, 0x0000000783800000| Untracked 
|  57|0x0000000783900000, 0x0000000783900000, 0x0000000783a00000|  0%| F|  |TAMS 0x0000000783900000, 0x0000000783900000| Untracked 
|  58|0x0000000783a00000, 0x0000000783a00000, 0x0000000783b00000|  0%| F|  |TAMS 0x0000000783a00000, 0x0000000783a00000| Untracked 
|  59|0x0000000783b00000, 0x0000000783b00000, 0x0000000783c00000|  0%| F|  |TAMS 0x0000000783b00000, 0x0000000783b00000| Untracked 
|  60|0x0000000783c00000, 0x0000000783c00000, 0x0000000783d00000|  0%| F|  |TAMS 0x0000000783c00000, 0x0000000783c00000| Untracked 
|  61|0x0000000783d00000, 0x0000000783d00000, 0x0000000783e00000|  0%| F|  |TAMS 0x0000000783d00000, 0x0000000783d00000| Untracked 
|  62|0x0000000783e00000, 0x0000000783e00000, 0x0000000783f00000|  0%| F|  |TAMS 0x0000000783e00000, 0x0000000783e00000| Untracked 
|  63|0x0000000783f00000, 0x0000000783f00000, 0x0000000784000000|  0%| F|  |TAMS 0x0000000783f00000, 0x0000000783f00000| Untracked 
|  64|0x0000000784000000, 0x0000000784000000, 0x0000000784100000|  0%| F|  |TAMS 0x0000000784000000, 0x0000000784000000| Untracked 
|  65|0x0000000784100000, 0x0000000784100000, 0x0000000784200000|  0%| F|  |TAMS 0x0000000784100000, 0x0000000784100000| Untracked 
|  66|0x0000000784200000, 0x0000000784200000, 0x0000000784300000|  0%| F|  |TAMS 0x0000000784200000, 0x0000000784200000| Untracked 
|  67|0x0000000784300000, 0x0000000784300000, 0x0000000784400000|  0%| F|  |TAMS 0x0000000784300000, 0x0000000784300000| Untracked 
|  68|0x0000000784400000, 0x0000000784400000, 0x0000000784500000|  0%| F|  |TAMS 0x0000000784400000, 0x0000000784400000| Untracked 
|  69|0x0000000784500000, 0x0000000784500000, 0x0000000784600000|  0%| F|  |TAMS 0x0000000784500000, 0x0000000784500000| Untracked 
|  70|0x0000000784600000, 0x0000000784600000, 0x0000000784700000|  0%| F|  |TAMS 0x0000000784600000, 0x0000000784600000| Untracked 
|  71|0x0000000784700000, 0x0000000784700000, 0x0000000784800000|  0%| F|  |TAMS 0x0000000784700000, 0x0000000784700000| Untracked 
|  72|0x0000000784800000, 0x0000000784800000, 0x0000000784900000|  0%| F|  |TAMS 0x0000000784800000, 0x0000000784800000| Untracked 
|  73|0x0000000784900000, 0x0000000784900000, 0x0000000784a00000|  0%| F|  |TAMS 0x0000000784900000, 0x0000000784900000| Untracked 
|  74|0x0000000784a00000, 0x0000000784a00000, 0x0000000784b00000|  0%| F|  |TAMS 0x0000000784a00000, 0x0000000784a00000| Untracked 
|  75|0x0000000784b00000, 0x0000000784b00000, 0x0000000784c00000|  0%| F|  |TAMS 0x0000000784b00000, 0x0000000784b00000| Untracked 
|  76|0x0000000784c00000, 0x0000000784c00000, 0x0000000784d00000|  0%| F|  |TAMS 0x0000000784c00000, 0x0000000784c00000| Untracked 
|  77|0x0000000784d00000, 0x0000000784d00000, 0x0000000784e00000|  0%| F|  |TAMS 0x0000000784d00000, 0x0000000784d00000| Untracked 
|  78|0x0000000784e00000, 0x0000000784e00000, 0x0000000784f00000|  0%| F|  |TAMS 0x0000000784e00000, 0x0000000784e00000| Untracked 
|  79|0x0000000784f00000, 0x0000000784f00000, 0x0000000785000000|  0%| F|  |TAMS 0x0000000784f00000, 0x0000000784f00000| Untracked 
|  80|0x0000000785000000, 0x0000000785000000, 0x0000000785100000|  0%| F|  |TAMS 0x0000000785000000, 0x0000000785000000| Untracked 
|  81|0x0000000785100000, 0x0000000785100000, 0x0000000785200000|  0%| F|  |TAMS 0x0000000785100000, 0x0000000785100000| Untracked 
|  82|0x0000000785200000, 0x0000000785200000, 0x0000000785300000|  0%| F|  |TAMS 0x0000000785200000, 0x0000000785200000| Untracked 
|  83|0x0000000785300000, 0x0000000785300000, 0x0000000785400000|  0%| F|  |TAMS 0x0000000785300000, 0x0000000785300000| Untracked 
|  84|0x0000000785400000, 0x0000000785400000, 0x0000000785500000|  0%| F|  |TAMS 0x0000000785400000, 0x0000000785400000| Untracked 
|  85|0x0000000785500000, 0x0000000785500000, 0x0000000785600000|  0%| F|  |TAMS 0x0000000785500000, 0x0000000785500000| Untracked 
|  86|0x0000000785600000, 0x0000000785600000, 0x0000000785700000|  0%| F|  |TAMS 0x0000000785600000, 0x0000000785600000| Untracked 
|  87|0x0000000785700000, 0x0000000785700000, 0x0000000785800000|  0%| F|  |TAMS 0x0000000785700000, 0x0000000785700000| Untracked 
|  88|0x0000000785800000, 0x0000000785800000, 0x0000000785900000|  0%| F|  |TAMS 0x0000000785800000, 0x0000000785800000| Untracked 
|  89|0x0000000785900000, 0x0000000785900000, 0x0000000785a00000|  0%| F|  |TAMS 0x0000000785900000, 0x0000000785900000| Untracked 
|  90|0x0000000785a00000, 0x0000000785a00000, 0x0000000785b00000|  0%| F|  |TAMS 0x0000000785a00000, 0x0000000785a00000| Untracked 
|  91|0x0000000785b00000, 0x0000000785b00000, 0x0000000785c00000|  0%| F|  |TAMS 0x0000000785b00000, 0x0000000785b00000| Untracked 
|  92|0x0000000785c00000, 0x0000000785c00000, 0x0000000785d00000|  0%| F|  |TAMS 0x0000000785c00000, 0x0000000785c00000| Untracked 
|  93|0x0000000785d00000, 0x0000000785d00000, 0x0000000785e00000|  0%| F|  |TAMS 0x0000000785d00000, 0x0000000785d00000| Untracked 
|  94|0x0000000785e00000, 0x0000000785e00000, 0x0000000785f00000|  0%| F|  |TAMS 0x0000000785e00000, 0x0000000785e00000| Untracked 
|  95|0x0000000785f00000, 0x0000000785f00000, 0x0000000786000000|  0%| F|  |TAMS 0x0000000785f00000, 0x0000000785f00000| Untracked 
|  96|0x0000000786000000, 0x0000000786000000, 0x0000000786100000|  0%| F|  |TAMS 0x0000000786000000, 0x0000000786000000| Untracked 
|  97|0x0000000786100000, 0x0000000786100000, 0x0000000786200000|  0%| F|  |TAMS 0x0000000786100000, 0x0000000786100000| Untracked 
|  98|0x0000000786200000, 0x0000000786200000, 0x0000000786300000|  0%| F|  |TAMS 0x0000000786200000, 0x0000000786200000| Untracked 
|  99|0x0000000786300000, 0x0000000786300000, 0x0000000786400000|  0%| F|  |TAMS 0x0000000786300000, 0x0000000786300000| Untracked 
| 100|0x0000000786400000, 0x0000000786400000, 0x0000000786500000|  0%| F|  |TAMS 0x0000000786400000, 0x0000000786400000| Untracked 
| 101|0x0000000786500000, 0x0000000786500000, 0x0000000786600000|  0%| F|  |TAMS 0x0000000786500000, 0x0000000786500000| Untracked 
| 102|0x0000000786600000, 0x0000000786600000, 0x0000000786700000|  0%| F|  |TAMS 0x0000000786600000, 0x0000000786600000| Untracked 
| 103|0x0000000786700000, 0x0000000786700000, 0x0000000786800000|  0%| F|  |TAMS 0x0000000786700000, 0x0000000786700000| Untracked 
| 104|0x0000000786800000, 0x0000000786800000, 0x0000000786900000|  0%| F|  |TAMS 0x0000000786800000, 0x0000000786800000| Untracked 
| 105|0x0000000786900000, 0x0000000786900000, 0x0000000786a00000|  0%| F|  |TAMS 0x0000000786900000, 0x0000000786900000| Untracked 
| 106|0x0000000786a00000, 0x0000000786a00000, 0x0000000786b00000|  0%| F|  |TAMS 0x0000000786a00000, 0x0000000786a00000| Untracked 
| 107|0x0000000786b00000, 0x0000000786b00000, 0x0000000786c00000|  0%| F|  |TAMS 0x0000000786b00000, 0x0000000786b00000| Untracked 
| 108|0x0000000786c00000, 0x0000000786c00000, 0x0000000786d00000|  0%| F|  |TAMS 0x0000000786c00000, 0x0000000786c00000| Untracked 
| 109|0x0000000786d00000, 0x0000000786d00000, 0x0000000786e00000|  0%| F|  |TAMS 0x0000000786d00000, 0x0000000786d00000| Untracked 
| 110|0x0000000786e00000, 0x0000000786e00000, 0x0000000786f00000|  0%| F|  |TAMS 0x0000000786e00000, 0x0000000786e00000| Untracked 
| 111|0x0000000786f00000, 0x0000000786f00000, 0x0000000787000000|  0%| F|  |TAMS 0x0000000786f00000, 0x0000000786f00000| Untracked 
| 112|0x0000000787000000, 0x0000000787000000, 0x0000000787100000|  0%| F|  |TAMS 0x0000000787000000, 0x0000000787000000| Untracked 
| 113|0x0000000787100000, 0x0000000787100000, 0x0000000787200000|  0%| F|  |TAMS 0x0000000787100000, 0x0000000787100000| Untracked 
| 114|0x0000000787200000, 0x0000000787200000, 0x0000000787300000|  0%| F|  |TAMS 0x0000000787200000, 0x0000000787200000| Untracked 
| 115|0x0000000787300000, 0x0000000787300000, 0x0000000787400000|  0%| F|  |TAMS 0x0000000787300000, 0x0000000787300000| Untracked 
| 116|0x0000000787400000, 0x0000000787400000, 0x0000000787500000|  0%| F|  |TAMS 0x0000000787400000, 0x0000000787400000| Untracked 
| 117|0x0000000787500000, 0x00000007875c8340, 0x0000000787600000| 78%| E|  |TAMS 0x0000000787500000, 0x0000000787500000| Complete 
| 118|0x0000000787600000, 0x0000000787700000, 0x0000000787700000|100%| E|CS|TAMS 0x0000000787600000, 0x0000000787600000| Complete 
| 119|0x0000000787700000, 0x0000000787800000, 0x0000000787800000|100%| E|CS|TAMS 0x0000000787700000, 0x0000000787700000| Complete 
| 120|0x0000000787800000, 0x0000000787900000, 0x0000000787900000|100%| E|CS|TAMS 0x0000000787800000, 0x0000000787800000| Complete 
| 121|0x0000000787900000, 0x0000000787a00000, 0x0000000787a00000|100%| E|CS|TAMS 0x0000000787900000, 0x0000000787900000| Complete 
| 122|0x0000000787a00000, 0x0000000787b00000, 0x0000000787b00000|100%| E|CS|TAMS 0x0000000787a00000, 0x0000000787a00000| Complete 
| 123|0x0000000787b00000, 0x0000000787c00000, 0x0000000787c00000|100%| E|CS|TAMS 0x0000000787b00000, 0x0000000787b00000| Complete 
| 124|0x0000000787c00000, 0x0000000787d00000, 0x0000000787d00000|100%| E|CS|TAMS 0x0000000787c00000, 0x0000000787c00000| Complete 
| 125|0x0000000787d00000, 0x0000000787e00000, 0x0000000787e00000|100%| E|CS|TAMS 0x0000000787d00000, 0x0000000787d00000| Complete 
| 126|0x0000000787e00000, 0x0000000787f00000, 0x0000000787f00000|100%| E|CS|TAMS 0x0000000787e00000, 0x0000000787e00000| Complete 
| 127|0x0000000787f00000, 0x0000000788000000, 0x0000000788000000|100%| E|CS|TAMS 0x0000000787f00000, 0x0000000787f00000| Complete 
|1022|0x00000007bfe00000, 0x00000007bfe75000, 0x00000007bff00000| 45%|OA|  |TAMS 0x00000007bfe00000, 0x00000007bfe00000| Untracked 
|1023|0x00000007bff00000, 0x00000007bff7d000, 0x00000007c0000000| 48%|CA|  |TAMS 0x00000007bff00000, 0x00000007bff00000| Untracked 

Card table byte_map: [0x0000000102f02000,0x0000000103302000] _byte_map_base: 0x00000000ff302000

Marking Bits (Prev, Next): (CMBitMap*) 0x00007fde4a829810, (CMBitMap*) 0x00007fde4a829850
 Prev Bits: [0x000000010bf2e000, 0x000000010df2e000)
 Next Bits: [0x000000010df2e000, 0x000000010ff2e000)

Polling page: 0x000000010285e000

Metaspace:

Usage:
  Non-class:      2.80 MB used.
      Class:    347.83 KB used.
       Both:      3.14 MB used.

Virtual space:
  Non-class space:        8.00 MB reserved,       2.88 MB ( 36%) committed,  1 nodes.
      Class space:        1.00 GB reserved,     448.00 KB ( <1%) committed,  1 nodes.
              Both:        1.01 GB reserved,       3.31 MB ( <1%) committed. 

Chunk freelists:
   Non-Class:  2.86 MB
       Class:  3.55 MB
        Both:  6.41 MB

MaxMetaspaceSize: 17179869184.00 GB
CompressedClassSpaceSize: 1.00 GB
 - commit_granule_bytes: 65536.
 - commit_granule_words: 8192.
 - virtual_space_node_default_size: 1048576.
 - enlarge_chunks_in_place: 1.
 - new_chunks_are_fully_committed: 0.
 - uncommit_free_chunks: 1.
 - use_allocation_guard: 0.
 - handle_deallocations: 1.


Internal statistics:

num_allocs_failed_limit: 0.
num_arena_births: 76.
num_arena_deaths: 0.
num_vsnodes_births: 2.
num_vsnodes_deaths: 0.
num_space_committed: 53.
num_space_uncommitted: 0.
num_chunks_returned_to_freelist: 0.
num_chunks_taken_from_freelist: 157.
num_chunk_merges: 0.
num_chunk_splits: 95.
num_chunks_enlarged: 60.
num_purges: 0.

CodeHeap 'non-profiled nmethods': size=120032Kb used=205Kb max_used=205Kb free=119826Kb
 bounds [0x00000001196f7000, 0x0000000119967000, 0x0000000120c2f000]
CodeHeap 'profiled nmethods': size=120028Kb used=855Kb max_used=855Kb free=119173Kb
 bounds [0x00000001121c0000, 0x0000000112430000, 0x00000001196f7000]
CodeHeap 'non-nmethods': size=5700Kb used=1192Kb max_used=1208Kb free=4507Kb
 bounds [0x0000000111c2f000, 0x0000000111e9f000, 0x00000001121c0000]
 total_blobs=1123 nmethods=632 adapters=405
 compilation: enabled
              stopped_count=0, restarted_count=0
 full_count=0

Compilation events (20 events):
Event: 0.700 Thread 0x00007fde4b023400 nmethod 621 0x0000000112292310 code [0x00000001122924c0, 0x0000000112292710]
Event: 0.705 Thread 0x00007fde4902a800 nmethod 620 0x0000000119728710 code [0x00000001197288a0, 0x00000001197294f8]
Event: 0.705 Thread 0x00007fde4902a800  623       4       java.lang.invoke.MethodType::parameterCount (6 bytes)
Event: 0.706 Thread 0x00007fde4b023400  624       3       java.lang.invoke.MethodHandles$Lookup::checkSymbolicClass (25 bytes)
Event: 0.706 Thread 0x00007fde4b023400 nmethod 624 0x0000000112292810 code [0x00000001122929e0, 0x0000000112292c60]
Event: 0.706 Thread 0x00007fde4b023400  622       1       java.lang.invoke.InfoFromMemberName::getReferenceKind (5 bytes)
Event: 0.706 Thread 0x00007fde4b023400 nmethod 622 0x0000000119729610 code [0x00000001197297a0, 0x0000000119729870]
Event: 0.707 Thread 0x00007fde4902a800 nmethod 623 0x0000000119729910 code [0x0000000119729aa0, 0x0000000119729b38]
Event: 0.834 Thread 0x00007fde4b023400  625       3       java.nio.ByteBuffer::arrayOffset (35 bytes)
Event: 0.835 Thread 0x00007fde4b023400 nmethod 625 0x0000000112292d90 code [0x0000000112292f60, 0x0000000112293230]
Event: 0.835 Thread 0x00007fde4b023400  627       3       jdk.internal.org.objectweb.asm.Label::resolve (219 bytes)
Event: 0.836 Thread 0x00007fde4b023400 nmethod 627 0x0000000112293390 code [0x0000000112293580, 0x0000000112293ab0]
Event: 0.836 Thread 0x00007fde4b023400  628       3       jdk.internal.org.objectweb.asm.ByteVector::putByteArray (49 bytes)
Event: 0.836 Thread 0x00007fde4b023400 nmethod 628 0x0000000112293d90 code [0x0000000112293f40, 0x0000000112294210]
Event: 0.994 Thread 0x00007fde4b023400  629       3       java.lang.invoke.MemberName::getType (19 bytes)
Event: 0.994 Thread 0x00007fde4b023400 nmethod 629 0x0000000112294310 code [0x0000000112294500, 0x00000001122948b0]
Event: 0.996 Thread 0x00007fde4b023400  630       3       java.nio.Buffer::<init> (105 bytes)
Event: 0.997 Thread 0x00007fde4b023400 nmethod 630 0x0000000112294a10 code [0x0000000112294cc0, 0x0000000112295830]
Event: 0.997 Thread 0x00007fde4902a800  632       4       java.lang.ref.Reference::reachabilityFence (1 bytes)
Event: 0.997 Thread 0x00007fde4902a800 nmethod 632 0x000000011972a390 code [0x000000011972a500, 0x000000011972a558]

GC Heap History (0 events):
No events

Deoptimization events (12 events):
Event: 0.237 Thread 0x00007fde4b013200 Uncommon trap: trap_request=0xffffff45 fr.pc=0x0000000119700ea0 relative=0x0000000000000080
Event: 0.237 Thread 0x00007fde4b013200 Uncommon trap: reason=unstable_if action=reinterpret pc=0x0000000119700ea0 method=java.lang.CharacterDataLatin1.isJavaIdentifierPart(I)Z @ 11 c2
Event: 0.237 Thread 0x00007fde4b013200 DEOPT PACKING pc=0x0000000119700ea0 sp=0x000070000f711470
Event: 0.237 Thread 0x00007fde4b013200 DEOPT UNPACKING pc=0x0000000111c7c424 sp=0x000070000f711408 mode 2
Event: 0.298 Thread 0x00007fde4b013200 DEOPT PACKING pc=0x00000001121f904a sp=0x000070000f711790
Event: 0.298 Thread 0x00007fde4b013200 DEOPT UNPACKING pc=0x0000000111c7cbba sp=0x000070000f710c00 mode 0
Event: 0.512 Thread 0x00007fde4a931200 Uncommon trap: trap_request=0xffffff45 fr.pc=0x0000000119706cac relative=0x000000000000066c
Event: 0.512 Thread 0x00007fde4a931200 Uncommon trap: reason=unstable_if action=reinterpret pc=0x0000000119706cac method=jdk.internal.module.Checks.isJavaIdentifier(Ljava/lang/String;)Z @ 4 c2
Event: 0.512 Thread 0x00007fde4a931200 DEOPT PACKING pc=0x0000000119706cac sp=0x0000700010b50da0
Event: 0.512 Thread 0x00007fde4a931200 DEOPT UNPACKING pc=0x0000000111c7c424 sp=0x0000700010b50d60 mode 2
Event: 0.649 Thread 0x00007fde4b013200 DEOPT PACKING pc=0x00000001121eb655 sp=0x000070000f70e1d0
Event: 0.649 Thread 0x00007fde4b013200 DEOPT UNPACKING pc=0x0000000111c7cbba sp=0x000070000f70d678 mode 0

Classes unloaded (0 events):
No events

Classes redefined (0 events):
No events

Internal exceptions (8 events):
Event: 0.220 Thread 0x00007fde4b013200 Exception <a 'java/lang/NoSuchMethodError'{0x0000000787ee3530}: 'void java.lang.invoke.DirectMethodHandle$Holder.invokeVirtual(java.lang.Object, java.lang.Object)'> (0x0000000787ee3530) 
thrown [./open/src/hotspot/share/interpreter/linkResolver.cpp, line 790]
Event: 0.311 Thread 0x00007fde49837a00 Exception <a 'java/lang/NoSuchMethodError'{0x0000000787cce8e8}: 'java.lang.Object java.lang.invoke.DirectMethodHandle$Holder.invokeStatic(java.lang.Object)'> (0x0000000787cce8e8) 
thrown [./open/src/hotspot/share/interpreter/linkResolver.cpp, line 790]
Event: 0.312 Thread 0x00007fde49837a00 Exception <a 'java/lang/NoSuchMethodError'{0x0000000787cd1ff0}: 'java.lang.Object java.lang.invoke.DirectMethodHandle$Holder.invokeStaticInit(java.lang.Object)'> (0x0000000787cd1ff0) 
thrown [./open/src/hotspot/share/interpreter/linkResolver.cpp, line 790]
Event: 0.319 Thread 0x00007fde49837a00 Exception <a 'java/lang/ClassNotFoundException'{0x0000000787cdcf18}: jdk/net/ExtendedSocketOptions> (0x0000000787cdcf18) 
thrown [./open/src/hotspot/share/classfile/systemDictionary.cpp, line 256]
Event: 0.322 Thread 0x00007fde49837a00 Exception <a 'java/lang/NoSuchMethodError'{0x0000000787cde778}: 'void java.lang.invoke.DirectMethodHandle$Holder.invokeStatic(java.lang.Object, java.lang.Object)'> (0x0000000787cde778) 
thrown [./open/src/hotspot/share/interpreter/linkResolver.cpp, line 790]
Event: 0.445 Thread 0x00007fde4b013200 Exception <a 'java/lang/NoSuchMethodError'{0x0000000787818490}: 'void java.lang.invoke.DirectMethodHandle$Holder.invokeSpecial(java.lang.Object, java.lang.Object, java.lang.Object)'> (0x0000000787818490) 
thrown [./open/src/hotspot/share/interpreter/linkResolver.cpp, line 790]
Event: 0.467 Thread 0x00007fde4b013200 Exception <a 'java/lang/NoSuchMethodError'{0x00000007878555c0}: 'void java.lang.invoke.DirectMethodHandle$Holder.invokeStatic(java.lang.Object, java.lang.Object, java.lang.Object)'> (0x00000007878555c0) 
thrown [./open/src/hotspot/share/interpreter/linkResolver.cpp, line 790]
Event: 0.635 Thread 0x00007fde4b013200 Exception <a 'java/lang/NoSuchMethodError'{0x0000000787872298}: 'int java.lang.invoke.DirectMethodHandle$Holder.invokeStaticInit(java.lang.Object, java.lang.Object, java.lang.Object)'> (0x0000000787872298) 
thrown [./open/src/hotspot/share/interpreter/linkResolver.cpp, line 790]

Events (20 events):
Event: 0.553 Loaded shared library /Users/hindsuleiman/.openjfx/cache/16/libprism_es2.dylib
Event: 0.631 loading class java/util/concurrent/locks/AbstractQueuedSynchronizer$ConditionNode
Event: 0.631 loading class java/util/concurrent/ForkJoinPool$ManagedBlocker
Event: 0.631 loading class java/util/concurrent/ForkJoinPool$ManagedBlocker done
Event: 0.631 loading class java/util/concurrent/locks/AbstractQueuedSynchronizer$ConditionNode done
Event: 0.697 Loaded shared library /Users/hindsuleiman/.openjfx/cache/16/libglass.dylib
Event: 0.702 loading class java/util/concurrent/BlockingDeque
Event: 0.702 loading class java/util/concurrent/BlockingDeque done
Event: 0.702 loading class java/util/concurrent/LinkedBlockingDeque
Event: 0.703 loading class java/util/concurrent/LinkedBlockingDeque done
Event: 0.703 Thread 0x00007fde490ac200 Thread added: 0x00007fde490ac200
Event: 0.703 Protecting memory [0x0000700010b55000,0x0000700010b59000] with protection modes 0
Event: 0.708 Protecting memory [0x00007ff7bcfdd000,0x00007ff7bcfe1000] with protection modes 0
Event: 0.708 Thread 0x00007fde4b0d5c00 Thread added: 0x00007fde4b0d5c00
Event: 0.835 Thread 0x00007fde4aa0de00 Thread added: 0x00007fde4aa0de00
Event: 0.835 Protecting memory [0x0000700010c58000,0x0000700010c5c000] with protection modes 0
Event: 0.995 loading class java/util/concurrent/LinkedBlockingDeque$Node
Event: 0.995 loading class java/util/concurrent/LinkedBlockingDeque$Node done
Event: 0.995 Protecting memory [0x0000700010c58000,0x0000700010c5c000] with protection modes 3
Event: 0.995 Thread 0x00007fde4aa0de00 Thread exited: 0x00007fde4aa0de00


Dynamic libraries:
0x0000000102840000 	/Library/Java/JavaVirtualMachines/jdk-16.0.2.jdk/Contents/Home/lib/libjli.dylib
0x00007ff8291db000 	/usr/lib/libz.1.dylib
0x00007ff8292bb000 	/usr/lib/libSystem.B.dylib
0x00007ff8292b6000 	/usr/lib/system/libcache.dylib
0x00007ff829272000 	/usr/lib/system/libcommonCrypto.dylib
0x00007ff82929b000 	/usr/lib/system/libcompiler_rt.dylib
0x00007ff829291000 	/usr/lib/system/libcopyfile.dylib
0x00007ff81e249000 	/usr/lib/system/libcorecrypto.dylib
0x00007ff81e307000 	/usr/lib/system/libdispatch.dylib
0x00007ff81e4c7000 	/usr/lib/system/libdyld.dylib
0x00007ff8292ad000 	/usr/lib/system/libkeymgr.dylib
0x00007ff829250000 	/usr/lib/system/libmacho.dylib
0x00007ff8288d1000 	/usr/lib/system/libquarantine.dylib
0x00007ff8292ab000 	/usr/lib/system/libremovefile.dylib
0x00007ff82345c000 	/usr/lib/system/libsystem_asl.dylib
0x00007ff81e1f2000 	/usr/lib/system/libsystem_blocks.dylib
0x00007ff81e38b000 	/usr/lib/system/libsystem_c.dylib
0x00007ff8292a3000 	/usr/lib/system/libsystem_collections.dylib
0x00007ff827b85000 	/usr/lib/system/libsystem_configuration.dylib
0x00007ff826e2e000 	/usr/lib/system/libsystem_containermanager.dylib
0x00007ff828f88000 	/usr/lib/system/libsystem_coreservices.dylib
0x00007ff820afd000 	/usr/lib/system/libsystem_darwin.dylib
0x00007ff8292ae000 	/usr/lib/system/libsystem_dnssd.dylib
0x00007ff81e388000 	/usr/lib/system/libsystem_featureflags.dylib
0x00007ff81e4dd000 	/usr/lib/system/libsystem_info.dylib
0x00007ff8291ee000 	/usr/lib/system/libsystem_m.dylib
0x00007ff81e2db000 	/usr/lib/system/libsystem_malloc.dylib
0x00007ff8233f7000 	/usr/lib/system/libsystem_networkextension.dylib
0x00007ff820f23000 	/usr/lib/system/libsystem_notify.dylib
0x00007ff82f52b000 	/usr/lib/system/libsystem_product_info_filter.dylib
0x00007ff827b89000 	/usr/lib/system/libsystem_sandbox.dylib
0x00007ff8292a8000 	/usr/lib/system/libsystem_secinit.dylib
0x00007ff81e483000 	/usr/lib/system/libsystem_kernel.dylib
0x00007ff81e4d3000 	/usr/lib/system/libsystem_platform.dylib
0x00007ff81e4bb000 	/usr/lib/system/libsystem_pthread.dylib
0x00007ff824caa000 	/usr/lib/system/libsystem_symptoms.dylib
0x00007ff81e230000 	/usr/lib/system/libsystem_trace.dylib
0x00007ff82927e000 	/usr/lib/system/libunwind.dylib
0x00007ff81e1f4000 	/usr/lib/system/libxpc.dylib
0x00007ff81e46d000 	/usr/lib/libc++abi.dylib
0x00007ff81e34e000 	/usr/lib/libobjc.A.dylib
0x00007ff829289000 	/usr/lib/liboah.dylib
0x00007ff81e414000 	/usr/lib/libc++.1.dylib
0x00007ff83532d000 	/System/Library/Frameworks/Cocoa.framework/Versions/A/Cocoa
0x00007ff820f81000 	/System/Library/Frameworks/AppKit.framework/Versions/C/AppKit
0x00007ff824498000 	/System/Library/Frameworks/CoreData.framework/Versions/A/CoreData
0x00007ff81f384000 	/System/Library/Frameworks/Foundation.framework/Versions/C/Foundation
0x00007ff821e11000 	/System/Library/PrivateFrameworks/UIFoundation.framework/Versions/A/UIFoundation
0x00007ff82f22e000 	/System/Library/PrivateFrameworks/RemoteViewServices.framework/Versions/A/RemoteViewServices
0x00007ff82750f000 	/System/Library/PrivateFrameworks/XCTTargetBootstrap.framework/Versions/A/XCTTargetBootstrap
0x00007ff82b0c4000 	/System/Library/PrivateFrameworks/InternationalSupport.framework/Versions/A/InternationalSupport
0x00007ff82b14e000 	/System/Library/PrivateFrameworks/UserActivity.framework/Versions/A/UserActivity
0x00007ff82a4a2000 	/usr/lib/libspindump.dylib
0x00007ff8220a0000 	/System/Library/Frameworks/UniformTypeIdentifiers.framework/Versions/A/UniformTypeIdentifiers
0x00007ff825c33000 	/usr/lib/libapp_launch_measurement.dylib
0x00007ff824e6a000 	/System/Library/PrivateFrameworks/CoreAnalytics.framework/Versions/A/CoreAnalytics
0x00007ff825c36000 	/System/Library/PrivateFrameworks/CoreAutoLayout.framework/Versions/A/CoreAutoLayout
0x00007ff826e66000 	/System/Library/Frameworks/Metal.framework/Versions/A/Metal
0x00007ff827b95000 	/usr/lib/liblangid.dylib
0x00007ff827514000 	/System/Library/PrivateFrameworks/CoreSVG.framework/Versions/A/CoreSVG
0x00007ff82348c000 	/System/Library/PrivateFrameworks/SkyLight.framework/Versions/A/SkyLight
0x00007ff82382b000 	/System/Library/Frameworks/CoreGraphics.framework/Versions/A/CoreGraphics
0x00007ff82f8ee000 	/System/Library/Frameworks/Accelerate.framework/Versions/A/Accelerate
0x00007ff829f21000 	/System/Library/PrivateFrameworks/IconServices.framework/Versions/A/IconServices
0x00007ff826e4b000 	/System/Library/Frameworks/IOSurface.framework/Versions/A/IOSurface
0x00007ff824e98000 	/usr/lib/libDiagnosticMessagesClient.dylib
0x00007ff832fd1000 	/System/Library/Frameworks/ApplicationServices.framework/Versions/A/ApplicationServices
0x00007ff8274fb000 	/System/Library/PrivateFrameworks/DFRFoundation.framework/Versions/A/DFRFoundation
0x00007ff820869000 	/usr/lib/libicucore.A.dylib
0x00007ff82beba000 	/System/Library/Frameworks/AudioToolbox.framework/Versions/A/AudioToolbox
0x00007ff82b0d0000 	/System/Library/PrivateFrameworks/DataDetectorsCore.framework/Versions/A/DataDetectorsCore
0x00007ff9275cf000 	/System/Library/PrivateFrameworks/TextInput.framework/Versions/A/TextInput
0x00007ff82340f000 	/usr/lib/libMobileGestalt.dylib
0x00007ff827207000 	/System/Library/Frameworks/Carbon.framework/Versions/A/Frameworks/HIToolbox.framework/Versions/A/HIToolbox
0x00007ff825635000 	/System/Library/Frameworks/QuartzCore.framework/Versions/A/QuartzCore
0x00007ff82050e000 	/System/Library/Frameworks/Security.framework/Versions/A/Security
0x00007ff82f266000 	/System/Library/Frameworks/Carbon.framework/Versions/A/Frameworks/SpeechRecognition.framework/Versions/A/SpeechRecognition
0x00007ff825993000 	/System/Library/PrivateFrameworks/CoreUI.framework/Versions/A/CoreUI
0x00007ff81fdd8000 	/System/Library/Frameworks/CoreAudio.framework/Versions/A/CoreAudio
0x00007ff824f87000 	/System/Library/Frameworks/DiskArbitration.framework/Versions/A/DiskArbitration
0x00007ff82a890000 	/System/Library/PrivateFrameworks/MultitouchSupport.framework/Versions/A/MultitouchSupport
0x00007ff82340e000 	/usr/lib/libenergytrace.dylib
0x00007ff820e6d000 	/System/Library/Frameworks/IOKit.framework/Versions/A/IOKit
0x00007ff82f656000 	/System/Library/Frameworks/CoreServices.framework/Versions/A/CoreServices
0x00007ff825bcd000 	/System/Library/PrivateFrameworks/PerformanceAnalysis.framework/Versions/A/PerformanceAnalysis
0x00007ffa372ac000 	/System/Library/Frameworks/OpenGL.framework/Versions/A/OpenGL
0x00007ff8287f7000 	/System/Library/PrivateFrameworks/MobileKeyBag.framework/Versions/A/MobileKeyBag
0x00007ff823ef7000 	/System/Library/Frameworks/ColorSync.framework/Versions/A/ColorSync
0x00007ff81e508000 	/System/Library/Frameworks/CoreFoundation.framework/Versions/A/CoreFoundation
0x00007ff82778b000 	/System/Library/Frameworks/CoreImage.framework/Versions/A/CoreImage
0x00007ff81fbec000 	/System/Library/Frameworks/CoreText.framework/Versions/A/CoreText
0x00007ff827544000 	/System/Library/Frameworks/ImageIO.framework/Versions/A/ImageIO
0x00007ff8292c1000 	/System/Library/PrivateFrameworks/SoftLinking.framework/Versions/A/SoftLinking
0x00007ff825c7e000 	/usr/lib/libxml2.2.dylib
0x00007ff829545000 	/usr/lib/libcompression.dylib
0x00007ff82aff7000 	/System/Library/PrivateFrameworks/TextureIO.framework/Versions/A/TextureIO
0x00007ff829c33000 	/usr/lib/libate.dylib
0x00007ff829a0f000 	/usr/lib/liblzma.5.dylib
0x00007ff81f096000 	/System/Library/Frameworks/SystemConfiguration.framework/Versions/A/SystemConfiguration
0x00007ff8292bd000 	/usr/lib/libfakelink.dylib
0x00007ff822f67000 	/System/Library/Frameworks/CFNetwork.framework/Versions/A/CFNetwork
0x00007ff8293fe000 	/usr/lib/libarchive.2.dylib
0x00007ff827b91000 	/System/Library/PrivateFrameworks/AppleSystemInfo.framework/Versions/A/AppleSystemInfo
0x00007ff8288f8000 	/usr/lib/libbsm.0.dylib
0x00007ff822576000 	/usr/lib/libnetwork.dylib
0x00007ff829256000 	/usr/lib/system/libkxld.dylib
0x00007ff82852b000 	/System/Library/PrivateFrameworks/IOMobileFramebuffer.framework/Versions/A/IOMobileFramebuffer
0x00007ffb36c81000 	/usr/lib/libCoreEntitlements.dylib
0x00007ff828f6a000 	/System/Library/PrivateFrameworks/AppleFSCompression.framework/Versions/A/AppleFSCompression
0x00007ff8288e0000 	/usr/lib/libcoretls.dylib
0x00007ff829a29000 	/usr/lib/libcoretls_cfhelpers.dylib
0x00007ff829540000 	/usr/lib/libpam.2.dylib
0x00007ff8248c9000 	/usr/lib/libsqlite3.dylib
0x00007ff829a98000 	/usr/lib/libxar.1.dylib
0x00007ff828f7a000 	/usr/lib/libbz2.1.0.dylib
0x00007ff8292c2000 	/usr/lib/libpcap.A.dylib
0x00007ff824ca2000 	/usr/lib/libdns_services.dylib
0x00007ff829510000 	/usr/lib/libapple_nghttp2.dylib
0x00007ff8292fc000 	/usr/lib/libiconv.2.dylib
0x00007ff82924f000 	/usr/lib/libcharset.1.dylib
0x00007ff825c01000 	/System/Library/Frameworks/CoreServices.framework/Versions/A/Frameworks/FSEvents.framework/Versions/A/FSEvents
0x00007ff820b07000 	/System/Library/Frameworks/CoreServices.framework/Versions/A/Frameworks/CarbonCore.framework/Versions/A/CarbonCore
0x00007ff824eeb000 	/System/Library/Frameworks/CoreServices.framework/Versions/A/Frameworks/Metadata.framework/Versions/A/Metadata
0x00007ff828f8d000 	/System/Library/Frameworks/CoreServices.framework/Versions/A/Frameworks/OSServices.framework/Versions/A/OSServices
0x00007ff829485000 	/System/Library/Frameworks/CoreServices.framework/Versions/A/Frameworks/SearchKit.framework/Versions/A/SearchKit
0x00007ff824c34000 	/System/Library/Frameworks/CoreServices.framework/Versions/A/Frameworks/AE.framework/Versions/A/AE
0x00007ff81ea0b000 	/System/Library/Frameworks/CoreServices.framework/Versions/A/Frameworks/LaunchServices.framework/Versions/A/LaunchServices
0x00007ff8299c0000 	/System/Library/Frameworks/CoreServices.framework/Versions/A/Frameworks/DictionaryServices.framework/Versions/A/DictionaryServices
0x00007ff825c0e000 	/System/Library/Frameworks/CoreServices.framework/Versions/A/Frameworks/SharedFileList.framework/Versions/A/SharedFileList
0x00007ff8288d4000 	/usr/lib/libCheckFix.dylib
0x00007ff823473000 	/System/Library/PrivateFrameworks/TCC.framework/Versions/A/TCC
0x00007ff827b97000 	/System/Library/PrivateFrameworks/CoreNLP.framework/Versions/A/CoreNLP
0x00007ff824e9b000 	/System/Library/PrivateFrameworks/MetadataUtilities.framework/Versions/A/MetadataUtilities
0x00007ff81f147000 	/usr/lib/libmecabra.dylib
0x00007ff828908000 	/usr/lib/libmecab.dylib
0x00007ff81f112000 	/usr/lib/libCRFSuite.dylib
0x00007ff828962000 	/usr/lib/libgermantok.dylib
0x00007ff8294eb000 	/usr/lib/libThaiTokenizer.dylib
0x00007ff824f8e000 	/System/Library/Frameworks/Accelerate.framework/Versions/A/Frameworks/vImage.framework/Versions/A/vImage
0x00007ff82f62d000 	/System/Library/Frameworks/Accelerate.framework/Versions/A/Frameworks/vecLib.framework/Versions/A/vecLib
0x00007ff829ad9000 	/System/Library/Frameworks/Accelerate.framework/Versions/A/Frameworks/vecLib.framework/Versions/A/libvMisc.dylib
0x00007ff828356000 	/System/Library/Frameworks/Accelerate.framework/Versions/A/Frameworks/vecLib.framework/Versions/A/libvDSP.dylib
0x00007ff81ed86000 	/System/Library/Frameworks/Accelerate.framework/Versions/A/Frameworks/vecLib.framework/Versions/A/libBLAS.dylib
0x00007ff829622000 	/System/Library/Frameworks/Accelerate.framework/Versions/A/Frameworks/vecLib.framework/Versions/A/libLAPACK.dylib
0x00007ff828965000 	/System/Library/Frameworks/Accelerate.framework/Versions/A/Frameworks/vecLib.framework/Versions/A/libLinearAlgebra.dylib
0x00007ff829528000 	/System/Library/Frameworks/Accelerate.framework/Versions/A/Frameworks/vecLib.framework/Versions/A/libSparseBLAS.dylib
0x00007ff82961c000 	/System/Library/Frameworks/Accelerate.framework/Versions/A/Frameworks/vecLib.framework/Versions/A/libQuadrature.dylib
0x00007ff827c82000 	/System/Library/Frameworks/Accelerate.framework/Versions/A/Frameworks/vecLib.framework/Versions/A/libBNNS.dylib
0x00007ff81f020000 	/System/Library/Frameworks/Accelerate.framework/Versions/A/Frameworks/vecLib.framework/Versions/A/libSparse.dylib
0x00007ff827c7b000 	/System/Library/PrivateFrameworks/LinguisticData.framework/Versions/A/LinguisticData
0x00007ff81efd6000 	/System/Library/PrivateFrameworks/Lexicon.framework/Versions/A/Lexicon
0x00007ff829ad2000 	/usr/lib/libChineseTokenizer.dylib
0x00007ff81f741000 	/System/Library/PrivateFrameworks/LanguageModeling.framework/Versions/A/LanguageModeling
0x00007ff8294ed000 	/System/Library/PrivateFrameworks/AppleSauce.framework/Versions/A/AppleSauce
0x00007ff828519000 	/System/Library/PrivateFrameworks/CoreEmoji.framework/Versions/A/CoreEmoji
0x00007ff8293ed000 	/usr/lib/libcmph.dylib
0x00007ff825be5000 	/System/Library/Frameworks/OpenDirectory.framework/Versions/A/Frameworks/CFOpenDirectory.framework/Versions/A/CFOpenDirectory
0x00007ff825bd9000 	/System/Library/Frameworks/OpenDirectory.framework/Versions/A/OpenDirectory
0x00007ff829a2b000 	/System/Library/PrivateFrameworks/APFS.framework/Versions/A/APFS
0x00007ff82882f000 	/System/Library/Frameworks/SecurityFoundation.framework/Versions/A/SecurityFoundation
0x00007ff829aa6000 	/usr/lib/libutil.dylib
0x00007ff820e31000 	/System/Library/PrivateFrameworks/CoreServicesStore.framework/Versions/A/CoreServicesStore
0x00007ff829aaa000 	/usr/lib/libxslt.1.dylib
0x00007ff8288bc000 	/System/Library/PrivateFrameworks/BackgroundTaskManagement.framework/Versions/A/BackgroundTaskManagement
0x00007ff82af17000 	/System/Library/Frameworks/ImageIO.framework/Versions/A/Resources/libRadiance.dylib
0x00007ff82af20000 	/System/Library/Frameworks/ImageIO.framework/Versions/A/Resources/libJPEG.dylib
0x00007ff82ae6f000 	/System/Library/Frameworks/ImageIO.framework/Versions/A/Resources/libPng.dylib
0x00007ff82ae90000 	/System/Library/Frameworks/ImageIO.framework/Versions/A/Resources/libTIFF.dylib
0x00007ff82af80000 	/System/Library/Frameworks/ImageIO.framework/Versions/A/Resources/libGIF.dylib
0x00007ff82a7aa000 	/System/Library/Frameworks/ImageIO.framework/Versions/A/Resources/libJP2.dylib
0x00007ff829ee8000 	/usr/lib/libexpat.1.dylib
0x00007ff82a75f000 	/System/Library/PrivateFrameworks/AppleJPEG.framework/Versions/A/AppleJPEG
0x00007ff8270cb000 	/System/Library/PrivateFrameworks/FontServices.framework/libFontParser.dylib
0x00007ff824bde000 	/System/Library/PrivateFrameworks/RunningBoardServices.framework/Versions/A/RunningBoardServices
0x00007ff8358e8000 	/System/Library/PrivateFrameworks/IOSurfaceAccelerator.framework/Versions/A/IOSurfaceAccelerator
0x00007ff82a88c000 	/System/Library/PrivateFrameworks/WatchdogClient.framework/Versions/A/WatchdogClient
0x00007ff81f82f000 	/System/Library/Frameworks/CoreDisplay.framework/Versions/A/CoreDisplay
0x00007ff826fc9000 	/System/Library/Frameworks/CoreMedia.framework/Versions/A/CoreMedia
0x00007ff826e5d000 	/System/Library/PrivateFrameworks/IOAccelerator.framework/Versions/A/IOAccelerator
0x00007ff825d62000 	/System/Library/Frameworks/CoreVideo.framework/Versions/A/CoreVideo
0x00007ff82953e000 	/System/Library/Frameworks/MetalPerformanceShaders.framework/Versions/A/MetalPerformanceShaders
0x00007ff82a8c9000 	/System/Library/Frameworks/VideoToolbox.framework/Versions/A/VideoToolbox
0x00007ff824b28000 	/System/Library/PrivateFrameworks/BaseBoard.framework/Versions/A/BaseBoard
0x00007ff8248af000 	/System/Library/PrivateFrameworks/ProtocolBuffer.framework/Versions/A/ProtocolBuffer
0x00007ff82af10000 	/System/Library/PrivateFrameworks/GPUWrangler.framework/Versions/A/GPUWrangler
0x00007ff82aef4000 	/System/Library/PrivateFrameworks/IOPresentment.framework/Versions/A/IOPresentment
0x00007ff82af1a000 	/System/Library/PrivateFrameworks/DSExternalDisplay.framework/Versions/A/DSExternalDisplay
0x00007ffa372a0000 	/System/Library/Frameworks/OpenGL.framework/Versions/A/Libraries/libCoreFSCache.dylib
0x00007ffb24378000 	/System/Library/PrivateFrameworks/GPUCompiler.framework/Versions/31001/Libraries/libGPUCompilerUtils.dylib
0x00007ff82af85000 	/System/Library/PrivateFrameworks/CMCaptureCore.framework/Versions/A/CMCaptureCore
0x00007ff82a490000 	/System/Library/PrivateFrameworks/AppServerSupport.framework/Versions/A/AppServerSupport
0x00007ff82c753000 	/System/Library/PrivateFrameworks/perfdata.framework/Versions/A/perfdata
0x00007ff81f95b000 	/System/Library/PrivateFrameworks/AudioToolboxCore.framework/Versions/A/AudioToolboxCore
0x00007ff826fa7000 	/System/Library/PrivateFrameworks/caulk.framework/Versions/A/caulk
0x00007ff82c065000 	/usr/lib/libAudioStatistics.dylib
0x00007ff923d5d000 	/System/Library/PrivateFrameworks/SystemPolicy.framework/Versions/A/SystemPolicy
0x00007ff82c2c0000 	/usr/lib/libSMC.dylib
0x00007ff8351e0000 	/System/Library/Frameworks/CoreMIDI.framework/Versions/A/CoreMIDI
0x00007ff82ae3e000 	/usr/lib/libAudioToolboxUtility.dylib
0x00007ff91ff85000 	/System/Library/PrivateFrameworks/OSAServicesClient.framework/Versions/A/OSAServicesClient
0x00007ff82c760000 	/usr/lib/libperfcheck.dylib
0x00007ff92480a000 	/usr/lib/libmis.dylib
0x00007ffa372fb000 	/System/Library/Frameworks/OpenGL.framework/Versions/A/Libraries/libGLU.dylib
0x00007ffa372bf000 	/System/Library/Frameworks/OpenGL.framework/Versions/A/Libraries/libGFXShared.dylib
0x00007ffa374c8000 	/System/Library/Frameworks/OpenGL.framework/Versions/A/Libraries/libGL.dylib
0x00007ffa372c8000 	/System/Library/Frameworks/OpenGL.framework/Versions/A/Libraries/libGLImage.dylib
0x00007ffa372bc000 	/System/Library/Frameworks/OpenGL.framework/Versions/A/Libraries/libCVMSPluginSupport.dylib
0x00007ffa372a7000 	/System/Library/Frameworks/OpenGL.framework/Versions/A/Libraries/libCoreVMClient.dylib
0x00007ff827b13000 	/System/Library/Frameworks/MetalPerformanceShaders.framework/Versions/A/Frameworks/MPSCore.framework/Versions/A/MPSCore
0x00007ff828ed5000 	/System/Library/Frameworks/MetalPerformanceShaders.framework/Versions/A/Frameworks/MPSImage.framework/Versions/A/MPSImage
0x00007ff82897b000 	/System/Library/Frameworks/MetalPerformanceShaders.framework/Versions/A/Frameworks/MPSNeuralNetwork.framework/Versions/A/MPSNeuralNetwork
0x00007ff828def000 	/System/Library/Frameworks/MetalPerformanceShaders.framework/Versions/A/Frameworks/MPSMatrix.framework/Versions/A/MPSMatrix
0x00007ff828baa000 	/System/Library/Frameworks/MetalPerformanceShaders.framework/Versions/A/Frameworks/MPSRayIntersector.framework/Versions/A/MPSRayIntersector
0x00007ff828e27000 	/System/Library/Frameworks/MetalPerformanceShaders.framework/Versions/A/Frameworks/MPSNDArray.framework/Versions/A/MPSNDArray
0x00007ffa3cd80000 	/System/Library/Frameworks/MetalPerformanceShaders.framework/Versions/A/Frameworks/MPSFunctions.framework/Versions/A/MPSFunctions
0x00007ff81ec62000 	/System/Library/PrivateFrameworks/MetalTools.framework/Versions/A/MetalTools
0x00007ff827b8f000 	/System/Library/PrivateFrameworks/AggregateDictionary.framework/Versions/A/AggregateDictionary
0x00007ff829cca000 	/usr/lib/libIOReport.dylib
0x00007ffa388d7000 	/System/Library/Frameworks/OpenCL.framework/Versions/A/OpenCL
0x00007ff82a02e000 	/System/Library/PrivateFrameworks/FaceCore.framework/Versions/A/FaceCore
0x00007ff82a01f000 	/System/Library/PrivateFrameworks/GraphVisualizer.framework/Versions/A/GraphVisualizer
0x00007ffb24283000 	/System/Library/PrivateFrameworks/FontServices.framework/Versions/A/FontServices
0x00007ff82a448000 	/System/Library/PrivateFrameworks/OTSVG.framework/Versions/A/OTSVG
0x00007ff825948000 	/System/Library/Frameworks/ApplicationServices.framework/Versions/A/Frameworks/ATS.framework/Versions/A/Resources/libFontRegistry.dylib
0x00007ff82a498000 	/System/Library/PrivateFrameworks/FontServices.framework/libhvf.dylib
0x00007ffb24284000 	/System/Library/PrivateFrameworks/FontServices.framework/libXTFontStaticRegistryData.dylib
0x00007ff829e98000 	/System/Library/PrivateFrameworks/AppleVA.framework/Versions/A/AppleVA
0x00007ff82c085000 	/System/Library/Frameworks/ApplicationServices.framework/Versions/A/Frameworks/ATS.framework/Versions/A/ATS
0x00007ff823ff5000 	/System/Library/Frameworks/ApplicationServices.framework/Versions/A/Frameworks/HIServices.framework/Versions/A/HIServices
0x00007ff82af8f000 	/System/Library/Frameworks/ApplicationServices.framework/Versions/A/Frameworks/PrintCore.framework/Versions/A/PrintCore
0x00007ff82c413000 	/System/Library/Frameworks/ApplicationServices.framework/Versions/A/Frameworks/QD.framework/Versions/A/QD
0x00007ff82c40b000 	/System/Library/Frameworks/ApplicationServices.framework/Versions/A/Frameworks/ColorSyncLegacy.framework/Versions/A/ColorSyncLegacy
0x00007ff82c075000 	/System/Library/Frameworks/ApplicationServices.framework/Versions/A/Frameworks/SpeechSynthesis.framework/Versions/A/SpeechSynthesis
0x00007ff82af50000 	/System/Library/Frameworks/ApplicationServices.framework/Versions/A/Frameworks/ATSUI.framework/Versions/A/ATSUI
0x00007ff82c3a0000 	/usr/lib/libcups.2.dylib
0x00007ff82c76f000 	/System/Library/Frameworks/Kerberos.framework/Versions/A/Kerberos
0x00007ff82c77e000 	/System/Library/Frameworks/GSS.framework/Versions/A/GSS
0x00007ff82c0f1000 	/usr/lib/libresolv.9.dylib
0x00007ff82a4a7000 	/System/Library/PrivateFrameworks/Heimdal.framework/Versions/A/Heimdal
0x00007ff833363000 	/System/Library/Frameworks/Kerberos.framework/Versions/A/Libraries/libHeimdalProxy.dylib
0x00007ff824cb2000 	/System/Library/Frameworks/Network.framework/Versions/A/Network
0x00007ff829f02000 	/usr/lib/libheimdal-asn1.dylib
0x00007ff82c7c9000 	/System/Library/PrivateFrameworks/CommonAuth.framework/Versions/A/CommonAuth
0x00007ff82bff7000 	/System/Library/PrivateFrameworks/AudioSession.framework/Versions/A/AudioSession
0x00007ff829f92000 	/System/Library/PrivateFrameworks/MediaExperience.framework/Versions/A/MediaExperience
0x00007ff82be89000 	/System/Library/PrivateFrameworks/AudioSession.framework/libSessionUtility.dylib
0x00007ff82c41f000 	/System/Library/PrivateFrameworks/AudioResourceArbitration.framework/Versions/A/AudioResourceArbitration
0x00007ff8304a0000 	/System/Library/PrivateFrameworks/PowerLog.framework/Versions/A/PowerLog
0x00007ff829f0b000 	/System/Library/PrivateFrameworks/IconFoundation.framework/Versions/A/IconFoundation
0x00007ff82f256000 	/System/Library/PrivateFrameworks/SpeechRecognitionCore.framework/Versions/A/SpeechRecognitionCore
0x0000000103880000 	/Library/Java/JavaVirtualMachines/jdk-16.0.2.jdk/Contents/Home/lib/server/libjvm.dylib
0x000000010286a000 	/Library/Java/JavaVirtualMachines/jdk-16.0.2.jdk/Contents/Home/lib/libjimage.dylib
0x0000000102886000 	/Library/Java/JavaVirtualMachines/jdk-16.0.2.jdk/Contents/Home/lib/libinstrument.dylib
0x00000001028c1000 	/Library/Java/JavaVirtualMachines/jdk-16.0.2.jdk/Contents/Home/lib/libjava.dylib
0x0000000103747000 	/Library/Java/JavaVirtualMachines/jdk-16.0.2.jdk/Contents/Home/lib/libnio.dylib
0x000000010375b000 	/Library/Java/JavaVirtualMachines/jdk-16.0.2.jdk/Contents/Home/lib/libnet.dylib
0x0000000103775000 	/Library/Java/JavaVirtualMachines/jdk-16.0.2.jdk/Contents/Home/lib/libzip.dylib
0x0000000103783000 	/Users/hindsuleiman/.openjfx/cache/16/libprism_es2.dylib
0x00007ff820df3000 	/System/Library/PrivateFrameworks/CoreServicesInternal.framework/Versions/A/CoreServicesInternal
0x00007ffa374d3000 	/System/Library/Frameworks/OpenGL.framework/Versions/A/Resources/GLEngine.bundle/GLEngine
0x00007ffa37339000 	/System/Library/Frameworks/OpenGL.framework/Versions/A/Libraries/libGLProgrammability.dylib
0x00007ffa2fca5000 	/System/Library/Extensions/AppleIntelBDWGraphicsGLDriver.bundle/Contents/MacOS/AppleIntelBDWGraphicsGLDriver
0x00007ff92e9a5000 	/System/Library/PrivateFrameworks/GPUSupport.framework/Versions/A/Libraries/libGPUSupportMercury.dylib
0x00007ffa3765d000 	/System/Library/Frameworks/OpenGL.framework/Versions/A/Resources/GLRendererFloat.bundle/GLRendererFloat
0x00000001111e3000 	/Users/hindsuleiman/.openjfx/cache/16/libglass.dylib
0x00007ff830a91000 	/System/Library/Frameworks/FileProvider.framework/Versions/A/FileProvider
0x00007ff824a95000 	/System/Library/Frameworks/Accounts.framework/Versions/A/Accounts
0x00007ff830c0a000 	/System/Library/PrivateFrameworks/GenerationalStorage.framework/Versions/A/GenerationalStorage
0x00007ff83171a000 	/System/Library/PrivateFrameworks/CoreSymbolication.framework/Versions/A/CoreSymbolication
0x00007ff830495000 	/System/Library/PrivateFrameworks/SymptomDiagnosticReporter.framework/Versions/A/SymptomDiagnosticReporter
0x00007ff8220b4000 	/System/Library/PrivateFrameworks/DesktopServicesPriv.framework/Versions/A/DesktopServicesPriv
0x00007ff820f32000 	/usr/lib/libsandbox.1.dylib
0x00007ff825de1000 	/System/Library/PrivateFrameworks/UserManagement.framework/Versions/A/UserManagement
0x00007ff8316df000 	/System/Library/PrivateFrameworks/DebugSymbols.framework/Versions/A/DebugSymbols
0x00007ff82c400000 	/System/Library/PrivateFrameworks/NetAuth.framework/Versions/A/NetAuth
0x00007ff82d30f000 	/System/Library/PrivateFrameworks/Sharing.framework/Versions/A/Sharing
0x00007ff825db4000 	/System/Library/PrivateFrameworks/login.framework/Versions/A/Frameworks/loginsupport.framework/Versions/A/loginsupport
0x00007ff83287d000 	/System/Library/PrivateFrameworks/Apple80211.framework/Versions/A/Apple80211
0x00007ff828fba000 	/System/Library/PrivateFrameworks/AuthKit.framework/Versions/A/AuthKit
0x00007ff82860f000 	/System/Library/PrivateFrameworks/CoreUtils.framework/Versions/A/CoreUtils
0x00007ff828536000 	/System/Library/Frameworks/CoreWLAN.framework/Versions/A/CoreWLAN
0x00007ff82d46e000 	/System/Library/Frameworks/IOBluetooth.framework/Versions/A/IOBluetooth
0x00007ff8328e5000 	/System/Library/PrivateFrameworks/CoreWiFi.framework/Versions/A/CoreWiFi
0x00007ff8312b4000 	/System/Library/PrivateFrameworks/FrontBoardServices.framework/Versions/A/FrontBoardServices
0x00007ff831345000 	/System/Library/PrivateFrameworks/BoardServices.framework/Versions/A/BoardServices
0x00007ff82881e000 	/System/Library/PrivateFrameworks/AssertionServices.framework/Versions/A/AssertionServices
0x00007ff832a68000 	/System/Library/PrivateFrameworks/BackBoardServices.framework/Versions/A/BackBoardServices
0x00007ff82c85a000 	/System/Library/PrivateFrameworks/CorePhoneNumbers.framework/Versions/A/CorePhoneNumbers
0x00007ff82c11e000 	/System/Library/PrivateFrameworks/MultiverseSupport.framework/Versions/A/MultiverseSupport
0x00007ff832cdc000 	/System/Library/PrivateFrameworks/RemoteServiceDiscovery.framework/Versions/A/RemoteServiceDiscovery
0x00007ff8305b2000 	/System/Library/PrivateFrameworks/DiskManagement.framework/Versions/A/DiskManagement
0x00007ff8304c6000 	/System/Library/PrivateFrameworks/AppleIDAuthSupport.framework/Versions/A/AppleIDAuthSupport
0x00007ffb1ebfe000 	/System/Library/PrivateFrameworks/AAAFoundation.framework/Versions/A/AAAFoundation
0x00007ff82c83b000 	/System/Library/PrivateFrameworks/KeychainCircle.framework/Versions/A/KeychainCircle
0x00007ff832cec000 	/System/Library/PrivateFrameworks/RemoteXPC.framework/Versions/A/RemoteXPC
0x00007ff83057e000 	/System/Library/PrivateFrameworks/MediaKit.framework/Versions/A/MediaKit
0x00007ff8304d2000 	/System/Library/Frameworks/DiscRecording.framework/Versions/A/DiscRecording
0x00007ff829e10000 	/usr/lib/libCoreStorage.dylib
0x00007ff832d57000 	/usr/lib/libcsfde.dylib
0x00007ff82d53b000 	/System/Library/PrivateFrameworks/ProtectedCloudStorage.framework/Versions/A/ProtectedCloudStorage
0x00007ff832d53000 	/System/Library/PrivateFrameworks/EFILogin.framework/Versions/A/EFILogin
0x00007ff830c30000 	/System/Library/PrivateFrameworks/OctagonTrust.framework/Versions/A/OctagonTrust
0x00007ffb234e6000 	/System/Library/PrivateFrameworks/CoreUtilsExtras.framework/Versions/A/CoreUtilsExtras
0x00007ff8303f9000 	/System/Library/Frameworks/CoreBluetooth.framework/Versions/A/CoreBluetooth
0x00007ff8333e8000 	/System/Library/Frameworks/AudioUnit.framework/Versions/A/AudioUnit
0x00007ff829e08000 	/usr/lib/libMatch.1.dylib
0x00007ff928e2e000 	/System/Library/Frameworks/Accelerate.framework/Versions/A/Frameworks/vImage.framework/Versions/A/Libraries/libCGInterfaces.dylib
0x0000000111a76000 	/usr/lib/libobjc-trampolines.dylib
0x00007ff825ad9000 	/System/Library/PrivateFrameworks/ViewBridge.framework/Versions/A/ViewBridge


VM Arguments:
jvm_args: -javaagent:/Applications/IntelliJ IDEA CE.app/Contents/lib/idea_rt.jar=56179:/Applications/IntelliJ IDEA CE.app/Contents/bin -Dfile.encoding=UTF-8 --module-path=/Users/hindsuleiman/.m2/repository/org/openjfx/javafx-base/16/javafx-base-16-mac.jar:/Users/hindsuleiman/.m2/repository/org/openjfx/javafx-graphics/16/javafx-graphics-16-mac.jar:/Users/hindsuleiman/demo/ThirdDataStructureProject/target/classes:/Users/hindsuleiman/.m2/repository/org/openjfx/javafx-controls/16/javafx-controls-16-mac.jar:/Users/hindsuleiman/.m2/repository/org/openjfx/javafx-fxml/16/javafx-fxml-16-mac.jar -Djdk.module.main=com.example.thirddatastructureproject 
java_command: com.example.thirddatastructureproject/com.example.thirddatastructureproject.HelloApplication
java_class_path (initial): /Users/hindsuleiman/.m2/repository/org/openjfx/javafx-controls/16/javafx-controls-16.jar:/Users/hindsuleiman/.m2/repository/org/openjfx/javafx-graphics/16/javafx-graphics-16.jar:/Users/hindsuleiman/.m2/repository/org/openjfx/javafx-base/16/javafx-base-16.jar:/Users/hindsuleiman/.m2/repository/org/openjfx/javafx-fxml/16/javafx-fxml-16.jar
Launcher Type: SUN_STANDARD

[Global flags]
     intx CICompilerCount                          = 3                                         {product} {ergonomic}
     uint ConcGCThreads                            = 1                                         {product} {ergonomic}
     uint G1ConcRefinementThreads                  = 4                                         {product} {ergonomic}
   size_t G1HeapRegionSize                         = 1048576                                   {product} {ergonomic}
    uintx GCDrainStackTargetSize                   = 64                                        {product} {ergonomic}
   size_t InitialHeapSize                          = 134217728                                 {product} {ergonomic}
   size_t MarkStackSize                            = 4194304                                   {product} {ergonomic}
   size_t MaxHeapSize                              = 2147483648                                {product} {ergonomic}
   size_t MaxNewSize                               = 1287651328                                {product} {ergonomic}
   size_t MinHeapDeltaBytes                        = 1048576                                   {product} {ergonomic}
   size_t MinHeapSize                              = 8388608                                   {product} {ergonomic}
    uintx NonNMethodCodeHeapSize                   = 5832780                                {pd product} {ergonomic}
    uintx NonProfiledCodeHeapSize                  = 122912730                              {pd product} {ergonomic}
    uintx ProfiledCodeHeapSize                     = 122912730                              {pd product} {ergonomic}
    uintx ReservedCodeCacheSize                    = 251658240                              {pd product} {ergonomic}
     bool SegmentedCodeCache                       = true                                      {product} {ergonomic}
   size_t SoftMaxHeapSize                          = 2147483648                             {manageable} {ergonomic}
     bool UseCompressedClassPointers               = true                           {product lp64_product} {ergonomic}
     bool UseCompressedOops                        = true                           {product lp64_product} {ergonomic}
     bool UseG1GC                                  = true                                      {product} {ergonomic}
     bool UseNUMA                                  = false                                     {product} {ergonomic}
     bool UseNUMAInterleaving                      = false                                     {product} {ergonomic}

Logging:
Log output configuration:
 #0: stdout all=warning uptime,level,tags
 #1: stderr all=off uptime,level,tags

Environment Variables:
PATH=/usr/local/bin:/usr/bin:/bin:/usr/sbin:/sbin:/Applications/VMware Fusion.app/Contents/Public
SHELL=/bin/bash
LC_CTYPE=en_US.UTF-8

Signal Handlers:
SIGSEGV: [libjvm.dylib+0xa7bdc0], sa_mask[0]=11100110000111110111111111111111, sa_flags=SA_ONSTACK|SA_RESTART|SA_SIGINFO
SIGBUS: [libjvm.dylib+0xa7bdc0], sa_mask[0]=11100110000111110111111111111111, sa_flags=SA_RESTART|SA_SIGINFO
SIGFPE: [libjvm.dylib+0xa7bdc0], sa_mask[0]=11100110000111110111111111111111, sa_flags=SA_RESTART|SA_SIGINFO
SIGPIPE: [libjvm.dylib+0x945be0], sa_mask[0]=11100110000111110111111111111111, sa_flags=SA_RESTART|SA_SIGINFO
SIGXFSZ: [libjvm.dylib+0x945be0], sa_mask[0]=11100110000111110111111111111111, sa_flags=SA_RESTART|SA_SIGINFO
SIGILL: [libjvm.dylib+0xa7bdc0], sa_mask[0]=11100110000111110111111111111111, sa_flags=SA_RESTART|SA_SIGINFO
SIGUSR2: [libjvm.dylib+0x946690], sa_mask[0]=00100000000000000000000000000000, sa_flags=SA_RESTART|SA_SIGINFO
SIGHUP: [libjvm.dylib+0x944c50], sa_mask[0]=11100110000111110111111111111111, sa_flags=SA_RESTART|SA_SIGINFO
SIGINT: [libjvm.dylib+0x944c50], sa_mask[0]=11100110000111110111111111111111, sa_flags=SA_RESTART|SA_SIGINFO
SIGTERM: [libjvm.dylib+0x944c50], sa_mask[0]=11100110000111110111111111111111, sa_flags=SA_RESTART|SA_SIGINFO
SIGQUIT: [libjvm.dylib+0x944c50], sa_mask[0]=11100110000111110111111111111111, sa_flags=SA_RESTART|SA_SIGINFO
SIGTRAP: [libjvm.dylib+0xa7bdc0], sa_mask[0]=11100110000111110111111111111111, sa_flags=SA_RESTART|SA_SIGINFO


---------------  S Y S T E M  ---------------

OS:uname: Darwin 21.6.0 Darwin Kernel Version 21.6.0: Thu Sep 29 20:12:57 PDT 2022; root:xnu-8020.240.7~1/RELEASE_X86_64 x86_64
OS uptime: 47 days 6:22 hours
rlimit (soft/hard): STACK 8192k/65532k , CORE 0k/infinity , NPROC 1392/2088 , NOFILE 10240/infinity , AS infinity/infinity , CPU infinity/infinity , DATA infinity/infinity , FSIZE infinity/infinity , MEMLOCK infinity/infinity , RSS infinity/infinity
load average: 3.73 4.72 4.76

CPU: total 4 (initial active 4) (2 cores per cpu, 2 threads per core) family 6 model 61 stepping 4 microcode 0x2f, cx8, cmov, fxsr, ht, mmx, 3dnowpref, sse, sse2, sse3, ssse3, sse4.1, sse4.2, popcnt, lzcnt, tsc, tscinvbit, avx, avx2, aes, erms, clmul, bmi1, bmi2, rtm, adx, fma, vzeroupper, clflush

Memory: 4k page, physical 8388608k(181960k free), swap 4194304k(681472k free)

vm_info: Java HotSpot(TM) 64-Bit Server VM (16.0.2+7-67) for bsd-amd64 JRE (16.0.2+7-67), built on Jun  8 2021 22:22:46 by "mach5one" with clang 4.2.1 Compatible Apple LLVM 11.0.0 (clang-1100.0.33.17)

END.
